/home/graduate2024/miniconda3/lib/python3.12/site-packages/timm/models/layers/__init__.py:48: FutureWarning: Importing from timm.models.layers is deprecated, please import via timm.layers
  warnings.warn(f"Importing from {__name__} is deprecated, please import via timm.layers", FutureWarning)
/home/graduate2024/data/CONCH-main/conch/open_clip_custom/factory.py:18: FutureWarning: You are using `torch.load` with `weights_only=False` (the current default value), which uses the default pickle module implicitly. It is possible to construct malicious pickle data which will execute arbitrary code during unpickling (See https://github.com/pytorch/pytorch/blob/main/SECURITY.md#untrusted-models for more details). In a future release, the default value for `weights_only` will be flipped to `True`. This limits the functions that could be executed during unpickling. Arbitrary objects will no longer be allowed to be loaded via this mode unless they are explicitly allowlisted by the user via `torch.serialization.add_safe_globals`. We recommend you start setting `weights_only=True` for any use case where you don't have full control of the loaded file. Please open an issue on GitHub for any issues related to this experimental feature.
  checkpoint = torch.load(checkpoint_path, map_location=map_location)

  0%|          | 0/138 [00:00<?, ?it/s]

  0%|          | 0/2 [00:00<?, ?it/s][A

 50%|â–ˆâ–ˆâ–ˆâ–ˆâ–ˆ     | 1/2 [00:09<00:09,  9.58s/it][A

100%|â–ˆâ–ˆâ–ˆâ–ˆâ–ˆâ–ˆâ–ˆâ–ˆâ–ˆâ–ˆ| 2/2 [00:11<00:00,  5.11s/it][A
100%|â–ˆâ–ˆâ–ˆâ–ˆâ–ˆâ–ˆâ–ˆâ–ˆâ–ˆâ–ˆ| 2/2 [00:11<00:00,  5.85s/it]

  1%|          | 1/138 [00:11<26:50, 11.76s/it]

  0%|          | 0/2 [00:00<?, ?it/s][A/home/graduate2024/miniconda3/lib/python3.12/site-packages/PIL/TiffImagePlugin.py:900: UserWarning: Truncated File Read
  warnings.warn(str(msg))


 50%|â–ˆâ–ˆâ–ˆâ–ˆâ–ˆ     | 1/2 [00:08<00:08,  8.82s/it][A

100%|â–ˆâ–ˆâ–ˆâ–ˆâ–ˆâ–ˆâ–ˆâ–ˆâ–ˆâ–ˆ| 2/2 [00:13<00:00,  6.44s/it][A
100%|â–ˆâ–ˆâ–ˆâ–ˆâ–ˆâ–ˆâ–ˆâ–ˆâ–ˆâ–ˆ| 2/2 [00:13<00:00,  6.87s/it]

  1%|â–         | 2/138 [00:25<29:18, 12.93s/it]

  0%|          | 0/2 [00:00<?, ?it/s][A

 50%|â–ˆâ–ˆâ–ˆâ–ˆâ–ˆ     | 1/2 [00:07<00:07,  7.99s/it][A

100%|â–ˆâ–ˆâ–ˆâ–ˆâ–ˆâ–ˆâ–ˆâ–ˆâ–ˆâ–ˆ| 2/2 [00:12<00:00,  5.93s/it][A
100%|â–ˆâ–ˆâ–ˆâ–ˆâ–ˆâ–ˆâ–ˆâ–ˆâ–ˆâ–ˆ| 2/2 [00:12<00:00,  6.29s/it]

  2%|â–         | 3/138 [00:38<28:45, 12.78s/it]

  0%|          | 0/2 [00:00<?, ?it/s][A

 50%|â–ˆâ–ˆâ–ˆâ–ˆâ–ˆ     | 1/2 [00:08<00:08,  8.51s/it][A

100%|â–ˆâ–ˆâ–ˆâ–ˆâ–ˆâ–ˆâ–ˆâ–ˆâ–ˆâ–ˆ| 2/2 [00:11<00:00,  5.15s/it][A
100%|â–ˆâ–ˆâ–ˆâ–ˆâ–ˆâ–ˆâ–ˆâ–ˆâ–ˆâ–ˆ| 2/2 [00:11<00:00,  5.72s/it]

  3%|â–Ž         | 4/138 [00:49<27:22, 12.25s/it]

  0%|          | 0/3 [00:00<?, ?it/s][A

 33%|â–ˆâ–ˆâ–ˆâ–Ž      | 1/3 [00:08<00:16,  8.32s/it][A

 67%|â–ˆâ–ˆâ–ˆâ–ˆâ–ˆâ–ˆâ–‹   | 2/3 [00:13<00:06,  6.48s/it][A

100%|â–ˆâ–ˆâ–ˆâ–ˆâ–ˆâ–ˆâ–ˆâ–ˆâ–ˆâ–ˆ| 3/3 [00:13<00:00,  3.74s/it][A
100%|â–ˆâ–ˆâ–ˆâ–ˆâ–ˆâ–ˆâ–ˆâ–ˆâ–ˆâ–ˆ| 3/3 [00:14<00:00,  4.70s/it]

  4%|â–Ž         | 5/138 [01:03<28:39, 12.93s/it]

  0%|          | 0/2 [00:00<?, ?it/s][A/home/graduate2024/miniconda3/lib/python3.12/site-packages/PIL/TiffImagePlugin.py:900: UserWarning: Truncated File Read
  warnings.warn(str(msg))


 50%|â–ˆâ–ˆâ–ˆâ–ˆâ–ˆ     | 1/2 [00:09<00:09,  9.40s/it][A

100%|â–ˆâ–ˆâ–ˆâ–ˆâ–ˆâ–ˆâ–ˆâ–ˆâ–ˆâ–ˆ| 2/2 [00:09<00:00,  4.00s/it][A
100%|â–ˆâ–ˆâ–ˆâ–ˆâ–ˆâ–ˆâ–ˆâ–ˆâ–ˆâ–ˆ| 2/2 [00:09<00:00,  4.88s/it]

  4%|â–         | 6/138 [01:13<26:05, 11.86s/it]

  0%|          | 0/1 [00:00<?, ?it/s][A

100%|â–ˆâ–ˆâ–ˆâ–ˆâ–ˆâ–ˆâ–ˆâ–ˆâ–ˆâ–ˆ| 1/1 [00:06<00:00,  6.22s/it][A
100%|â–ˆâ–ˆâ–ˆâ–ˆâ–ˆâ–ˆâ–ˆâ–ˆâ–ˆâ–ˆ| 1/1 [00:06<00:00,  6.35s/it]

  5%|â–Œ         | 7/138 [01:19<21:58, 10.06s/it]

  0%|          | 0/2 [00:00<?, ?it/s][A

 50%|â–ˆâ–ˆâ–ˆâ–ˆâ–ˆ     | 1/2 [00:08<00:08,  8.37s/it][A
100%|â–ˆâ–ˆâ–ˆâ–ˆâ–ˆâ–ˆâ–ˆâ–ˆâ–ˆâ–ˆ| 2/2 [00:08<00:00,  4.28s/it]

  6%|â–Œ         | 8/138 [01:28<20:46,  9.59s/it]

  0%|          | 0/2 [00:00<?, ?it/s][A

 50%|â–ˆâ–ˆâ–ˆâ–ˆâ–ˆ     | 1/2 [00:08<00:08,  8.92s/it][A

100%|â–ˆâ–ˆâ–ˆâ–ˆâ–ˆâ–ˆâ–ˆâ–ˆâ–ˆâ–ˆ| 2/2 [00:11<00:00,  5.27s/it][A
100%|â–ˆâ–ˆâ–ˆâ–ˆâ–ˆâ–ˆâ–ˆâ–ˆâ–ˆâ–ˆ| 2/2 [00:11<00:00,  5.89s/it]

  7%|â–‹         | 9/138 [01:40<22:05, 10.28s/it]

  0%|          | 0/3 [00:00<?, ?it/s][A/home/graduate2024/miniconda3/lib/python3.12/site-packages/PIL/TiffImagePlugin.py:900: UserWarning: Truncated File Read
  warnings.warn(str(msg))
/home/graduate2024/miniconda3/lib/python3.12/site-packages/PIL/TiffImagePlugin.py:900: UserWarning: Corrupt EXIF data.  Expecting to read 12 bytes but only got 10. 
  warnings.warn(str(msg))


 33%|â–ˆâ–ˆâ–ˆâ–Ž      | 1/3 [00:09<00:18,  9.18s/it][A

 67%|â–ˆâ–ˆâ–ˆâ–ˆâ–ˆâ–ˆâ–‹   | 2/3 [00:14<00:06,  6.62s/it][A

100%|â–ˆâ–ˆâ–ˆâ–ˆâ–ˆâ–ˆâ–ˆâ–ˆâ–ˆâ–ˆ| 3/3 [00:19<00:00,  5.93s/it][A
100%|â–ˆâ–ˆâ–ˆâ–ˆâ–ˆâ–ˆâ–ˆâ–ˆâ–ˆâ–ˆ| 3/3 [00:19<00:00,  6.41s/it]

  7%|â–‹         | 10/138 [01:59<27:50, 13.05s/it]

  0%|          | 0/2 [00:00<?, ?it/s][A

 50%|â–ˆâ–ˆâ–ˆâ–ˆâ–ˆ     | 1/2 [00:07<00:07,  7.84s/it][A

100%|â–ˆâ–ˆâ–ˆâ–ˆâ–ˆâ–ˆâ–ˆâ–ˆâ–ˆâ–ˆ| 2/2 [00:07<00:00,  3.29s/it][A
100%|â–ˆâ–ˆâ–ˆâ–ˆâ–ˆâ–ˆâ–ˆâ–ˆâ–ˆâ–ˆ| 2/2 [00:08<00:00,  4.03s/it]

  8%|â–Š         | 11/138 [02:07<24:24, 11.53s/it]

  0%|          | 0/2 [00:00<?, ?it/s][A

 50%|â–ˆâ–ˆâ–ˆâ–ˆâ–ˆ     | 1/2 [00:08<00:08,  8.50s/it][A

100%|â–ˆâ–ˆâ–ˆâ–ˆâ–ˆâ–ˆâ–ˆâ–ˆâ–ˆâ–ˆ| 2/2 [00:14<00:00,  7.14s/it][A
100%|â–ˆâ–ˆâ–ˆâ–ˆâ–ˆâ–ˆâ–ˆâ–ˆâ–ˆâ–ˆ| 2/2 [00:14<00:00,  7.41s/it]

  9%|â–Š         | 12/138 [02:22<26:19, 12.53s/it]

  0%|          | 0/1 [00:00<?, ?it/s][A

100%|â–ˆâ–ˆâ–ˆâ–ˆâ–ˆâ–ˆâ–ˆâ–ˆâ–ˆâ–ˆ| 1/1 [00:03<00:00,  3.71s/it][A
100%|â–ˆâ–ˆâ–ˆâ–ˆâ–ˆâ–ˆâ–ˆâ–ˆâ–ˆâ–ˆ| 1/1 [00:03<00:00,  3.82s/it]

  9%|â–‰         | 13/138 [02:26<20:37,  9.90s/it]

  0%|          | 0/1 [00:00<?, ?it/s][A

100%|â–ˆâ–ˆâ–ˆâ–ˆâ–ˆâ–ˆâ–ˆâ–ˆâ–ˆâ–ˆ| 1/1 [00:11<00:00, 11.12s/it][A
100%|â–ˆâ–ˆâ–ˆâ–ˆâ–ˆâ–ˆâ–ˆâ–ˆâ–ˆâ–ˆ| 1/1 [00:11<00:00, 11.26s/it]

 10%|â–ˆ         | 14/138 [02:37<21:18, 10.31s/it]

  0%|          | 0/2 [00:00<?, ?it/s][A

 50%|â–ˆâ–ˆâ–ˆâ–ˆâ–ˆ     | 1/2 [00:09<00:09,  9.10s/it][A

100%|â–ˆâ–ˆâ–ˆâ–ˆâ–ˆâ–ˆâ–ˆâ–ˆâ–ˆâ–ˆ| 2/2 [00:15<00:00,  7.37s/it][A
100%|â–ˆâ–ˆâ–ˆâ–ˆâ–ˆâ–ˆâ–ˆâ–ˆâ–ˆâ–ˆ| 2/2 [00:15<00:00,  7.69s/it]

 11%|â–ˆ         | 15/138 [02:52<24:17, 11.85s/it]

  0%|          | 0/1 [00:00<?, ?it/s][A

100%|â–ˆâ–ˆâ–ˆâ–ˆâ–ˆâ–ˆâ–ˆâ–ˆâ–ˆâ–ˆ| 1/1 [00:00<00:00,  1.10it/s][A
100%|â–ˆâ–ˆâ–ˆâ–ˆâ–ˆâ–ˆâ–ˆâ–ˆâ–ˆâ–ˆ| 1/1 [00:00<00:00,  1.06it/s]

 12%|â–ˆâ–        | 16/138 [02:53<17:25,  8.57s/it]

  0%|          | 0/3 [00:00<?, ?it/s][A

 33%|â–ˆâ–ˆâ–ˆâ–Ž      | 1/3 [00:08<00:17,  8.78s/it][A

 67%|â–ˆâ–ˆâ–ˆâ–ˆâ–ˆâ–ˆâ–‹   | 2/3 [00:13<00:06,  6.41s/it][A

100%|â–ˆâ–ˆâ–ˆâ–ˆâ–ˆâ–ˆâ–ˆâ–ˆâ–ˆâ–ˆ| 3/3 [00:15<00:00,  4.51s/it][A
100%|â–ˆâ–ˆâ–ˆâ–ˆâ–ˆâ–ˆâ–ˆâ–ˆâ–ˆâ–ˆ| 3/3 [00:15<00:00,  5.30s/it]

 12%|â–ˆâ–        | 17/138 [03:09<21:44, 10.78s/it]

  0%|          | 0/1 [00:00<?, ?it/s][A

100%|â–ˆâ–ˆâ–ˆâ–ˆâ–ˆâ–ˆâ–ˆâ–ˆâ–ˆâ–ˆ| 1/1 [00:07<00:00,  7.79s/it][A
100%|â–ˆâ–ˆâ–ˆâ–ˆâ–ˆâ–ˆâ–ˆâ–ˆâ–ˆâ–ˆ| 1/1 [00:07<00:00,  7.89s/it]

 13%|â–ˆâ–Ž        | 18/138 [03:17<19:49,  9.91s/it]

  0%|          | 0/1 [00:00<?, ?it/s][A

100%|â–ˆâ–ˆâ–ˆâ–ˆâ–ˆâ–ˆâ–ˆâ–ˆâ–ˆâ–ˆ| 1/1 [00:06<00:00,  6.14s/it][A
100%|â–ˆâ–ˆâ–ˆâ–ˆâ–ˆâ–ˆâ–ˆâ–ˆâ–ˆâ–ˆ| 1/1 [00:06<00:00,  6.24s/it]

 14%|â–ˆâ–        | 19/138 [03:23<17:28,  8.81s/it]

  0%|          | 0/1 [00:00<?, ?it/s][A

100%|â–ˆâ–ˆâ–ˆâ–ˆâ–ˆâ–ˆâ–ˆâ–ˆâ–ˆâ–ˆ| 1/1 [00:06<00:00,  6.86s/it][A
100%|â–ˆâ–ˆâ–ˆâ–ˆâ–ˆâ–ˆâ–ˆâ–ˆâ–ˆâ–ˆ| 1/1 [00:06<00:00,  7.00s/it]

 14%|â–ˆâ–        | 20/138 [03:30<16:16,  8.27s/it]

  0%|          | 0/1 [00:00<?, ?it/s][A

100%|â–ˆâ–ˆâ–ˆâ–ˆâ–ˆâ–ˆâ–ˆâ–ˆâ–ˆâ–ˆ| 1/1 [00:03<00:00,  3.02s/it][A
100%|â–ˆâ–ˆâ–ˆâ–ˆâ–ˆâ–ˆâ–ˆâ–ˆâ–ˆâ–ˆ| 1/1 [00:03<00:00,  3.08s/it]

 15%|â–ˆâ–Œ        | 21/138 [03:33<13:05,  6.72s/it]

  0%|          | 0/2 [00:00<?, ?it/s][A

 50%|â–ˆâ–ˆâ–ˆâ–ˆâ–ˆ     | 1/2 [00:09<00:09,  9.16s/it][A

100%|â–ˆâ–ˆâ–ˆâ–ˆâ–ˆâ–ˆâ–ˆâ–ˆâ–ˆâ–ˆ| 2/2 [00:10<00:00,  4.72s/it][A
100%|â–ˆâ–ˆâ–ˆâ–ˆâ–ˆâ–ˆâ–ˆâ–ˆâ–ˆâ–ˆ| 2/2 [00:10<00:00,  5.44s/it]

 16%|â–ˆâ–Œ        | 22/138 [03:44<15:24,  7.97s/it]

  0%|          | 0/1 [00:00<?, ?it/s][A

100%|â–ˆâ–ˆâ–ˆâ–ˆâ–ˆâ–ˆâ–ˆâ–ˆâ–ˆâ–ˆ| 1/1 [00:07<00:00,  7.80s/it][A
100%|â–ˆâ–ˆâ–ˆâ–ˆâ–ˆâ–ˆâ–ˆâ–ˆâ–ˆâ–ˆ| 1/1 [00:07<00:00,  7.90s/it]

 17%|â–ˆâ–‹        | 23/138 [03:52<15:14,  7.96s/it]

  0%|          | 0/2 [00:00<?, ?it/s][A

 50%|â–ˆâ–ˆâ–ˆâ–ˆâ–ˆ     | 1/2 [00:09<00:09,  9.18s/it][A

100%|â–ˆâ–ˆâ–ˆâ–ˆâ–ˆâ–ˆâ–ˆâ–ˆâ–ˆâ–ˆ| 2/2 [00:12<00:00,  5.54s/it][A
100%|â–ˆâ–ˆâ–ˆâ–ˆâ–ˆâ–ˆâ–ˆâ–ˆâ–ˆâ–ˆ| 2/2 [00:12<00:00,  6.16s/it]

 17%|â–ˆâ–‹        | 24/138 [04:05<17:36,  9.27s/it]

  0%|          | 0/1 [00:00<?, ?it/s][A

100%|â–ˆâ–ˆâ–ˆâ–ˆâ–ˆâ–ˆâ–ˆâ–ˆâ–ˆâ–ˆ| 1/1 [00:06<00:00,  6.91s/it][A
100%|â–ˆâ–ˆâ–ˆâ–ˆâ–ˆâ–ˆâ–ˆâ–ˆâ–ˆâ–ˆ| 1/1 [00:07<00:00,  7.00s/it]

 18%|â–ˆâ–Š        | 25/138 [04:12<16:11,  8.59s/it]

  0%|          | 0/1 [00:00<?, ?it/s][A

100%|â–ˆâ–ˆâ–ˆâ–ˆâ–ˆâ–ˆâ–ˆâ–ˆâ–ˆâ–ˆ| 1/1 [00:07<00:00,  7.02s/it][A
100%|â–ˆâ–ˆâ–ˆâ–ˆâ–ˆâ–ˆâ–ˆâ–ˆâ–ˆâ–ˆ| 1/1 [00:07<00:00,  7.15s/it]

 19%|â–ˆâ–‰        | 26/138 [04:19<15:14,  8.16s/it]

  0%|          | 0/1 [00:00<?, ?it/s][A

100%|â–ˆâ–ˆâ–ˆâ–ˆâ–ˆâ–ˆâ–ˆâ–ˆâ–ˆâ–ˆ| 1/1 [00:04<00:00,  4.54s/it][A
100%|â–ˆâ–ˆâ–ˆâ–ˆâ–ˆâ–ˆâ–ˆâ–ˆâ–ˆâ–ˆ| 1/1 [00:04<00:00,  4.65s/it]

 20%|â–ˆâ–‰        | 27/138 [04:23<13:09,  7.11s/it]

  0%|          | 0/1 [00:00<?, ?it/s][A

100%|â–ˆâ–ˆâ–ˆâ–ˆâ–ˆâ–ˆâ–ˆâ–ˆâ–ˆâ–ˆ| 1/1 [00:04<00:00,  4.69s/it][A
100%|â–ˆâ–ˆâ–ˆâ–ˆâ–ˆâ–ˆâ–ˆâ–ˆâ–ˆâ–ˆ| 1/1 [00:04<00:00,  4.78s/it]

 20%|â–ˆâ–ˆ        | 28/138 [04:28<11:46,  6.42s/it]

  0%|          | 0/3 [00:00<?, ?it/s][A

 33%|â–ˆâ–ˆâ–ˆâ–Ž      | 1/3 [00:08<00:17,  8.78s/it][A

 67%|â–ˆâ–ˆâ–ˆâ–ˆâ–ˆâ–ˆâ–‹   | 2/3 [00:13<00:06,  6.41s/it][A

100%|â–ˆâ–ˆâ–ˆâ–ˆâ–ˆâ–ˆâ–ˆâ–ˆâ–ˆâ–ˆ| 3/3 [00:13<00:00,  3.62s/it][A
100%|â–ˆâ–ˆâ–ˆâ–ˆâ–ˆâ–ˆâ–ˆâ–ˆâ–ˆâ–ˆ| 3/3 [00:13<00:00,  4.65s/it]

 21%|â–ˆâ–ˆ        | 29/138 [04:42<15:46,  8.68s/it]

  0%|          | 0/1 [00:00<?, ?it/s][A

100%|â–ˆâ–ˆâ–ˆâ–ˆâ–ˆâ–ˆâ–ˆâ–ˆâ–ˆâ–ˆ| 1/1 [00:10<00:00, 10.60s/it][A
100%|â–ˆâ–ˆâ–ˆâ–ˆâ–ˆâ–ˆâ–ˆâ–ˆâ–ˆâ–ˆ| 1/1 [00:10<00:00, 10.71s/it]

 22%|â–ˆâ–ˆâ–       | 30/138 [04:53<16:43,  9.30s/it]

  0%|          | 0/2 [00:00<?, ?it/s][A

 50%|â–ˆâ–ˆâ–ˆâ–ˆâ–ˆ     | 1/2 [00:08<00:08,  8.49s/it][A

100%|â–ˆâ–ˆâ–ˆâ–ˆâ–ˆâ–ˆâ–ˆâ–ˆâ–ˆâ–ˆ| 2/2 [00:10<00:00,  4.67s/it][A
100%|â–ˆâ–ˆâ–ˆâ–ˆâ–ˆâ–ˆâ–ˆâ–ˆâ–ˆâ–ˆ| 2/2 [00:10<00:00,  5.31s/it]

 22%|â–ˆâ–ˆâ–       | 31/138 [05:04<17:17,  9.70s/it]

  0%|          | 0/1 [00:00<?, ?it/s][A

100%|â–ˆâ–ˆâ–ˆâ–ˆâ–ˆâ–ˆâ–ˆâ–ˆâ–ˆâ–ˆ| 1/1 [00:10<00:00, 10.67s/it][A
100%|â–ˆâ–ˆâ–ˆâ–ˆâ–ˆâ–ˆâ–ˆâ–ˆâ–ˆâ–ˆ| 1/1 [00:10<00:00, 10.79s/it]

 23%|â–ˆâ–ˆâ–Ž       | 32/138 [05:14<17:43, 10.03s/it]

  0%|          | 0/1 [00:00<?, ?it/s][A

100%|â–ˆâ–ˆâ–ˆâ–ˆâ–ˆâ–ˆâ–ˆâ–ˆâ–ˆâ–ˆ| 1/1 [00:07<00:00,  7.72s/it][A
100%|â–ˆâ–ˆâ–ˆâ–ˆâ–ˆâ–ˆâ–ˆâ–ˆâ–ˆâ–ˆ| 1/1 [00:07<00:00,  7.83s/it]

 24%|â–ˆâ–ˆâ–       | 33/138 [05:22<16:24,  9.37s/it]

  0%|          | 0/2 [00:00<?, ?it/s][A

 50%|â–ˆâ–ˆâ–ˆâ–ˆâ–ˆ     | 1/2 [00:08<00:08,  8.44s/it][A
100%|â–ˆâ–ˆâ–ˆâ–ˆâ–ˆâ–ˆâ–ˆâ–ˆâ–ˆâ–ˆ| 2/2 [00:08<00:00,  4.29s/it]

 25%|â–ˆâ–ˆâ–       | 34/138 [05:31<15:50,  9.14s/it]

  0%|          | 0/1 [00:00<?, ?it/s][A

100%|â–ˆâ–ˆâ–ˆâ–ˆâ–ˆâ–ˆâ–ˆâ–ˆâ–ˆâ–ˆ| 1/1 [00:07<00:00,  7.50s/it][A
100%|â–ˆâ–ˆâ–ˆâ–ˆâ–ˆâ–ˆâ–ˆâ–ˆâ–ˆâ–ˆ| 1/1 [00:07<00:00,  7.60s/it]

 25%|â–ˆâ–ˆâ–Œ       | 35/138 [05:38<14:54,  8.68s/it]

  0%|          | 0/1 [00:00<?, ?it/s][A

100%|â–ˆâ–ˆâ–ˆâ–ˆâ–ˆâ–ˆâ–ˆâ–ˆâ–ˆâ–ˆ| 1/1 [00:02<00:00,  2.02s/it][A
100%|â–ˆâ–ˆâ–ˆâ–ˆâ–ˆâ–ˆâ–ˆâ–ˆâ–ˆâ–ˆ| 1/1 [00:02<00:00,  2.08s/it]

 26%|â–ˆâ–ˆâ–Œ       | 36/138 [05:41<11:23,  6.70s/it]

  0%|          | 0/2 [00:00<?, ?it/s][A

 50%|â–ˆâ–ˆâ–ˆâ–ˆâ–ˆ     | 1/2 [00:08<00:08,  8.81s/it][A

100%|â–ˆâ–ˆâ–ˆâ–ˆâ–ˆâ–ˆâ–ˆâ–ˆâ–ˆâ–ˆ| 2/2 [00:12<00:00,  5.99s/it][A
100%|â–ˆâ–ˆâ–ˆâ–ˆâ–ˆâ–ˆâ–ˆâ–ˆâ–ˆâ–ˆ| 2/2 [00:12<00:00,  6.47s/it]

 27%|â–ˆâ–ˆâ–‹       | 37/138 [05:54<14:26,  8.58s/it]

  0%|          | 0/1 [00:00<?, ?it/s][A

100%|â–ˆâ–ˆâ–ˆâ–ˆâ–ˆâ–ˆâ–ˆâ–ˆâ–ˆâ–ˆ| 1/1 [00:09<00:00,  9.58s/it][A
100%|â–ˆâ–ˆâ–ˆâ–ˆâ–ˆâ–ˆâ–ˆâ–ˆâ–ˆâ–ˆ| 1/1 [00:09<00:00,  9.71s/it]

 28%|â–ˆâ–ˆâ–Š       | 38/138 [06:03<14:52,  8.92s/it]

  0%|          | 0/1 [00:00<?, ?it/s][A

100%|â–ˆâ–ˆâ–ˆâ–ˆâ–ˆâ–ˆâ–ˆâ–ˆâ–ˆâ–ˆ| 1/1 [00:06<00:00,  6.40s/it][A
100%|â–ˆâ–ˆâ–ˆâ–ˆâ–ˆâ–ˆâ–ˆâ–ˆâ–ˆâ–ˆ| 1/1 [00:06<00:00,  6.48s/it]

 28%|â–ˆâ–ˆâ–Š       | 39/138 [06:10<13:30,  8.19s/it]

  0%|          | 0/1 [00:00<?, ?it/s][A

100%|â–ˆâ–ˆâ–ˆâ–ˆâ–ˆâ–ˆâ–ˆâ–ˆâ–ˆâ–ˆ| 1/1 [00:02<00:00,  2.66s/it][A
100%|â–ˆâ–ˆâ–ˆâ–ˆâ–ˆâ–ˆâ–ˆâ–ˆâ–ˆâ–ˆ| 1/1 [00:02<00:00,  2.70s/it]

 29%|â–ˆâ–ˆâ–‰       | 40/138 [06:12<10:41,  6.55s/it]

  0%|          | 0/2 [00:00<?, ?it/s][A

 50%|â–ˆâ–ˆâ–ˆâ–ˆâ–ˆ     | 1/2 [00:08<00:08,  8.21s/it][A

100%|â–ˆâ–ˆâ–ˆâ–ˆâ–ˆâ–ˆâ–ˆâ–ˆâ–ˆâ–ˆ| 2/2 [00:10<00:00,  4.78s/it][A
100%|â–ˆâ–ˆâ–ˆâ–ˆâ–ˆâ–ˆâ–ˆâ–ˆâ–ˆâ–ˆ| 2/2 [00:10<00:00,  5.35s/it]

 30%|â–ˆâ–ˆâ–‰       | 41/138 [06:23<12:36,  7.80s/it]

  0%|          | 0/1 [00:00<?, ?it/s][A

100%|â–ˆâ–ˆâ–ˆâ–ˆâ–ˆâ–ˆâ–ˆâ–ˆâ–ˆâ–ˆ| 1/1 [00:09<00:00,  9.83s/it][A
100%|â–ˆâ–ˆâ–ˆâ–ˆâ–ˆâ–ˆâ–ˆâ–ˆâ–ˆâ–ˆ| 1/1 [00:09<00:00,  9.93s/it]

 30%|â–ˆâ–ˆâ–ˆ       | 42/138 [06:33<13:30,  8.44s/it]

  0%|          | 0/1 [00:00<?, ?it/s][A

100%|â–ˆâ–ˆâ–ˆâ–ˆâ–ˆâ–ˆâ–ˆâ–ˆâ–ˆâ–ˆ| 1/1 [00:07<00:00,  7.20s/it][A
100%|â–ˆâ–ˆâ–ˆâ–ˆâ–ˆâ–ˆâ–ˆâ–ˆâ–ˆâ–ˆ| 1/1 [00:07<00:00,  7.35s/it]

 31%|â–ˆâ–ˆâ–ˆ       | 43/138 [06:40<12:51,  8.12s/it]

  0%|          | 0/2 [00:00<?, ?it/s][A

 50%|â–ˆâ–ˆâ–ˆâ–ˆâ–ˆ     | 1/2 [00:09<00:09,  9.05s/it][A
100%|â–ˆâ–ˆâ–ˆâ–ˆâ–ˆâ–ˆâ–ˆâ–ˆâ–ˆâ–ˆ| 2/2 [00:09<00:00,  4.64s/it]

 32%|â–ˆâ–ˆâ–ˆâ–      | 44/138 [06:50<13:16,  8.47s/it]

  0%|          | 0/2 [00:00<?, ?it/s][A

 50%|â–ˆâ–ˆâ–ˆâ–ˆâ–ˆ     | 1/2 [00:08<00:08,  9.00s/it][A

100%|â–ˆâ–ˆâ–ˆâ–ˆâ–ˆâ–ˆâ–ˆâ–ˆâ–ˆâ–ˆ| 2/2 [00:09<00:00,  4.28s/it][A
100%|â–ˆâ–ˆâ–ˆâ–ˆâ–ˆâ–ˆâ–ˆâ–ˆâ–ˆâ–ˆ| 2/2 [00:10<00:00,  5.04s/it]

 33%|â–ˆâ–ˆâ–ˆâ–Ž      | 45/138 [07:00<13:52,  8.95s/it]

  0%|          | 0/1 [00:00<?, ?it/s][A

100%|â–ˆâ–ˆâ–ˆâ–ˆâ–ˆâ–ˆâ–ˆâ–ˆâ–ˆâ–ˆ| 1/1 [00:11<00:00, 11.29s/it][A
100%|â–ˆâ–ˆâ–ˆâ–ˆâ–ˆâ–ˆâ–ˆâ–ˆâ–ˆâ–ˆ| 1/1 [00:11<00:00, 11.43s/it]

 33%|â–ˆâ–ˆâ–ˆâ–Ž      | 46/138 [07:11<14:52,  9.70s/it]

  0%|          | 0/1 [00:00<?, ?it/s][A

100%|â–ˆâ–ˆâ–ˆâ–ˆâ–ˆâ–ˆâ–ˆâ–ˆâ–ˆâ–ˆ| 1/1 [00:02<00:00,  2.92s/it][A
100%|â–ˆâ–ˆâ–ˆâ–ˆâ–ˆâ–ˆâ–ˆâ–ˆâ–ˆâ–ˆ| 1/1 [00:02<00:00,  3.00s/it]

 34%|â–ˆâ–ˆâ–ˆâ–      | 47/138 [07:14<11:39,  7.69s/it]

  0%|          | 0/1 [00:00<?, ?it/s][A

100%|â–ˆâ–ˆâ–ˆâ–ˆâ–ˆâ–ˆâ–ˆâ–ˆâ–ˆâ–ˆ| 1/1 [00:06<00:00,  6.91s/it][A
100%|â–ˆâ–ˆâ–ˆâ–ˆâ–ˆâ–ˆâ–ˆâ–ˆâ–ˆâ–ˆ| 1/1 [00:07<00:00,  7.02s/it]

 35%|â–ˆâ–ˆâ–ˆâ–      | 48/138 [07:21<11:14,  7.49s/it]

  0%|          | 0/1 [00:00<?, ?it/s][A

100%|â–ˆâ–ˆâ–ˆâ–ˆâ–ˆâ–ˆâ–ˆâ–ˆâ–ˆâ–ˆ| 1/1 [00:06<00:00,  6.56s/it][A
100%|â–ˆâ–ˆâ–ˆâ–ˆâ–ˆâ–ˆâ–ˆâ–ˆâ–ˆâ–ˆ| 1/1 [00:06<00:00,  6.66s/it]

 36%|â–ˆâ–ˆâ–ˆâ–Œ      | 49/138 [07:28<10:45,  7.25s/it]

  0%|          | 0/3 [00:00<?, ?it/s][A

 33%|â–ˆâ–ˆâ–ˆâ–Ž      | 1/3 [00:08<00:17,  8.68s/it][A

 67%|â–ˆâ–ˆâ–ˆâ–ˆâ–ˆâ–ˆâ–‹   | 2/3 [00:13<00:06,  6.37s/it][A

100%|â–ˆâ–ˆâ–ˆâ–ˆâ–ˆâ–ˆâ–ˆâ–ˆâ–ˆâ–ˆ| 3/3 [00:15<00:00,  4.41s/it][A
100%|â–ˆâ–ˆâ–ˆâ–ˆâ–ˆâ–ˆâ–ˆâ–ˆâ–ˆâ–ˆ| 3/3 [00:15<00:00,  5.22s/it]

 36%|â–ˆâ–ˆâ–ˆâ–Œ      | 50/138 [07:44<14:20,  9.77s/it]

  0%|          | 0/2 [00:00<?, ?it/s][A

 50%|â–ˆâ–ˆâ–ˆâ–ˆâ–ˆ     | 1/2 [00:08<00:08,  8.70s/it][A

100%|â–ˆâ–ˆâ–ˆâ–ˆâ–ˆâ–ˆâ–ˆâ–ˆâ–ˆâ–ˆ| 2/2 [00:12<00:00,  5.73s/it][A
100%|â–ˆâ–ˆâ–ˆâ–ˆâ–ˆâ–ˆâ–ˆâ–ˆâ–ˆâ–ˆ| 2/2 [00:12<00:00,  6.24s/it]

 37%|â–ˆâ–ˆâ–ˆâ–‹      | 51/138 [07:56<15:21, 10.59s/it]

  0%|          | 0/2 [00:00<?, ?it/s][A

 50%|â–ˆâ–ˆâ–ˆâ–ˆâ–ˆ     | 1/2 [00:08<00:08,  8.31s/it][A

100%|â–ˆâ–ˆâ–ˆâ–ˆâ–ˆâ–ˆâ–ˆâ–ˆâ–ˆâ–ˆ| 2/2 [00:08<00:00,  3.55s/it][A
100%|â–ˆâ–ˆâ–ˆâ–ˆâ–ˆâ–ˆâ–ˆâ–ˆâ–ˆâ–ˆ| 2/2 [00:08<00:00,  4.32s/it]

 38%|â–ˆâ–ˆâ–ˆâ–Š      | 52/138 [08:05<14:20, 10.01s/it]

  0%|          | 0/2 [00:00<?, ?it/s][A

 50%|â–ˆâ–ˆâ–ˆâ–ˆâ–ˆ     | 1/2 [00:08<00:08,  8.12s/it][A

100%|â–ˆâ–ˆâ–ˆâ–ˆâ–ˆâ–ˆâ–ˆâ–ˆâ–ˆâ–ˆ| 2/2 [00:10<00:00,  4.61s/it][A
100%|â–ˆâ–ˆâ–ˆâ–ˆâ–ˆâ–ˆâ–ˆâ–ˆâ–ˆâ–ˆ| 2/2 [00:10<00:00,  5.19s/it]

 38%|â–ˆâ–ˆâ–ˆâ–Š      | 53/138 [08:15<14:20, 10.13s/it]

  0%|          | 0/1 [00:00<?, ?it/s][A

100%|â–ˆâ–ˆâ–ˆâ–ˆâ–ˆâ–ˆâ–ˆâ–ˆâ–ˆâ–ˆ| 1/1 [00:05<00:00,  5.59s/it][A
100%|â–ˆâ–ˆâ–ˆâ–ˆâ–ˆâ–ˆâ–ˆâ–ˆâ–ˆâ–ˆ| 1/1 [00:05<00:00,  5.66s/it]

 39%|â–ˆâ–ˆâ–ˆâ–‰      | 54/138 [08:21<12:18,  8.79s/it]

  0%|          | 0/2 [00:00<?, ?it/s][A

 50%|â–ˆâ–ˆâ–ˆâ–ˆâ–ˆ     | 1/2 [00:08<00:08,  8.19s/it][A
100%|â–ˆâ–ˆâ–ˆâ–ˆâ–ˆâ–ˆâ–ˆâ–ˆâ–ˆâ–ˆ| 2/2 [00:08<00:00,  4.19s/it]

 40%|â–ˆâ–ˆâ–ˆâ–‰      | 55/138 [08:29<11:59,  8.67s/it]

  0%|          | 0/2 [00:00<?, ?it/s][A

 50%|â–ˆâ–ˆâ–ˆâ–ˆâ–ˆ     | 1/2 [00:08<00:08,  8.40s/it][A

100%|â–ˆâ–ˆâ–ˆâ–ˆâ–ˆâ–ˆâ–ˆâ–ˆâ–ˆâ–ˆ| 2/2 [00:08<00:00,  3.62s/it][A
100%|â–ˆâ–ˆâ–ˆâ–ˆâ–ˆâ–ˆâ–ˆâ–ˆâ–ˆâ–ˆ| 2/2 [00:08<00:00,  4.41s/it]

 41%|â–ˆâ–ˆâ–ˆâ–ˆ      | 56/138 [08:38<11:55,  8.72s/it]

  0%|          | 0/1 [00:00<?, ?it/s][A

100%|â–ˆâ–ˆâ–ˆâ–ˆâ–ˆâ–ˆâ–ˆâ–ˆâ–ˆâ–ˆ| 1/1 [00:07<00:00,  7.47s/it][A
100%|â–ˆâ–ˆâ–ˆâ–ˆâ–ˆâ–ˆâ–ˆâ–ˆâ–ˆâ–ˆ| 1/1 [00:07<00:00,  7.60s/it]

 41%|â–ˆâ–ˆâ–ˆâ–ˆâ–     | 57/138 [08:46<11:19,  8.39s/it]

  0%|          | 0/3 [00:00<?, ?it/s][A

 33%|â–ˆâ–ˆâ–ˆâ–Ž      | 1/3 [00:09<00:18,  9.03s/it][A

 67%|â–ˆâ–ˆâ–ˆâ–ˆâ–ˆâ–ˆâ–‹   | 2/3 [00:13<00:06,  6.51s/it][A

100%|â–ˆâ–ˆâ–ˆâ–ˆâ–ˆâ–ˆâ–ˆâ–ˆâ–ˆâ–ˆ| 3/3 [00:18<00:00,  5.75s/it][A
100%|â–ˆâ–ˆâ–ˆâ–ˆâ–ˆâ–ˆâ–ˆâ–ˆâ–ˆâ–ˆ| 3/3 [00:18<00:00,  6.25s/it]

 42%|â–ˆâ–ˆâ–ˆâ–ˆâ–     | 58/138 [09:04<15:20, 11.50s/it]

  0%|          | 0/1 [00:00<?, ?it/s][A

100%|â–ˆâ–ˆâ–ˆâ–ˆâ–ˆâ–ˆâ–ˆâ–ˆâ–ˆâ–ˆ| 1/1 [00:07<00:00,  7.15s/it][A
100%|â–ˆâ–ˆâ–ˆâ–ˆâ–ˆâ–ˆâ–ˆâ–ˆâ–ˆâ–ˆ| 1/1 [00:07<00:00,  7.26s/it]

 43%|â–ˆâ–ˆâ–ˆâ–ˆâ–Ž     | 59/138 [09:12<13:28, 10.23s/it]

  0%|          | 0/2 [00:00<?, ?it/s][A

 50%|â–ˆâ–ˆâ–ˆâ–ˆâ–ˆ     | 1/2 [00:09<00:09,  9.06s/it][A

100%|â–ˆâ–ˆâ–ˆâ–ˆâ–ˆâ–ˆâ–ˆâ–ˆâ–ˆâ–ˆ| 2/2 [00:13<00:00,  6.48s/it][A
100%|â–ˆâ–ˆâ–ˆâ–ˆâ–ˆâ–ˆâ–ˆâ–ˆâ–ˆâ–ˆ| 2/2 [00:13<00:00,  6.94s/it]

 43%|â–ˆâ–ˆâ–ˆâ–ˆâ–Ž     | 60/138 [09:26<14:43, 11.33s/it]

  0%|          | 0/1 [00:00<?, ?it/s][A

100%|â–ˆâ–ˆâ–ˆâ–ˆâ–ˆâ–ˆâ–ˆâ–ˆâ–ˆâ–ˆ| 1/1 [00:05<00:00,  5.06s/it][A
100%|â–ˆâ–ˆâ–ˆâ–ˆâ–ˆâ–ˆâ–ˆâ–ˆâ–ˆâ–ˆ| 1/1 [00:05<00:00,  5.14s/it]

 44%|â–ˆâ–ˆâ–ˆâ–ˆâ–     | 61/138 [09:31<12:09,  9.48s/it]

  0%|          | 0/1 [00:00<?, ?it/s][A

100%|â–ˆâ–ˆâ–ˆâ–ˆâ–ˆâ–ˆâ–ˆâ–ˆâ–ˆâ–ˆ| 1/1 [00:07<00:00,  7.20s/it][A
100%|â–ˆâ–ˆâ–ˆâ–ˆâ–ˆâ–ˆâ–ˆâ–ˆâ–ˆâ–ˆ| 1/1 [00:07<00:00,  7.29s/it]

 45%|â–ˆâ–ˆâ–ˆâ–ˆâ–     | 62/138 [09:38<11:10,  8.83s/it]

  0%|          | 0/1 [00:00<?, ?it/s][A

100%|â–ˆâ–ˆâ–ˆâ–ˆâ–ˆâ–ˆâ–ˆâ–ˆâ–ˆâ–ˆ| 1/1 [00:07<00:00,  7.92s/it][A
100%|â–ˆâ–ˆâ–ˆâ–ˆâ–ˆâ–ˆâ–ˆâ–ˆâ–ˆâ–ˆ| 1/1 [00:08<00:00,  8.07s/it]

 46%|â–ˆâ–ˆâ–ˆâ–ˆâ–Œ     | 63/138 [09:46<10:45,  8.60s/it]

  0%|          | 0/2 [00:00<?, ?it/s][A

 50%|â–ˆâ–ˆâ–ˆâ–ˆâ–ˆ     | 1/2 [00:08<00:08,  8.23s/it][A

100%|â–ˆâ–ˆâ–ˆâ–ˆâ–ˆâ–ˆâ–ˆâ–ˆâ–ˆâ–ˆ| 2/2 [00:10<00:00,  4.96s/it][A
100%|â–ˆâ–ˆâ–ˆâ–ˆâ–ˆâ–ˆâ–ˆâ–ˆâ–ˆâ–ˆ| 2/2 [00:11<00:00,  5.52s/it]

 46%|â–ˆâ–ˆâ–ˆâ–ˆâ–‹     | 64/138 [09:57<11:30,  9.33s/it]

  0%|          | 0/2 [00:00<?, ?it/s][A

 50%|â–ˆâ–ˆâ–ˆâ–ˆâ–ˆ     | 1/2 [00:08<00:08,  8.19s/it][A
100%|â–ˆâ–ˆâ–ˆâ–ˆâ–ˆâ–ˆâ–ˆâ–ˆâ–ˆâ–ˆ| 2/2 [00:08<00:00,  4.18s/it]

 47%|â–ˆâ–ˆâ–ˆâ–ˆâ–‹     | 65/138 [10:06<11:00,  9.05s/it]

  0%|          | 0/1 [00:00<?, ?it/s][A

100%|â–ˆâ–ˆâ–ˆâ–ˆâ–ˆâ–ˆâ–ˆâ–ˆâ–ˆâ–ˆ| 1/1 [00:10<00:00, 10.26s/it][A
100%|â–ˆâ–ˆâ–ˆâ–ˆâ–ˆâ–ˆâ–ˆâ–ˆâ–ˆâ–ˆ| 1/1 [00:10<00:00, 10.35s/it]

 48%|â–ˆâ–ˆâ–ˆâ–ˆâ–Š     | 66/138 [10:16<11:19,  9.44s/it]

  0%|          | 0/2 [00:00<?, ?it/s][A

 50%|â–ˆâ–ˆâ–ˆâ–ˆâ–ˆ     | 1/2 [00:07<00:07,  7.67s/it][A

100%|â–ˆâ–ˆâ–ˆâ–ˆâ–ˆâ–ˆâ–ˆâ–ˆâ–ˆâ–ˆ| 2/2 [00:10<00:00,  4.94s/it][A
100%|â–ˆâ–ˆâ–ˆâ–ˆâ–ˆâ–ˆâ–ˆâ–ˆâ–ˆâ–ˆ| 2/2 [00:10<00:00,  5.39s/it]

 49%|â–ˆâ–ˆâ–ˆâ–ˆâ–Š     | 67/138 [10:27<11:39,  9.85s/it]

  0%|          | 0/1 [00:00<?, ?it/s][A

100%|â–ˆâ–ˆâ–ˆâ–ˆâ–ˆâ–ˆâ–ˆâ–ˆâ–ˆâ–ˆ| 1/1 [00:10<00:00, 10.28s/it][A
100%|â–ˆâ–ˆâ–ˆâ–ˆâ–ˆâ–ˆâ–ˆâ–ˆâ–ˆâ–ˆ| 1/1 [00:10<00:00, 10.42s/it]

 49%|â–ˆâ–ˆâ–ˆâ–ˆâ–‰     | 68/138 [10:37<11:41, 10.02s/it]

  0%|          | 0/3 [00:00<?, ?it/s][A/home/graduate2024/miniconda3/lib/python3.12/site-packages/PIL/TiffImagePlugin.py:900: UserWarning: Truncated File Read
  warnings.warn(str(msg))
/home/graduate2024/miniconda3/lib/python3.12/site-packages/PIL/TiffImagePlugin.py:900: UserWarning: Corrupt EXIF data.  Expecting to read 12 bytes but only got 10. 
  warnings.warn(str(msg))


 33%|â–ˆâ–ˆâ–ˆâ–Ž      | 1/3 [00:09<00:19,  9.98s/it][A

 67%|â–ˆâ–ˆâ–ˆâ–ˆâ–ˆâ–ˆâ–‹   | 2/3 [00:14<00:06,  6.91s/it][A

100%|â–ˆâ–ˆâ–ˆâ–ˆâ–ˆâ–ˆâ–ˆâ–ˆâ–ˆâ–ˆ| 3/3 [00:20<00:00,  6.20s/it][A
100%|â–ˆâ–ˆâ–ˆâ–ˆâ–ˆâ–ˆâ–ˆâ–ˆâ–ˆâ–ˆ| 3/3 [00:20<00:00,  6.76s/it]

 50%|â–ˆâ–ˆâ–ˆâ–ˆâ–ˆ     | 69/138 [10:57<15:04, 13.11s/it]

  0%|          | 0/1 [00:00<?, ?it/s][A

100%|â–ˆâ–ˆâ–ˆâ–ˆâ–ˆâ–ˆâ–ˆâ–ˆâ–ˆâ–ˆ| 1/1 [00:09<00:00,  9.81s/it][A
100%|â–ˆâ–ˆâ–ˆâ–ˆâ–ˆâ–ˆâ–ˆâ–ˆâ–ˆâ–ˆ| 1/1 [00:09<00:00,  9.91s/it]

 51%|â–ˆâ–ˆâ–ˆâ–ˆâ–ˆ     | 70/138 [11:07<13:46, 12.15s/it]

  0%|          | 0/2 [00:00<?, ?it/s][A

 50%|â–ˆâ–ˆâ–ˆâ–ˆâ–ˆ     | 1/2 [00:09<00:09,  9.55s/it][A

100%|â–ˆâ–ˆâ–ˆâ–ˆâ–ˆâ–ˆâ–ˆâ–ˆâ–ˆâ–ˆ| 2/2 [00:13<00:00,  6.30s/it][A
100%|â–ˆâ–ˆâ–ˆâ–ˆâ–ˆâ–ˆâ–ˆâ–ˆâ–ˆâ–ˆ| 2/2 [00:13<00:00,  6.85s/it]

 51%|â–ˆâ–ˆâ–ˆâ–ˆâ–ˆâ–    | 71/138 [11:21<14:05, 12.62s/it]

  0%|          | 0/1 [00:00<?, ?it/s][A

100%|â–ˆâ–ˆâ–ˆâ–ˆâ–ˆâ–ˆâ–ˆâ–ˆâ–ˆâ–ˆ| 1/1 [00:11<00:00, 11.75s/it][A
100%|â–ˆâ–ˆâ–ˆâ–ˆâ–ˆâ–ˆâ–ˆâ–ˆâ–ˆâ–ˆ| 1/1 [00:11<00:00, 11.85s/it]

 52%|â–ˆâ–ˆâ–ˆâ–ˆâ–ˆâ–    | 72/138 [11:33<13:37, 12.39s/it]

  0%|          | 0/2 [00:00<?, ?it/s][A

 50%|â–ˆâ–ˆâ–ˆâ–ˆâ–ˆ     | 1/2 [00:09<00:09,  9.15s/it][A

100%|â–ˆâ–ˆâ–ˆâ–ˆâ–ˆâ–ˆâ–ˆâ–ˆâ–ˆâ–ˆ| 2/2 [00:09<00:00,  4.11s/it][A
100%|â–ˆâ–ˆâ–ˆâ–ˆâ–ˆâ–ˆâ–ˆâ–ˆâ–ˆâ–ˆ| 2/2 [00:09<00:00,  4.92s/it]

 53%|â–ˆâ–ˆâ–ˆâ–ˆâ–ˆâ–Ž    | 73/138 [11:43<12:35, 11.63s/it]

  0%|          | 0/2 [00:00<?, ?it/s][A

 50%|â–ˆâ–ˆâ–ˆâ–ˆâ–ˆ     | 1/2 [00:09<00:09,  9.65s/it][A

100%|â–ˆâ–ˆâ–ˆâ–ˆâ–ˆâ–ˆâ–ˆâ–ˆâ–ˆâ–ˆ| 2/2 [00:16<00:00,  8.07s/it][A
100%|â–ˆâ–ˆâ–ˆâ–ˆâ–ˆâ–ˆâ–ˆâ–ˆâ–ˆâ–ˆ| 2/2 [00:16<00:00,  8.36s/it]

 54%|â–ˆâ–ˆâ–ˆâ–ˆâ–ˆâ–Ž    | 74/138 [12:00<14:02, 13.16s/it]

  0%|          | 0/2 [00:00<?, ?it/s][A

 50%|â–ˆâ–ˆâ–ˆâ–ˆâ–ˆ     | 1/2 [00:08<00:08,  8.09s/it][A

100%|â–ˆâ–ˆâ–ˆâ–ˆâ–ˆâ–ˆâ–ˆâ–ˆâ–ˆâ–ˆ| 2/2 [00:09<00:00,  4.24s/it][A
100%|â–ˆâ–ˆâ–ˆâ–ˆâ–ˆâ–ˆâ–ˆâ–ˆâ–ˆâ–ˆ| 2/2 [00:09<00:00,  4.87s/it]

 54%|â–ˆâ–ˆâ–ˆâ–ˆâ–ˆâ–    | 75/138 [12:09<12:44, 12.14s/it]

  0%|          | 0/1 [00:00<?, ?it/s][A

100%|â–ˆâ–ˆâ–ˆâ–ˆâ–ˆâ–ˆâ–ˆâ–ˆâ–ˆâ–ˆ| 1/1 [00:05<00:00,  5.43s/it][A
100%|â–ˆâ–ˆâ–ˆâ–ˆâ–ˆâ–ˆâ–ˆâ–ˆâ–ˆâ–ˆ| 1/1 [00:05<00:00,  5.53s/it]

 55%|â–ˆâ–ˆâ–ˆâ–ˆâ–ˆâ–Œ    | 76/138 [12:15<10:29, 10.16s/it]

  0%|          | 0/2 [00:00<?, ?it/s][A

 50%|â–ˆâ–ˆâ–ˆâ–ˆâ–ˆ     | 1/2 [00:08<00:08,  8.01s/it][A

100%|â–ˆâ–ˆâ–ˆâ–ˆâ–ˆâ–ˆâ–ˆâ–ˆâ–ˆâ–ˆ| 2/2 [00:11<00:00,  5.17s/it][A
100%|â–ˆâ–ˆâ–ˆâ–ˆâ–ˆâ–ˆâ–ˆâ–ˆâ–ˆâ–ˆ| 2/2 [00:11<00:00,  5.65s/it]

 56%|â–ˆâ–ˆâ–ˆâ–ˆâ–ˆâ–Œ    | 77/138 [12:26<10:40, 10.50s/it]

  0%|          | 0/2 [00:00<?, ?it/s][A

 50%|â–ˆâ–ˆâ–ˆâ–ˆâ–ˆ     | 1/2 [00:08<00:08,  8.47s/it][A

100%|â–ˆâ–ˆâ–ˆâ–ˆâ–ˆâ–ˆâ–ˆâ–ˆâ–ˆâ–ˆ| 2/2 [00:09<00:00,  4.29s/it][A
100%|â–ˆâ–ˆâ–ˆâ–ˆâ–ˆâ–ˆâ–ˆâ–ˆâ–ˆâ–ˆ| 2/2 [00:09<00:00,  4.97s/it]

 57%|â–ˆâ–ˆâ–ˆâ–ˆâ–ˆâ–‹    | 78/138 [12:36<10:20, 10.34s/it]

  0%|          | 0/2 [00:00<?, ?it/s][A/home/graduate2024/miniconda3/lib/python3.12/site-packages/PIL/TiffImagePlugin.py:900: UserWarning: Truncated File Read
  warnings.warn(str(msg))


 50%|â–ˆâ–ˆâ–ˆâ–ˆâ–ˆ     | 1/2 [00:08<00:08,  8.43s/it][A

100%|â–ˆâ–ˆâ–ˆâ–ˆâ–ˆâ–ˆâ–ˆâ–ˆâ–ˆâ–ˆ| 2/2 [00:13<00:00,  6.58s/it][A
100%|â–ˆâ–ˆâ–ˆâ–ˆâ–ˆâ–ˆâ–ˆâ–ˆâ–ˆâ–ˆ| 2/2 [00:13<00:00,  6.90s/it]

 57%|â–ˆâ–ˆâ–ˆâ–ˆâ–ˆâ–‹    | 79/138 [12:50<11:11, 11.38s/it]

  0%|          | 0/2 [00:00<?, ?it/s][A

 50%|â–ˆâ–ˆâ–ˆâ–ˆâ–ˆ     | 1/2 [00:08<00:08,  8.43s/it][A

100%|â–ˆâ–ˆâ–ˆâ–ˆâ–ˆâ–ˆâ–ˆâ–ˆâ–ˆâ–ˆ| 2/2 [00:13<00:00,  6.67s/it][A
100%|â–ˆâ–ˆâ–ˆâ–ˆâ–ˆâ–ˆâ–ˆâ–ˆâ–ˆâ–ˆ| 2/2 [00:13<00:00,  7.00s/it]

 58%|â–ˆâ–ˆâ–ˆâ–ˆâ–ˆâ–Š    | 80/138 [13:04<11:45, 12.17s/it]

  0%|          | 0/3 [00:00<?, ?it/s][A

 33%|â–ˆâ–ˆâ–ˆâ–Ž      | 1/3 [00:08<00:17,  8.58s/it][A

 67%|â–ˆâ–ˆâ–ˆâ–ˆâ–ˆâ–ˆâ–‹   | 2/3 [00:13<00:06,  6.33s/it][A

100%|â–ˆâ–ˆâ–ˆâ–ˆâ–ˆâ–ˆâ–ˆâ–ˆâ–ˆâ–ˆ| 3/3 [00:15<00:00,  4.60s/it][A
100%|â–ˆâ–ˆâ–ˆâ–ˆâ–ˆâ–ˆâ–ˆâ–ˆâ–ˆâ–ˆ| 3/3 [00:16<00:00,  5.35s/it]

 59%|â–ˆâ–ˆâ–ˆâ–ˆâ–ˆâ–Š    | 81/138 [13:20<12:40, 13.34s/it]

  0%|          | 0/2 [00:00<?, ?it/s][A

 50%|â–ˆâ–ˆâ–ˆâ–ˆâ–ˆ     | 1/2 [00:10<00:10, 10.23s/it][A

100%|â–ˆâ–ˆâ–ˆâ–ˆâ–ˆâ–ˆâ–ˆâ–ˆâ–ˆâ–ˆ| 2/2 [00:13<00:00,  6.23s/it][A
100%|â–ˆâ–ˆâ–ˆâ–ˆâ–ˆâ–ˆâ–ˆâ–ˆâ–ˆâ–ˆ| 2/2 [00:13<00:00,  6.91s/it]

 59%|â–ˆâ–ˆâ–ˆâ–ˆâ–ˆâ–‰    | 82/138 [13:34<12:35, 13.49s/it]

  0%|          | 0/1 [00:00<?, ?it/s][A

100%|â–ˆâ–ˆâ–ˆâ–ˆâ–ˆâ–ˆâ–ˆâ–ˆâ–ˆâ–ˆ| 1/1 [00:08<00:00,  8.80s/it][A
100%|â–ˆâ–ˆâ–ˆâ–ˆâ–ˆâ–ˆâ–ˆâ–ˆâ–ˆâ–ˆ| 1/1 [00:08<00:00,  8.88s/it]

 60%|â–ˆâ–ˆâ–ˆâ–ˆâ–ˆâ–ˆ    | 83/138 [13:43<11:05, 12.11s/it]

  0%|          | 0/2 [00:00<?, ?it/s][A

 50%|â–ˆâ–ˆâ–ˆâ–ˆâ–ˆ     | 1/2 [00:08<00:08,  8.91s/it][A

100%|â–ˆâ–ˆâ–ˆâ–ˆâ–ˆâ–ˆâ–ˆâ–ˆâ–ˆâ–ˆ| 2/2 [00:09<00:00,  3.92s/it][A
100%|â–ˆâ–ˆâ–ˆâ–ˆâ–ˆâ–ˆâ–ˆâ–ˆâ–ˆâ–ˆ| 2/2 [00:09<00:00,  4.72s/it]

 61%|â–ˆâ–ˆâ–ˆâ–ˆâ–ˆâ–ˆ    | 84/138 [13:52<10:10, 11.31s/it]

  0%|          | 0/1 [00:00<?, ?it/s][A

100%|â–ˆâ–ˆâ–ˆâ–ˆâ–ˆâ–ˆâ–ˆâ–ˆâ–ˆâ–ˆ| 1/1 [00:09<00:00,  9.45s/it][A
100%|â–ˆâ–ˆâ–ˆâ–ˆâ–ˆâ–ˆâ–ˆâ–ˆâ–ˆâ–ˆ| 1/1 [00:09<00:00,  9.56s/it]

 62%|â–ˆâ–ˆâ–ˆâ–ˆâ–ˆâ–ˆâ–   | 85/138 [14:02<09:32, 10.79s/it]

  0%|          | 0/2 [00:00<?, ?it/s][A

 50%|â–ˆâ–ˆâ–ˆâ–ˆâ–ˆ     | 1/2 [00:07<00:07,  7.89s/it][A

100%|â–ˆâ–ˆâ–ˆâ–ˆâ–ˆâ–ˆâ–ˆâ–ˆâ–ˆâ–ˆ| 2/2 [00:11<00:00,  5.52s/it][A
100%|â–ˆâ–ˆâ–ˆâ–ˆâ–ˆâ–ˆâ–ˆâ–ˆâ–ˆâ–ˆ| 2/2 [00:11<00:00,  5.93s/it]

 62%|â–ˆâ–ˆâ–ˆâ–ˆâ–ˆâ–ˆâ–   | 86/138 [14:14<09:37, 11.11s/it]

  0%|          | 0/2 [00:00<?, ?it/s][A

 50%|â–ˆâ–ˆâ–ˆâ–ˆâ–ˆ     | 1/2 [00:08<00:08,  8.43s/it][A

100%|â–ˆâ–ˆâ–ˆâ–ˆâ–ˆâ–ˆâ–ˆâ–ˆâ–ˆâ–ˆ| 2/2 [00:14<00:00,  7.00s/it][A
100%|â–ˆâ–ˆâ–ˆâ–ˆâ–ˆâ–ˆâ–ˆâ–ˆâ–ˆâ–ˆ| 2/2 [00:14<00:00,  7.29s/it]

 63%|â–ˆâ–ˆâ–ˆâ–ˆâ–ˆâ–ˆâ–Ž   | 87/138 [14:28<10:20, 12.16s/it]

  0%|          | 0/1 [00:00<?, ?it/s][A

100%|â–ˆâ–ˆâ–ˆâ–ˆâ–ˆâ–ˆâ–ˆâ–ˆâ–ˆâ–ˆ| 1/1 [00:05<00:00,  5.87s/it][A
100%|â–ˆâ–ˆâ–ˆâ–ˆâ–ˆâ–ˆâ–ˆâ–ˆâ–ˆâ–ˆ| 1/1 [00:05<00:00,  6.00s/it]

 64%|â–ˆâ–ˆâ–ˆâ–ˆâ–ˆâ–ˆâ–   | 88/138 [14:34<08:35, 10.31s/it]

  0%|          | 0/1 [00:00<?, ?it/s][A

100%|â–ˆâ–ˆâ–ˆâ–ˆâ–ˆâ–ˆâ–ˆâ–ˆâ–ˆâ–ˆ| 1/1 [00:05<00:00,  5.87s/it][A
100%|â–ˆâ–ˆâ–ˆâ–ˆâ–ˆâ–ˆâ–ˆâ–ˆâ–ˆâ–ˆ| 1/1 [00:05<00:00,  5.98s/it]

 64%|â–ˆâ–ˆâ–ˆâ–ˆâ–ˆâ–ˆâ–   | 89/138 [14:40<07:21,  9.02s/it]

  0%|          | 0/2 [00:00<?, ?it/s][A

 50%|â–ˆâ–ˆâ–ˆâ–ˆâ–ˆ     | 1/2 [00:09<00:09,  9.43s/it][A

100%|â–ˆâ–ˆâ–ˆâ–ˆâ–ˆâ–ˆâ–ˆâ–ˆâ–ˆâ–ˆ| 2/2 [00:13<00:00,  6.27s/it][A
100%|â–ˆâ–ˆâ–ˆâ–ˆâ–ˆâ–ˆâ–ˆâ–ˆâ–ˆâ–ˆ| 2/2 [00:13<00:00,  6.80s/it]

 65%|â–ˆâ–ˆâ–ˆâ–ˆâ–ˆâ–ˆâ–Œ   | 90/138 [14:54<08:19, 10.40s/it]

  0%|          | 0/1 [00:00<?, ?it/s][A

100%|â–ˆâ–ˆâ–ˆâ–ˆâ–ˆâ–ˆâ–ˆâ–ˆâ–ˆâ–ˆ| 1/1 [00:07<00:00,  7.57s/it][A
100%|â–ˆâ–ˆâ–ˆâ–ˆâ–ˆâ–ˆâ–ˆâ–ˆâ–ˆâ–ˆ| 1/1 [00:07<00:00,  7.69s/it]

 66%|â–ˆâ–ˆâ–ˆâ–ˆâ–ˆâ–ˆâ–Œ   | 91/138 [15:02<07:30,  9.59s/it]

  0%|          | 0/1 [00:00<?, ?it/s][A

100%|â–ˆâ–ˆâ–ˆâ–ˆâ–ˆâ–ˆâ–ˆâ–ˆâ–ˆâ–ˆ| 1/1 [00:08<00:00,  8.69s/it][A
100%|â–ˆâ–ˆâ–ˆâ–ˆâ–ˆâ–ˆâ–ˆâ–ˆâ–ˆâ–ˆ| 1/1 [00:08<00:00,  8.80s/it]

 67%|â–ˆâ–ˆâ–ˆâ–ˆâ–ˆâ–ˆâ–‹   | 92/138 [15:10<07:10,  9.36s/it]

  0%|          | 0/1 [00:00<?, ?it/s][A

100%|â–ˆâ–ˆâ–ˆâ–ˆâ–ˆâ–ˆâ–ˆâ–ˆâ–ˆâ–ˆ| 1/1 [00:03<00:00,  3.04s/it][A
100%|â–ˆâ–ˆâ–ˆâ–ˆâ–ˆâ–ˆâ–ˆâ–ˆâ–ˆâ–ˆ| 1/1 [00:03<00:00,  3.12s/it]

 67%|â–ˆâ–ˆâ–ˆâ–ˆâ–ˆâ–ˆâ–‹   | 93/138 [15:14<05:37,  7.49s/it]

  0%|          | 0/1 [00:00<?, ?it/s][A

100%|â–ˆâ–ˆâ–ˆâ–ˆâ–ˆâ–ˆâ–ˆâ–ˆâ–ˆâ–ˆ| 1/1 [00:11<00:00, 11.00s/it][A
100%|â–ˆâ–ˆâ–ˆâ–ˆâ–ˆâ–ˆâ–ˆâ–ˆâ–ˆâ–ˆ| 1/1 [00:11<00:00, 11.12s/it]

 68%|â–ˆâ–ˆâ–ˆâ–ˆâ–ˆâ–ˆâ–Š   | 94/138 [15:25<06:17,  8.58s/it]

  0%|          | 0/3 [00:00<?, ?it/s][A

 33%|â–ˆâ–ˆâ–ˆâ–Ž      | 1/3 [00:09<00:18,  9.00s/it][A

 67%|â–ˆâ–ˆâ–ˆâ–ˆâ–ˆâ–ˆâ–‹   | 2/3 [00:13<00:06,  6.51s/it][A

100%|â–ˆâ–ˆâ–ˆâ–ˆâ–ˆâ–ˆâ–ˆâ–ˆâ–ˆâ–ˆ| 3/3 [00:15<00:00,  4.27s/it][A
100%|â–ˆâ–ˆâ–ˆâ–ˆâ–ˆâ–ˆâ–ˆâ–ˆâ–ˆâ–ˆ| 3/3 [00:15<00:00,  5.17s/it]

 69%|â–ˆâ–ˆâ–ˆâ–ˆâ–ˆâ–ˆâ–‰   | 95/138 [15:40<07:38, 10.67s/it]

  0%|          | 0/3 [00:00<?, ?it/s][A

 33%|â–ˆâ–ˆâ–ˆâ–Ž      | 1/3 [00:08<00:17,  8.86s/it][A

 67%|â–ˆâ–ˆâ–ˆâ–ˆâ–ˆâ–ˆâ–‹   | 2/3 [00:13<00:06,  6.46s/it][A

100%|â–ˆâ–ˆâ–ˆâ–ˆâ–ˆâ–ˆâ–ˆâ–ˆâ–ˆâ–ˆ| 3/3 [00:13<00:00,  3.60s/it][A
100%|â–ˆâ–ˆâ–ˆâ–ˆâ–ˆâ–ˆâ–ˆâ–ˆâ–ˆâ–ˆ| 3/3 [00:13<00:00,  4.65s/it]

 70%|â–ˆâ–ˆâ–ˆâ–ˆâ–ˆâ–ˆâ–‰   | 96/138 [15:54<08:09, 11.66s/it]

  0%|          | 0/1 [00:00<?, ?it/s][A

100%|â–ˆâ–ˆâ–ˆâ–ˆâ–ˆâ–ˆâ–ˆâ–ˆâ–ˆâ–ˆ| 1/1 [00:03<00:00,  3.66s/it][A
100%|â–ˆâ–ˆâ–ˆâ–ˆâ–ˆâ–ˆâ–ˆâ–ˆâ–ˆâ–ˆ| 1/1 [00:03<00:00,  3.72s/it]

 70%|â–ˆâ–ˆâ–ˆâ–ˆâ–ˆâ–ˆâ–ˆ   | 97/138 [15:58<06:20,  9.28s/it]

  0%|          | 0/1 [00:00<?, ?it/s][A

100%|â–ˆâ–ˆâ–ˆâ–ˆâ–ˆâ–ˆâ–ˆâ–ˆâ–ˆâ–ˆ| 1/1 [00:08<00:00,  8.27s/it][A
100%|â–ˆâ–ˆâ–ˆâ–ˆâ–ˆâ–ˆâ–ˆâ–ˆâ–ˆâ–ˆ| 1/1 [00:08<00:00,  8.37s/it]

 71%|â–ˆâ–ˆâ–ˆâ–ˆâ–ˆâ–ˆâ–ˆ   | 98/138 [16:06<06:00,  9.01s/it]

  0%|          | 0/1 [00:00<?, ?it/s][A

100%|â–ˆâ–ˆâ–ˆâ–ˆâ–ˆâ–ˆâ–ˆâ–ˆâ–ˆâ–ˆ| 1/1 [00:06<00:00,  6.77s/it][A
100%|â–ˆâ–ˆâ–ˆâ–ˆâ–ˆâ–ˆâ–ˆâ–ˆâ–ˆâ–ˆ| 1/1 [00:06<00:00,  6.88s/it]

 72%|â–ˆâ–ˆâ–ˆâ–ˆâ–ˆâ–ˆâ–ˆâ–  | 99/138 [16:13<05:26,  8.38s/it]

  0%|          | 0/2 [00:00<?, ?it/s][A

 50%|â–ˆâ–ˆâ–ˆâ–ˆâ–ˆ     | 1/2 [00:08<00:08,  8.66s/it][A

100%|â–ˆâ–ˆâ–ˆâ–ˆâ–ˆâ–ˆâ–ˆâ–ˆâ–ˆâ–ˆ| 2/2 [00:11<00:00,  4.97s/it][A
100%|â–ˆâ–ˆâ–ˆâ–ˆâ–ˆâ–ˆâ–ˆâ–ˆâ–ˆâ–ˆ| 2/2 [00:11<00:00,  5.59s/it]

 72%|â–ˆâ–ˆâ–ˆâ–ˆâ–ˆâ–ˆâ–ˆâ–  | 100/138 [16:24<05:50,  9.22s/it]

  0%|          | 0/1 [00:00<?, ?it/s][A

100%|â–ˆâ–ˆâ–ˆâ–ˆâ–ˆâ–ˆâ–ˆâ–ˆâ–ˆâ–ˆ| 1/1 [00:04<00:00,  4.98s/it][A
100%|â–ˆâ–ˆâ–ˆâ–ˆâ–ˆâ–ˆâ–ˆâ–ˆâ–ˆâ–ˆ| 1/1 [00:05<00:00,  5.07s/it]

 73%|â–ˆâ–ˆâ–ˆâ–ˆâ–ˆâ–ˆâ–ˆâ–Ž  | 101/138 [16:29<04:55,  7.98s/it]

  0%|          | 0/2 [00:00<?, ?it/s][A

 50%|â–ˆâ–ˆâ–ˆâ–ˆâ–ˆ     | 1/2 [00:08<00:08,  8.90s/it][A

100%|â–ˆâ–ˆâ–ˆâ–ˆâ–ˆâ–ˆâ–ˆâ–ˆâ–ˆâ–ˆ| 2/2 [00:11<00:00,  5.20s/it][A
100%|â–ˆâ–ˆâ–ˆâ–ˆâ–ˆâ–ˆâ–ˆâ–ˆâ–ˆâ–ˆ| 2/2 [00:11<00:00,  5.82s/it]

 74%|â–ˆâ–ˆâ–ˆâ–ˆâ–ˆâ–ˆâ–ˆâ–  | 102/138 [16:41<05:27,  9.08s/it]

  0%|          | 0/2 [00:00<?, ?it/s][A

 50%|â–ˆâ–ˆâ–ˆâ–ˆâ–ˆ     | 1/2 [00:09<00:09,  9.04s/it][A
100%|â–ˆâ–ˆâ–ˆâ–ˆâ–ˆâ–ˆâ–ˆâ–ˆâ–ˆâ–ˆ| 2/2 [00:09<00:00,  4.59s/it]

 75%|â–ˆâ–ˆâ–ˆâ–ˆâ–ˆâ–ˆâ–ˆâ–  | 103/138 [16:50<05:19,  9.12s/it]

  0%|          | 0/2 [00:00<?, ?it/s][A

 50%|â–ˆâ–ˆâ–ˆâ–ˆâ–ˆ     | 1/2 [00:09<00:09,  9.15s/it][A

100%|â–ˆâ–ˆâ–ˆâ–ˆâ–ˆâ–ˆâ–ˆâ–ˆâ–ˆâ–ˆ| 2/2 [00:13<00:00,  6.13s/it][A
100%|â–ˆâ–ˆâ–ˆâ–ˆâ–ˆâ–ˆâ–ˆâ–ˆâ–ˆâ–ˆ| 2/2 [00:13<00:00,  6.65s/it]

 75%|â–ˆâ–ˆâ–ˆâ–ˆâ–ˆâ–ˆâ–ˆâ–Œ  | 104/138 [17:04<05:52, 10.38s/it]

  0%|          | 0/2 [00:00<?, ?it/s][A

 50%|â–ˆâ–ˆâ–ˆâ–ˆâ–ˆ     | 1/2 [00:09<00:09,  9.27s/it][A

100%|â–ˆâ–ˆâ–ˆâ–ˆâ–ˆâ–ˆâ–ˆâ–ˆâ–ˆâ–ˆ| 2/2 [00:11<00:00,  5.28s/it][A
100%|â–ˆâ–ˆâ–ˆâ–ˆâ–ˆâ–ˆâ–ˆâ–ˆâ–ˆâ–ˆ| 2/2 [00:11<00:00,  5.96s/it]

 76%|â–ˆâ–ˆâ–ˆâ–ˆâ–ˆâ–ˆâ–ˆâ–Œ  | 105/138 [17:16<05:57, 10.85s/it]

  0%|          | 0/1 [00:00<?, ?it/s][A

100%|â–ˆâ–ˆâ–ˆâ–ˆâ–ˆâ–ˆâ–ˆâ–ˆâ–ˆâ–ˆ| 1/1 [00:10<00:00, 10.06s/it][A
100%|â–ˆâ–ˆâ–ˆâ–ˆâ–ˆâ–ˆâ–ˆâ–ˆâ–ˆâ–ˆ| 1/1 [00:10<00:00, 10.18s/it]

 77%|â–ˆâ–ˆâ–ˆâ–ˆâ–ˆâ–ˆâ–ˆâ–‹  | 106/138 [17:26<05:40, 10.65s/it]

  0%|          | 0/1 [00:00<?, ?it/s][A

100%|â–ˆâ–ˆâ–ˆâ–ˆâ–ˆâ–ˆâ–ˆâ–ˆâ–ˆâ–ˆ| 1/1 [00:10<00:00, 10.21s/it][A
100%|â–ˆâ–ˆâ–ˆâ–ˆâ–ˆâ–ˆâ–ˆâ–ˆâ–ˆâ–ˆ| 1/1 [00:10<00:00, 10.36s/it]

 78%|â–ˆâ–ˆâ–ˆâ–ˆâ–ˆâ–ˆâ–ˆâ–Š  | 107/138 [17:36<05:27, 10.57s/it]

  0%|          | 0/1 [00:00<?, ?it/s][A

100%|â–ˆâ–ˆâ–ˆâ–ˆâ–ˆâ–ˆâ–ˆâ–ˆâ–ˆâ–ˆ| 1/1 [00:02<00:00,  2.03s/it][A
100%|â–ˆâ–ˆâ–ˆâ–ˆâ–ˆâ–ˆâ–ˆâ–ˆâ–ˆâ–ˆ| 1/1 [00:02<00:00,  2.09s/it]

 78%|â–ˆâ–ˆâ–ˆâ–ˆâ–ˆâ–ˆâ–ˆâ–Š  | 108/138 [17:38<04:00,  8.03s/it]

  0%|          | 0/2 [00:00<?, ?it/s][A

 50%|â–ˆâ–ˆâ–ˆâ–ˆâ–ˆ     | 1/2 [00:09<00:09,  9.16s/it][A

100%|â–ˆâ–ˆâ–ˆâ–ˆâ–ˆâ–ˆâ–ˆâ–ˆâ–ˆâ–ˆ| 2/2 [00:16<00:00,  8.12s/it][A
100%|â–ˆâ–ˆâ–ˆâ–ˆâ–ˆâ–ˆâ–ˆâ–ˆâ–ˆâ–ˆ| 2/2 [00:16<00:00,  8.32s/it]

 79%|â–ˆâ–ˆâ–ˆâ–ˆâ–ˆâ–ˆâ–ˆâ–‰  | 109/138 [17:55<05:07, 10.62s/it]

  0%|          | 0/2 [00:00<?, ?it/s][A

 50%|â–ˆâ–ˆâ–ˆâ–ˆâ–ˆ     | 1/2 [00:08<00:08,  8.51s/it][A

100%|â–ˆâ–ˆâ–ˆâ–ˆâ–ˆâ–ˆâ–ˆâ–ˆâ–ˆâ–ˆ| 2/2 [00:11<00:00,  5.27s/it][A
100%|â–ˆâ–ˆâ–ˆâ–ˆâ–ˆâ–ˆâ–ˆâ–ˆâ–ˆâ–ˆ| 2/2 [00:11<00:00,  5.83s/it]

 80%|â–ˆâ–ˆâ–ˆâ–ˆâ–ˆâ–ˆâ–ˆâ–‰  | 110/138 [18:07<05:06, 10.94s/it]

  0%|          | 0/2 [00:00<?, ?it/s][A

 50%|â–ˆâ–ˆâ–ˆâ–ˆâ–ˆ     | 1/2 [00:09<00:09,  9.45s/it][A

100%|â–ˆâ–ˆâ–ˆâ–ˆâ–ˆâ–ˆâ–ˆâ–ˆâ–ˆâ–ˆ| 2/2 [00:11<00:00,  4.95s/it][A
100%|â–ˆâ–ˆâ–ˆâ–ˆâ–ˆâ–ˆâ–ˆâ–ˆâ–ˆâ–ˆ| 2/2 [00:11<00:00,  5.69s/it]

 80%|â–ˆâ–ˆâ–ˆâ–ˆâ–ˆâ–ˆâ–ˆâ–ˆ  | 111/138 [18:18<04:59, 11.07s/it]

  0%|          | 0/1 [00:00<?, ?it/s][A

100%|â–ˆâ–ˆâ–ˆâ–ˆâ–ˆâ–ˆâ–ˆâ–ˆâ–ˆâ–ˆ| 1/1 [00:09<00:00,  9.96s/it][A
100%|â–ˆâ–ˆâ–ˆâ–ˆâ–ˆâ–ˆâ–ˆâ–ˆâ–ˆâ–ˆ| 1/1 [00:10<00:00, 10.09s/it]

 81%|â–ˆâ–ˆâ–ˆâ–ˆâ–ˆâ–ˆâ–ˆâ–ˆ  | 112/138 [18:28<04:40, 10.78s/it]

  0%|          | 0/2 [00:00<?, ?it/s][A

 50%|â–ˆâ–ˆâ–ˆâ–ˆâ–ˆ     | 1/2 [00:09<00:09,  9.36s/it][A

100%|â–ˆâ–ˆâ–ˆâ–ˆâ–ˆâ–ˆâ–ˆâ–ˆâ–ˆâ–ˆ| 2/2 [00:11<00:00,  5.18s/it][A
100%|â–ˆâ–ˆâ–ˆâ–ˆâ–ˆâ–ˆâ–ˆâ–ˆâ–ˆâ–ˆ| 2/2 [00:11<00:00,  5.88s/it]

 82%|â–ˆâ–ˆâ–ˆâ–ˆâ–ˆâ–ˆâ–ˆâ–ˆâ– | 113/138 [18:40<04:36, 11.08s/it]

  0%|          | 0/2 [00:00<?, ?it/s][A

 50%|â–ˆâ–ˆâ–ˆâ–ˆâ–ˆ     | 1/2 [00:09<00:09,  9.43s/it][A

100%|â–ˆâ–ˆâ–ˆâ–ˆâ–ˆâ–ˆâ–ˆâ–ˆâ–ˆâ–ˆ| 2/2 [00:16<00:00,  7.85s/it][A
100%|â–ˆâ–ˆâ–ˆâ–ˆâ–ˆâ–ˆâ–ˆâ–ˆâ–ˆâ–ˆ| 2/2 [00:16<00:00,  8.15s/it]

 83%|â–ˆâ–ˆâ–ˆâ–ˆâ–ˆâ–ˆâ–ˆâ–ˆâ–Ž | 114/138 [18:56<05:03, 12.65s/it]

  0%|          | 0/2 [00:00<?, ?it/s][A

 50%|â–ˆâ–ˆâ–ˆâ–ˆâ–ˆ     | 1/2 [00:09<00:09,  9.46s/it][A

100%|â–ˆâ–ˆâ–ˆâ–ˆâ–ˆâ–ˆâ–ˆâ–ˆâ–ˆâ–ˆ| 2/2 [00:13<00:00,  6.11s/it][A
100%|â–ˆâ–ˆâ–ˆâ–ˆâ–ˆâ–ˆâ–ˆâ–ˆâ–ˆâ–ˆ| 2/2 [00:13<00:00,  6.68s/it]

 83%|â–ˆâ–ˆâ–ˆâ–ˆâ–ˆâ–ˆâ–ˆâ–ˆâ–Ž | 115/138 [19:10<04:55, 12.87s/it]

  0%|          | 0/3 [00:00<?, ?it/s][A

 33%|â–ˆâ–ˆâ–ˆâ–Ž      | 1/3 [00:08<00:17,  8.92s/it][A

 67%|â–ˆâ–ˆâ–ˆâ–ˆâ–ˆâ–ˆâ–‹   | 2/3 [00:13<00:06,  6.47s/it][A

100%|â–ˆâ–ˆâ–ˆâ–ˆâ–ˆâ–ˆâ–ˆâ–ˆâ–ˆâ–ˆ| 3/3 [00:15<00:00,  4.30s/it][A
100%|â–ˆâ–ˆâ–ˆâ–ˆâ–ˆâ–ˆâ–ˆâ–ˆâ–ˆâ–ˆ| 3/3 [00:15<00:00,  5.17s/it]

 84%|â–ˆâ–ˆâ–ˆâ–ˆâ–ˆâ–ˆâ–ˆâ–ˆâ– | 116/138 [19:25<05:00, 13.66s/it]

  0%|          | 0/1 [00:00<?, ?it/s][A

100%|â–ˆâ–ˆâ–ˆâ–ˆâ–ˆâ–ˆâ–ˆâ–ˆâ–ˆâ–ˆ| 1/1 [00:05<00:00,  5.23s/it][A
100%|â–ˆâ–ˆâ–ˆâ–ˆâ–ˆâ–ˆâ–ˆâ–ˆâ–ˆâ–ˆ| 1/1 [00:05<00:00,  5.32s/it]

 85%|â–ˆâ–ˆâ–ˆâ–ˆâ–ˆâ–ˆâ–ˆâ–ˆâ– | 117/138 [19:30<03:54, 11.17s/it]

  0%|          | 0/2 [00:00<?, ?it/s][A/home/graduate2024/miniconda3/lib/python3.12/site-packages/PIL/TiffImagePlugin.py:900: UserWarning: Truncated File Read
  warnings.warn(str(msg))
/home/graduate2024/miniconda3/lib/python3.12/site-packages/PIL/TiffImagePlugin.py:900: UserWarning: Truncated File Read
  warnings.warn(str(msg))


 50%|â–ˆâ–ˆâ–ˆâ–ˆâ–ˆ     | 1/2 [00:08<00:08,  8.51s/it][A

100%|â–ˆâ–ˆâ–ˆâ–ˆâ–ˆâ–ˆâ–ˆâ–ˆâ–ˆâ–ˆ| 2/2 [00:13<00:00,  6.64s/it][A
100%|â–ˆâ–ˆâ–ˆâ–ˆâ–ˆâ–ˆâ–ˆâ–ˆâ–ˆâ–ˆ| 2/2 [00:14<00:00,  7.02s/it]

 86%|â–ˆâ–ˆâ–ˆâ–ˆâ–ˆâ–ˆâ–ˆâ–ˆâ–Œ | 118/138 [19:44<04:00, 12.03s/it]

  0%|          | 0/3 [00:00<?, ?it/s][A

 33%|â–ˆâ–ˆâ–ˆâ–Ž      | 1/3 [00:09<00:18,  9.24s/it][A

 67%|â–ˆâ–ˆâ–ˆâ–ˆâ–ˆâ–ˆâ–‹   | 2/3 [00:14<00:06,  6.62s/it][A

100%|â–ˆâ–ˆâ–ˆâ–ˆâ–ˆâ–ˆâ–ˆâ–ˆâ–ˆâ–ˆ| 3/3 [00:17<00:00,  5.25s/it][A
100%|â–ˆâ–ˆâ–ˆâ–ˆâ–ˆâ–ˆâ–ˆâ–ˆâ–ˆâ–ˆ| 3/3 [00:17<00:00,  5.93s/it]

 86%|â–ˆâ–ˆâ–ˆâ–ˆâ–ˆâ–ˆâ–ˆâ–ˆâ–Œ | 119/138 [20:02<04:21, 13.77s/it]

  0%|          | 0/2 [00:00<?, ?it/s][A

 50%|â–ˆâ–ˆâ–ˆâ–ˆâ–ˆ     | 1/2 [00:08<00:08,  8.33s/it][A

100%|â–ˆâ–ˆâ–ˆâ–ˆâ–ˆâ–ˆâ–ˆâ–ˆâ–ˆâ–ˆ| 2/2 [00:12<00:00,  6.08s/it][A
100%|â–ˆâ–ˆâ–ˆâ–ˆâ–ˆâ–ˆâ–ˆâ–ˆâ–ˆâ–ˆ| 2/2 [00:12<00:00,  6.49s/it]

 87%|â–ˆâ–ˆâ–ˆâ–ˆâ–ˆâ–ˆâ–ˆâ–ˆâ–‹ | 120/138 [20:15<04:03, 13.54s/it]

  0%|          | 0/2 [00:00<?, ?it/s][A

 50%|â–ˆâ–ˆâ–ˆâ–ˆâ–ˆ     | 1/2 [00:08<00:08,  8.98s/it][A

100%|â–ˆâ–ˆâ–ˆâ–ˆâ–ˆâ–ˆâ–ˆâ–ˆâ–ˆâ–ˆ| 2/2 [00:11<00:00,  5.19s/it][A
100%|â–ˆâ–ˆâ–ˆâ–ˆâ–ˆâ–ˆâ–ˆâ–ˆâ–ˆâ–ˆ| 2/2 [00:11<00:00,  5.81s/it]

 88%|â–ˆâ–ˆâ–ˆâ–ˆâ–ˆâ–ˆâ–ˆâ–ˆâ–Š | 121/138 [20:27<03:40, 12.97s/it]

  0%|          | 0/2 [00:00<?, ?it/s][A

 50%|â–ˆâ–ˆâ–ˆâ–ˆâ–ˆ     | 1/2 [00:08<00:08,  8.83s/it][A

100%|â–ˆâ–ˆâ–ˆâ–ˆâ–ˆâ–ˆâ–ˆâ–ˆâ–ˆâ–ˆ| 2/2 [00:09<00:00,  4.19s/it][A
100%|â–ˆâ–ˆâ–ˆâ–ˆâ–ˆâ–ˆâ–ˆâ–ˆâ–ˆâ–ˆ| 2/2 [00:09<00:00,  4.93s/it]

 88%|â–ˆâ–ˆâ–ˆâ–ˆâ–ˆâ–ˆâ–ˆâ–ˆâ–Š | 122/138 [20:37<03:12, 12.04s/it]

  0%|          | 0/2 [00:00<?, ?it/s][A

 50%|â–ˆâ–ˆâ–ˆâ–ˆâ–ˆ     | 1/2 [00:09<00:09,  9.69s/it][A

100%|â–ˆâ–ˆâ–ˆâ–ˆâ–ˆâ–ˆâ–ˆâ–ˆâ–ˆâ–ˆ| 2/2 [00:11<00:00,  5.33s/it][A
100%|â–ˆâ–ˆâ–ˆâ–ˆâ–ˆâ–ˆâ–ˆâ–ˆâ–ˆâ–ˆ| 2/2 [00:12<00:00,  6.07s/it]

 89%|â–ˆâ–ˆâ–ˆâ–ˆâ–ˆâ–ˆâ–ˆâ–ˆâ–‰ | 123/138 [20:49<03:01, 12.08s/it]

  0%|          | 0/3 [00:00<?, ?it/s][A/home/graduate2024/miniconda3/lib/python3.12/site-packages/PIL/TiffImagePlugin.py:900: UserWarning: Truncated File Read
  warnings.warn(str(msg))
/home/graduate2024/miniconda3/lib/python3.12/site-packages/PIL/TiffImagePlugin.py:900: UserWarning: Truncated File Read
  warnings.warn(str(msg))


 33%|â–ˆâ–ˆâ–ˆâ–Ž      | 1/3 [00:09<00:19,  9.56s/it][A

 67%|â–ˆâ–ˆâ–ˆâ–ˆâ–ˆâ–ˆâ–‹   | 2/3 [00:14<00:06,  6.74s/it][A

100%|â–ˆâ–ˆâ–ˆâ–ˆâ–ˆâ–ˆâ–ˆâ–ˆâ–ˆâ–ˆ| 3/3 [00:14<00:00,  3.79s/it][A
100%|â–ˆâ–ˆâ–ˆâ–ˆâ–ˆâ–ˆâ–ˆâ–ˆâ–ˆâ–ˆ| 3/3 [00:14<00:00,  4.91s/it]

 90%|â–ˆâ–ˆâ–ˆâ–ˆâ–ˆâ–ˆâ–ˆâ–ˆâ–‰ | 124/138 [21:04<03:00, 12.88s/it]

  0%|          | 0/3 [00:00<?, ?it/s][A

 33%|â–ˆâ–ˆâ–ˆâ–Ž      | 1/3 [00:09<00:18,  9.05s/it][A

 67%|â–ˆâ–ˆâ–ˆâ–ˆâ–ˆâ–ˆâ–‹   | 2/3 [00:13<00:06,  6.53s/it][A

100%|â–ˆâ–ˆâ–ˆâ–ˆâ–ˆâ–ˆâ–ˆâ–ˆâ–ˆâ–ˆ| 3/3 [00:14<00:00,  3.83s/it][A
100%|â–ˆâ–ˆâ–ˆâ–ˆâ–ˆâ–ˆâ–ˆâ–ˆâ–ˆâ–ˆ| 3/3 [00:14<00:00,  4.87s/it]

 91%|â–ˆâ–ˆâ–ˆâ–ˆâ–ˆâ–ˆâ–ˆâ–ˆâ–ˆ | 125/138 [21:18<02:54, 13.40s/it]

  0%|          | 0/1 [00:00<?, ?it/s][A

100%|â–ˆâ–ˆâ–ˆâ–ˆâ–ˆâ–ˆâ–ˆâ–ˆâ–ˆâ–ˆ| 1/1 [00:06<00:00,  6.45s/it][A
100%|â–ˆâ–ˆâ–ˆâ–ˆâ–ˆâ–ˆâ–ˆâ–ˆâ–ˆâ–ˆ| 1/1 [00:06<00:00,  6.54s/it]

 91%|â–ˆâ–ˆâ–ˆâ–ˆâ–ˆâ–ˆâ–ˆâ–ˆâ–ˆâ–| 126/138 [21:25<02:16, 11.35s/it]

  0%|          | 0/1 [00:00<?, ?it/s][A

100%|â–ˆâ–ˆâ–ˆâ–ˆâ–ˆâ–ˆâ–ˆâ–ˆâ–ˆâ–ˆ| 1/1 [00:06<00:00,  6.91s/it][A
100%|â–ˆâ–ˆâ–ˆâ–ˆâ–ˆâ–ˆâ–ˆâ–ˆâ–ˆâ–ˆ| 1/1 [00:06<00:00,  6.99s/it]

 92%|â–ˆâ–ˆâ–ˆâ–ˆâ–ˆâ–ˆâ–ˆâ–ˆâ–ˆâ–| 127/138 [21:32<01:50, 10.05s/it]

  0%|          | 0/1 [00:00<?, ?it/s][A

100%|â–ˆâ–ˆâ–ˆâ–ˆâ–ˆâ–ˆâ–ˆâ–ˆâ–ˆâ–ˆ| 1/1 [00:04<00:00,  4.37s/it][A
100%|â–ˆâ–ˆâ–ˆâ–ˆâ–ˆâ–ˆâ–ˆâ–ˆâ–ˆâ–ˆ| 1/1 [00:04<00:00,  4.48s/it]

 93%|â–ˆâ–ˆâ–ˆâ–ˆâ–ˆâ–ˆâ–ˆâ–ˆâ–ˆâ–Ž| 128/138 [21:36<01:23,  8.38s/it]

  0%|          | 0/2 [00:00<?, ?it/s][A

 50%|â–ˆâ–ˆâ–ˆâ–ˆâ–ˆ     | 1/2 [00:07<00:07,  7.66s/it][A

100%|â–ˆâ–ˆâ–ˆâ–ˆâ–ˆâ–ˆâ–ˆâ–ˆâ–ˆâ–ˆ| 2/2 [00:08<00:00,  3.42s/it][A
100%|â–ˆâ–ˆâ–ˆâ–ˆâ–ˆâ–ˆâ–ˆâ–ˆâ–ˆâ–ˆ| 2/2 [00:08<00:00,  4.11s/it]

 93%|â–ˆâ–ˆâ–ˆâ–ˆâ–ˆâ–ˆâ–ˆâ–ˆâ–ˆâ–Ž| 129/138 [21:45<01:15,  8.33s/it]

  0%|          | 0/1 [00:00<?, ?it/s][A

100%|â–ˆâ–ˆâ–ˆâ–ˆâ–ˆâ–ˆâ–ˆâ–ˆâ–ˆâ–ˆ| 1/1 [00:06<00:00,  6.84s/it][A
100%|â–ˆâ–ˆâ–ˆâ–ˆâ–ˆâ–ˆâ–ˆâ–ˆâ–ˆâ–ˆ| 1/1 [00:06<00:00,  6.95s/it]

 94%|â–ˆâ–ˆâ–ˆâ–ˆâ–ˆâ–ˆâ–ˆâ–ˆâ–ˆâ–| 130/138 [21:52<01:03,  7.92s/it]

  0%|          | 0/1 [00:00<?, ?it/s][A

100%|â–ˆâ–ˆâ–ˆâ–ˆâ–ˆâ–ˆâ–ˆâ–ˆâ–ˆâ–ˆ| 1/1 [00:03<00:00,  3.17s/it][A
100%|â–ˆâ–ˆâ–ˆâ–ˆâ–ˆâ–ˆâ–ˆâ–ˆâ–ˆâ–ˆ| 1/1 [00:03<00:00,  3.25s/it]

 95%|â–ˆâ–ˆâ–ˆâ–ˆâ–ˆâ–ˆâ–ˆâ–ˆâ–ˆâ–| 131/138 [21:55<00:45,  6.52s/it]

  0%|          | 0/2 [00:00<?, ?it/s][A

 50%|â–ˆâ–ˆâ–ˆâ–ˆâ–ˆ     | 1/2 [00:09<00:09,  9.10s/it][A

100%|â–ˆâ–ˆâ–ˆâ–ˆâ–ˆâ–ˆâ–ˆâ–ˆâ–ˆâ–ˆ| 2/2 [00:15<00:00,  7.26s/it][A
100%|â–ˆâ–ˆâ–ˆâ–ˆâ–ˆâ–ˆâ–ˆâ–ˆâ–ˆâ–ˆ| 2/2 [00:15<00:00,  7.62s/it]

 96%|â–ˆâ–ˆâ–ˆâ–ˆâ–ˆâ–ˆâ–ˆâ–ˆâ–ˆâ–Œ| 132/138 [22:10<00:54,  9.14s/it]

  0%|          | 0/2 [00:00<?, ?it/s][A

 50%|â–ˆâ–ˆâ–ˆâ–ˆâ–ˆ     | 1/2 [00:09<00:09,  9.80s/it][A

100%|â–ˆâ–ˆâ–ˆâ–ˆâ–ˆâ–ˆâ–ˆâ–ˆâ–ˆâ–ˆ| 2/2 [00:14<00:00,  6.88s/it][A
100%|â–ˆâ–ˆâ–ˆâ–ˆâ–ˆâ–ˆâ–ˆâ–ˆâ–ˆâ–ˆ| 2/2 [00:14<00:00,  7.40s/it]

 96%|â–ˆâ–ˆâ–ˆâ–ˆâ–ˆâ–ˆâ–ˆâ–ˆâ–ˆâ–‹| 133/138 [22:25<00:54, 10.85s/it]

  0%|          | 0/2 [00:00<?, ?it/s][A

 50%|â–ˆâ–ˆâ–ˆâ–ˆâ–ˆ     | 1/2 [00:08<00:08,  8.62s/it][A

100%|â–ˆâ–ˆâ–ˆâ–ˆâ–ˆâ–ˆâ–ˆâ–ˆâ–ˆâ–ˆ| 2/2 [00:11<00:00,  5.33s/it][A
100%|â–ˆâ–ˆâ–ˆâ–ˆâ–ˆâ–ˆâ–ˆâ–ˆâ–ˆâ–ˆ| 2/2 [00:11<00:00,  5.88s/it]

 97%|â–ˆâ–ˆâ–ˆâ–ˆâ–ˆâ–ˆâ–ˆâ–ˆâ–ˆâ–‹| 134/138 [22:37<00:44, 11.13s/it]

  0%|          | 0/1 [00:00<?, ?it/s][A

100%|â–ˆâ–ˆâ–ˆâ–ˆâ–ˆâ–ˆâ–ˆâ–ˆâ–ˆâ–ˆ| 1/1 [00:07<00:00,  8.00s/it][A
100%|â–ˆâ–ˆâ–ˆâ–ˆâ–ˆâ–ˆâ–ˆâ–ˆâ–ˆâ–ˆ| 1/1 [00:08<00:00,  8.13s/it]

 98%|â–ˆâ–ˆâ–ˆâ–ˆâ–ˆâ–ˆâ–ˆâ–ˆâ–ˆâ–Š| 135/138 [22:45<00:30, 10.23s/it]

  0%|          | 0/2 [00:00<?, ?it/s][A

 50%|â–ˆâ–ˆâ–ˆâ–ˆâ–ˆ     | 1/2 [00:08<00:08,  8.79s/it][A

100%|â–ˆâ–ˆâ–ˆâ–ˆâ–ˆâ–ˆâ–ˆâ–ˆâ–ˆâ–ˆ| 2/2 [00:13<00:00,  6.53s/it][A
100%|â–ˆâ–ˆâ–ˆâ–ˆâ–ˆâ–ˆâ–ˆâ–ˆâ–ˆâ–ˆ| 2/2 [00:13<00:00,  6.95s/it]

 99%|â–ˆâ–ˆâ–ˆâ–ˆâ–ˆâ–ˆâ–ˆâ–ˆâ–ˆâ–Š| 136/138 [22:59<00:22, 11.34s/it]

  0%|          | 0/2 [00:00<?, ?it/s][A

 50%|â–ˆâ–ˆâ–ˆâ–ˆâ–ˆ     | 1/2 [00:08<00:08,  8.29s/it][A

100%|â–ˆâ–ˆâ–ˆâ–ˆâ–ˆâ–ˆâ–ˆâ–ˆâ–ˆâ–ˆ| 2/2 [00:08<00:00,  3.57s/it][A
100%|â–ˆâ–ˆâ–ˆâ–ˆâ–ˆâ–ˆâ–ˆâ–ˆâ–ˆâ–ˆ| 2/2 [00:08<00:00,  4.32s/it]

 99%|â–ˆâ–ˆâ–ˆâ–ˆâ–ˆâ–ˆâ–ˆâ–ˆâ–ˆâ–‰| 137/138 [23:07<00:10, 10.53s/it]

  0%|          | 0/1 [00:00<?, ?it/s][A

100%|â–ˆâ–ˆâ–ˆâ–ˆâ–ˆâ–ˆâ–ˆâ–ˆâ–ˆâ–ˆ| 1/1 [00:09<00:00,  9.77s/it][A
100%|â–ˆâ–ˆâ–ˆâ–ˆâ–ˆâ–ˆâ–ˆâ–ˆâ–ˆâ–ˆ| 1/1 [00:09<00:00,  9.86s/it]

100%|â–ˆâ–ˆâ–ˆâ–ˆâ–ˆâ–ˆâ–ˆâ–ˆâ–ˆâ–ˆ| 138/138 [23:17<00:00, 10.33s/it]
100%|â–ˆâ–ˆâ–ˆâ–ˆâ–ˆâ–ˆâ–ˆâ–ˆâ–ˆâ–ˆ| 138/138 [23:17<00:00, 10.13s/it]
