/home/graduate2024/miniconda3/lib/python3.12/site-packages/timm/models/layers/__init__.py:48: FutureWarning: Importing from timm.models.layers is deprecated, please import via timm.layers
  warnings.warn(f"Importing from {__name__} is deprecated, please import via timm.layers", FutureWarning)
/home/graduate2024/data/CONCH-main/conch/open_clip_custom/factory.py:18: FutureWarning: You are using `torch.load` with `weights_only=False` (the current default value), which uses the default pickle module implicitly. It is possible to construct malicious pickle data which will execute arbitrary code during unpickling (See https://github.com/pytorch/pytorch/blob/main/SECURITY.md#untrusted-models for more details). In a future release, the default value for `weights_only` will be flipped to `True`. This limits the functions that could be executed during unpickling. Arbitrary objects will no longer be allowed to be loaded via this mode unless they are explicitly allowlisted by the user via `torch.serialization.add_safe_globals`. We recommend you start setting `weights_only=True` for any use case where you don't have full control of the loaded file. Please open an issue on GitHub for any issues related to this experimental feature.
  checkpoint = torch.load(checkpoint_path, map_location=map_location)

  0%|          | 0/142 [00:00<?, ?it/s]

  0%|          | 0/2 [00:00<?, ?it/s][A

 50%|â–ˆâ–ˆâ–ˆâ–ˆâ–ˆ     | 1/2 [00:09<00:09,  9.62s/it][A

100%|â–ˆâ–ˆâ–ˆâ–ˆâ–ˆâ–ˆâ–ˆâ–ˆâ–ˆâ–ˆ| 2/2 [00:09<00:00,  4.13s/it][A
100%|â–ˆâ–ˆâ–ˆâ–ˆâ–ˆâ–ˆâ–ˆâ–ˆâ–ˆâ–ˆ| 2/2 [00:10<00:00,  5.02s/it]

  1%|          | 1/142 [00:10<23:45, 10.11s/it]

  0%|          | 0/3 [00:00<?, ?it/s][A/home/graduate2024/miniconda3/lib/python3.12/site-packages/PIL/TiffImagePlugin.py:900: UserWarning: Truncated File Read
  warnings.warn(str(msg))


 33%|â–ˆâ–ˆâ–ˆâ–Ž      | 1/3 [00:08<00:16,  8.37s/it][A

 67%|â–ˆâ–ˆâ–ˆâ–ˆâ–ˆâ–ˆâ–‹   | 2/3 [00:13<00:06,  6.59s/it][A

100%|â–ˆâ–ˆâ–ˆâ–ˆâ–ˆâ–ˆâ–ˆâ–ˆâ–ˆâ–ˆ| 3/3 [00:13<00:00,  3.71s/it][A
100%|â–ˆâ–ˆâ–ˆâ–ˆâ–ˆâ–ˆâ–ˆâ–ˆâ–ˆâ–ˆ| 3/3 [00:14<00:00,  4.71s/it]

  1%|â–         | 2/142 [00:24<29:08, 12.49s/it]

  0%|          | 0/2 [00:00<?, ?it/s][A

 50%|â–ˆâ–ˆâ–ˆâ–ˆâ–ˆ     | 1/2 [00:07<00:07,  7.87s/it][A

100%|â–ˆâ–ˆâ–ˆâ–ˆâ–ˆâ–ˆâ–ˆâ–ˆâ–ˆâ–ˆ| 2/2 [00:08<00:00,  3.67s/it][A
100%|â–ˆâ–ˆâ–ˆâ–ˆâ–ˆâ–ˆâ–ˆâ–ˆâ–ˆâ–ˆ| 2/2 [00:08<00:00,  4.35s/it]

  2%|â–         | 3/142 [00:32<24:56, 10.76s/it]

  0%|          | 0/2 [00:00<?, ?it/s][A

 50%|â–ˆâ–ˆâ–ˆâ–ˆâ–ˆ     | 1/2 [00:08<00:08,  8.47s/it][A

100%|â–ˆâ–ˆâ–ˆâ–ˆâ–ˆâ–ˆâ–ˆâ–ˆâ–ˆâ–ˆ| 2/2 [00:09<00:00,  4.24s/it][A
100%|â–ˆâ–ˆâ–ˆâ–ˆâ–ˆâ–ˆâ–ˆâ–ˆâ–ˆâ–ˆ| 2/2 [00:09<00:00,  4.95s/it]

  3%|â–Ž         | 4/142 [00:42<23:59, 10.43s/it]

  0%|          | 0/2 [00:00<?, ?it/s][A

 50%|â–ˆâ–ˆâ–ˆâ–ˆâ–ˆ     | 1/2 [00:08<00:08,  8.29s/it][A

100%|â–ˆâ–ˆâ–ˆâ–ˆâ–ˆâ–ˆâ–ˆâ–ˆâ–ˆâ–ˆ| 2/2 [00:11<00:00,  5.55s/it][A
100%|â–ˆâ–ˆâ–ˆâ–ˆâ–ˆâ–ˆâ–ˆâ–ˆâ–ˆâ–ˆ| 2/2 [00:12<00:00,  6.02s/it]

  4%|â–Ž         | 5/142 [00:54<25:09, 11.02s/it]

  0%|          | 0/1 [00:00<?, ?it/s][A

100%|â–ˆâ–ˆâ–ˆâ–ˆâ–ˆâ–ˆâ–ˆâ–ˆâ–ˆâ–ˆ| 1/1 [00:05<00:00,  5.31s/it][A
100%|â–ˆâ–ˆâ–ˆâ–ˆâ–ˆâ–ˆâ–ˆâ–ˆâ–ˆâ–ˆ| 1/1 [00:05<00:00,  5.42s/it]

  4%|â–         | 6/142 [01:00<20:39,  9.12s/it]

  0%|          | 0/1 [00:00<?, ?it/s][A

100%|â–ˆâ–ˆâ–ˆâ–ˆâ–ˆâ–ˆâ–ˆâ–ˆâ–ˆâ–ˆ| 1/1 [00:03<00:00,  3.91s/it][A
100%|â–ˆâ–ˆâ–ˆâ–ˆâ–ˆâ–ˆâ–ˆâ–ˆâ–ˆâ–ˆ| 1/1 [00:03<00:00,  3.97s/it]

  5%|â–         | 7/142 [01:04<16:43,  7.44s/it]

  0%|          | 0/2 [00:00<?, ?it/s][A

 50%|â–ˆâ–ˆâ–ˆâ–ˆâ–ˆ     | 1/2 [00:08<00:08,  8.90s/it][A

100%|â–ˆâ–ˆâ–ˆâ–ˆâ–ˆâ–ˆâ–ˆâ–ˆâ–ˆâ–ˆ| 2/2 [00:09<00:00,  4.07s/it][A
100%|â–ˆâ–ˆâ–ˆâ–ˆâ–ˆâ–ˆâ–ˆâ–ˆâ–ˆâ–ˆ| 2/2 [00:09<00:00,  4.86s/it]

  6%|â–Œ         | 8/142 [01:14<18:14,  8.17s/it]

  0%|          | 0/1 [00:00<?, ?it/s][A

100%|â–ˆâ–ˆâ–ˆâ–ˆâ–ˆâ–ˆâ–ˆâ–ˆâ–ˆâ–ˆ| 1/1 [00:09<00:00,  9.73s/it][A
100%|â–ˆâ–ˆâ–ˆâ–ˆâ–ˆâ–ˆâ–ˆâ–ˆâ–ˆâ–ˆ| 1/1 [00:09<00:00,  9.85s/it]

  6%|â–‹         | 9/142 [01:23<19:16,  8.70s/it]

  0%|          | 0/2 [00:00<?, ?it/s][A

 50%|â–ˆâ–ˆâ–ˆâ–ˆâ–ˆ     | 1/2 [00:08<00:08,  8.54s/it][A

100%|â–ˆâ–ˆâ–ˆâ–ˆâ–ˆâ–ˆâ–ˆâ–ˆâ–ˆâ–ˆ| 2/2 [00:09<00:00,  3.89s/it][A
100%|â–ˆâ–ˆâ–ˆâ–ˆâ–ˆâ–ˆâ–ˆâ–ˆâ–ˆâ–ˆ| 2/2 [00:09<00:00,  4.65s/it]

  7%|â–‹         | 10/142 [01:33<19:33,  8.89s/it]

  0%|          | 0/3 [00:00<?, ?it/s][A

 33%|â–ˆâ–ˆâ–ˆâ–Ž      | 1/3 [00:09<00:18,  9.11s/it][A

 67%|â–ˆâ–ˆâ–ˆâ–ˆâ–ˆâ–ˆâ–‹   | 2/3 [00:13<00:06,  6.55s/it][A

100%|â–ˆâ–ˆâ–ˆâ–ˆâ–ˆâ–ˆâ–ˆâ–ˆâ–ˆâ–ˆ| 3/3 [00:14<00:00,  3.63s/it][A
100%|â–ˆâ–ˆâ–ˆâ–ˆâ–ˆâ–ˆâ–ˆâ–ˆâ–ˆâ–ˆ| 3/3 [00:14<00:00,  4.72s/it]

  8%|â–Š         | 11/142 [01:47<22:56, 10.51s/it]

  0%|          | 0/1 [00:00<?, ?it/s][A

100%|â–ˆâ–ˆâ–ˆâ–ˆâ–ˆâ–ˆâ–ˆâ–ˆâ–ˆâ–ˆ| 1/1 [00:07<00:00,  7.07s/it][A
100%|â–ˆâ–ˆâ–ˆâ–ˆâ–ˆâ–ˆâ–ˆâ–ˆâ–ˆâ–ˆ| 1/1 [00:07<00:00,  7.19s/it]

  8%|â–Š         | 12/142 [01:54<20:35,  9.50s/it]

  0%|          | 0/1 [00:00<?, ?it/s][A

100%|â–ˆâ–ˆâ–ˆâ–ˆâ–ˆâ–ˆâ–ˆâ–ˆâ–ˆâ–ˆ| 1/1 [00:09<00:00,  9.17s/it][A
100%|â–ˆâ–ˆâ–ˆâ–ˆâ–ˆâ–ˆâ–ˆâ–ˆâ–ˆâ–ˆ| 1/1 [00:09<00:00,  9.28s/it]

  9%|â–‰         | 13/142 [02:03<20:17,  9.44s/it]

  0%|          | 0/1 [00:00<?, ?it/s][A

100%|â–ˆâ–ˆâ–ˆâ–ˆâ–ˆâ–ˆâ–ˆâ–ˆâ–ˆâ–ˆ| 1/1 [00:08<00:00,  8.63s/it][A
100%|â–ˆâ–ˆâ–ˆâ–ˆâ–ˆâ–ˆâ–ˆâ–ˆâ–ˆâ–ˆ| 1/1 [00:08<00:00,  8.81s/it]

 10%|â–‰         | 14/142 [02:12<19:44,  9.25s/it]

  0%|          | 0/2 [00:00<?, ?it/s][A

 50%|â–ˆâ–ˆâ–ˆâ–ˆâ–ˆ     | 1/2 [00:08<00:08,  8.33s/it][A

100%|â–ˆâ–ˆâ–ˆâ–ˆâ–ˆâ–ˆâ–ˆâ–ˆâ–ˆâ–ˆ| 2/2 [00:13<00:00,  6.38s/it][A
100%|â–ˆâ–ˆâ–ˆâ–ˆâ–ˆâ–ˆâ–ˆâ–ˆâ–ˆâ–ˆ| 2/2 [00:13<00:00,  6.75s/it]

 11%|â–ˆ         | 15/142 [02:26<22:18, 10.54s/it]

  0%|          | 0/2 [00:00<?, ?it/s][A

 50%|â–ˆâ–ˆâ–ˆâ–ˆâ–ˆ     | 1/2 [00:09<00:09,  9.21s/it][A

100%|â–ˆâ–ˆâ–ˆâ–ˆâ–ˆâ–ˆâ–ˆâ–ˆâ–ˆâ–ˆ| 2/2 [00:11<00:00,  5.09s/it][A
100%|â–ˆâ–ˆâ–ˆâ–ˆâ–ˆâ–ˆâ–ˆâ–ˆâ–ˆâ–ˆ| 2/2 [00:11<00:00,  5.76s/it]

 11%|â–ˆâ–        | 16/142 [02:37<22:46, 10.84s/it]

  0%|          | 0/2 [00:00<?, ?it/s][A

 50%|â–ˆâ–ˆâ–ˆâ–ˆâ–ˆ     | 1/2 [00:10<00:10, 10.29s/it][A

100%|â–ˆâ–ˆâ–ˆâ–ˆâ–ˆâ–ˆâ–ˆâ–ˆâ–ˆâ–ˆ| 2/2 [00:15<00:00,  7.29s/it][A
100%|â–ˆâ–ˆâ–ˆâ–ˆâ–ˆâ–ˆâ–ˆâ–ˆâ–ˆâ–ˆ| 2/2 [00:15<00:00,  7.81s/it]

 12%|â–ˆâ–        | 17/142 [02:53<25:35, 12.28s/it]

  0%|          | 0/2 [00:00<?, ?it/s][A

 50%|â–ˆâ–ˆâ–ˆâ–ˆâ–ˆ     | 1/2 [00:08<00:08,  8.28s/it][A

100%|â–ˆâ–ˆâ–ˆâ–ˆâ–ˆâ–ˆâ–ˆâ–ˆâ–ˆâ–ˆ| 2/2 [00:12<00:00,  5.69s/it][A
100%|â–ˆâ–ˆâ–ˆâ–ˆâ–ˆâ–ˆâ–ˆâ–ˆâ–ˆâ–ˆ| 2/2 [00:12<00:00,  6.13s/it]

 13%|â–ˆâ–Ž        | 18/142 [03:05<25:23, 12.28s/it]

  0%|          | 0/1 [00:00<?, ?it/s][A

100%|â–ˆâ–ˆâ–ˆâ–ˆâ–ˆâ–ˆâ–ˆâ–ˆâ–ˆâ–ˆ| 1/1 [00:09<00:00,  9.44s/it][A
100%|â–ˆâ–ˆâ–ˆâ–ˆâ–ˆâ–ˆâ–ˆâ–ˆâ–ˆâ–ˆ| 1/1 [00:09<00:00,  9.58s/it]

 13%|â–ˆâ–Ž        | 19/142 [03:15<23:31, 11.48s/it]

  0%|          | 0/2 [00:00<?, ?it/s][A

 50%|â–ˆâ–ˆâ–ˆâ–ˆâ–ˆ     | 1/2 [00:08<00:08,  8.65s/it][A

100%|â–ˆâ–ˆâ–ˆâ–ˆâ–ˆâ–ˆâ–ˆâ–ˆâ–ˆâ–ˆ| 2/2 [00:11<00:00,  5.51s/it][A
100%|â–ˆâ–ˆâ–ˆâ–ˆâ–ˆâ–ˆâ–ˆâ–ˆâ–ˆâ–ˆ| 2/2 [00:12<00:00,  6.03s/it]

 14%|â–ˆâ–        | 20/142 [03:27<23:42, 11.66s/it]

  0%|          | 0/1 [00:00<?, ?it/s][A

100%|â–ˆâ–ˆâ–ˆâ–ˆâ–ˆâ–ˆâ–ˆâ–ˆâ–ˆâ–ˆ| 1/1 [00:04<00:00,  4.50s/it][A
100%|â–ˆâ–ˆâ–ˆâ–ˆâ–ˆâ–ˆâ–ˆâ–ˆâ–ˆâ–ˆ| 1/1 [00:04<00:00,  4.58s/it]

 15%|â–ˆâ–        | 21/142 [03:32<19:13,  9.54s/it]

  0%|          | 0/3 [00:00<?, ?it/s][A

 33%|â–ˆâ–ˆâ–ˆâ–Ž      | 1/3 [00:10<00:20, 10.26s/it][A

 67%|â–ˆâ–ˆâ–ˆâ–ˆâ–ˆâ–ˆâ–‹   | 2/3 [00:15<00:07,  7.01s/it][A

100%|â–ˆâ–ˆâ–ˆâ–ˆâ–ˆâ–ˆâ–ˆâ–ˆâ–ˆâ–ˆ| 3/3 [00:15<00:00,  4.18s/it][A
100%|â–ˆâ–ˆâ–ˆâ–ˆâ–ˆâ–ˆâ–ˆâ–ˆâ–ˆâ–ˆ| 3/3 [00:15<00:00,  5.31s/it]

 15%|â–ˆâ–Œ        | 22/142 [03:47<22:55, 11.46s/it]

  0%|          | 0/3 [00:00<?, ?it/s][A

 33%|â–ˆâ–ˆâ–ˆâ–Ž      | 1/3 [00:08<00:16,  8.46s/it][A

 67%|â–ˆâ–ˆâ–ˆâ–ˆâ–ˆâ–ˆâ–‹   | 2/3 [00:13<00:06,  6.27s/it][A

100%|â–ˆâ–ˆâ–ˆâ–ˆâ–ˆâ–ˆâ–ˆâ–ˆâ–ˆâ–ˆ| 3/3 [00:13<00:00,  3.77s/it][A
100%|â–ˆâ–ˆâ–ˆâ–ˆâ–ˆâ–ˆâ–ˆâ–ˆâ–ˆâ–ˆ| 3/3 [00:14<00:00,  4.70s/it]

 16%|â–ˆâ–Œ        | 23/142 [04:02<24:19, 12.26s/it]

  0%|          | 0/2 [00:00<?, ?it/s][A

 50%|â–ˆâ–ˆâ–ˆâ–ˆâ–ˆ     | 1/2 [00:08<00:08,  8.11s/it][A

100%|â–ˆâ–ˆâ–ˆâ–ˆâ–ˆâ–ˆâ–ˆâ–ˆâ–ˆâ–ˆ| 2/2 [00:10<00:00,  4.60s/it][A
100%|â–ˆâ–ˆâ–ˆâ–ˆâ–ˆâ–ˆâ–ˆâ–ˆâ–ˆâ–ˆ| 2/2 [00:10<00:00,  5.18s/it]

 17%|â–ˆâ–‹        | 24/142 [04:12<23:00, 11.70s/it]

  0%|          | 0/1 [00:00<?, ?it/s][A

100%|â–ˆâ–ˆâ–ˆâ–ˆâ–ˆâ–ˆâ–ˆâ–ˆâ–ˆâ–ˆ| 1/1 [00:04<00:00,  4.86s/it][A
100%|â–ˆâ–ˆâ–ˆâ–ˆâ–ˆâ–ˆâ–ˆâ–ˆâ–ˆâ–ˆ| 1/1 [00:04<00:00,  4.94s/it]

 18%|â–ˆâ–Š        | 25/142 [04:17<18:51,  9.67s/it]

  0%|          | 0/3 [00:00<?, ?it/s][A

 33%|â–ˆâ–ˆâ–ˆâ–Ž      | 1/3 [00:08<00:16,  8.45s/it][A

 67%|â–ˆâ–ˆâ–ˆâ–ˆâ–ˆâ–ˆâ–‹   | 2/3 [00:13<00:06,  6.30s/it][A

100%|â–ˆâ–ˆâ–ˆâ–ˆâ–ˆâ–ˆâ–ˆâ–ˆâ–ˆâ–ˆ| 3/3 [00:15<00:00,  4.27s/it][A
100%|â–ˆâ–ˆâ–ˆâ–ˆâ–ˆâ–ˆâ–ˆâ–ˆâ–ˆâ–ˆ| 3/3 [00:15<00:00,  5.07s/it]

 18%|â–ˆâ–Š        | 26/142 [04:32<21:55, 11.34s/it]

  0%|          | 0/1 [00:00<?, ?it/s][A

100%|â–ˆâ–ˆâ–ˆâ–ˆâ–ˆâ–ˆâ–ˆâ–ˆâ–ˆâ–ˆ| 1/1 [00:06<00:00,  6.13s/it][A
100%|â–ˆâ–ˆâ–ˆâ–ˆâ–ˆâ–ˆâ–ˆâ–ˆâ–ˆâ–ˆ| 1/1 [00:06<00:00,  6.25s/it]

 19%|â–ˆâ–‰        | 27/142 [04:38<18:49,  9.82s/it]

  0%|          | 0/2 [00:00<?, ?it/s][A

 50%|â–ˆâ–ˆâ–ˆâ–ˆâ–ˆ     | 1/2 [00:09<00:09,  9.07s/it][A

100%|â–ˆâ–ˆâ–ˆâ–ˆâ–ˆâ–ˆâ–ˆâ–ˆâ–ˆâ–ˆ| 2/2 [00:11<00:00,  5.41s/it][A
100%|â–ˆâ–ˆâ–ˆâ–ˆâ–ˆâ–ˆâ–ˆâ–ˆâ–ˆâ–ˆ| 2/2 [00:12<00:00,  6.02s/it]

 20%|â–ˆâ–‰        | 28/142 [04:50<19:56, 10.49s/it]

  0%|          | 0/2 [00:00<?, ?it/s][A

 50%|â–ˆâ–ˆâ–ˆâ–ˆâ–ˆ     | 1/2 [00:08<00:08,  8.43s/it][A

100%|â–ˆâ–ˆâ–ˆâ–ˆâ–ˆâ–ˆâ–ˆâ–ˆâ–ˆâ–ˆ| 2/2 [00:12<00:00,  5.59s/it][A
100%|â–ˆâ–ˆâ–ˆâ–ˆâ–ˆâ–ˆâ–ˆâ–ˆâ–ˆâ–ˆ| 2/2 [00:12<00:00,  6.08s/it]

 20%|â–ˆâ–ˆ        | 29/142 [05:03<20:43, 11.00s/it]

  0%|          | 0/1 [00:00<?, ?it/s][A

100%|â–ˆâ–ˆâ–ˆâ–ˆâ–ˆâ–ˆâ–ˆâ–ˆâ–ˆâ–ˆ| 1/1 [00:07<00:00,  7.11s/it][A
100%|â–ˆâ–ˆâ–ˆâ–ˆâ–ˆâ–ˆâ–ˆâ–ˆâ–ˆâ–ˆ| 1/1 [00:07<00:00,  7.24s/it]

 21%|â–ˆâ–ˆ        | 30/142 [05:10<18:26,  9.88s/it]

  0%|          | 0/2 [00:00<?, ?it/s][A

 50%|â–ˆâ–ˆâ–ˆâ–ˆâ–ˆ     | 1/2 [00:09<00:09,  9.20s/it][A

100%|â–ˆâ–ˆâ–ˆâ–ˆâ–ˆâ–ˆâ–ˆâ–ˆâ–ˆâ–ˆ| 2/2 [00:14<00:00,  6.83s/it][A
100%|â–ˆâ–ˆâ–ˆâ–ˆâ–ˆâ–ˆâ–ˆâ–ˆâ–ˆâ–ˆ| 2/2 [00:14<00:00,  7.24s/it]

 22%|â–ˆâ–ˆâ–       | 31/142 [05:24<20:50, 11.27s/it]

  0%|          | 0/1 [00:00<?, ?it/s][A

100%|â–ˆâ–ˆâ–ˆâ–ˆâ–ˆâ–ˆâ–ˆâ–ˆâ–ˆâ–ˆ| 1/1 [00:04<00:00,  4.39s/it][A
100%|â–ˆâ–ˆâ–ˆâ–ˆâ–ˆâ–ˆâ–ˆâ–ˆâ–ˆâ–ˆ| 1/1 [00:04<00:00,  4.45s/it]

 23%|â–ˆâ–ˆâ–Ž       | 32/142 [05:29<16:54,  9.22s/it]

  0%|          | 0/1 [00:00<?, ?it/s][A

100%|â–ˆâ–ˆâ–ˆâ–ˆâ–ˆâ–ˆâ–ˆâ–ˆâ–ˆâ–ˆ| 1/1 [00:04<00:00,  4.61s/it][A
100%|â–ˆâ–ˆâ–ˆâ–ˆâ–ˆâ–ˆâ–ˆâ–ˆâ–ˆâ–ˆ| 1/1 [00:04<00:00,  4.69s/it]

 23%|â–ˆâ–ˆâ–Ž       | 33/142 [05:34<14:17,  7.87s/it]

  0%|          | 0/1 [00:00<?, ?it/s][A

100%|â–ˆâ–ˆâ–ˆâ–ˆâ–ˆâ–ˆâ–ˆâ–ˆâ–ˆâ–ˆ| 1/1 [00:09<00:00,  9.37s/it][A
100%|â–ˆâ–ˆâ–ˆâ–ˆâ–ˆâ–ˆâ–ˆâ–ˆâ–ˆâ–ˆ| 1/1 [00:09<00:00,  9.50s/it]

 24%|â–ˆâ–ˆâ–       | 34/142 [05:43<15:02,  8.36s/it]

  0%|          | 0/2 [00:00<?, ?it/s][A

 50%|â–ˆâ–ˆâ–ˆâ–ˆâ–ˆ     | 1/2 [00:08<00:08,  8.28s/it][A

100%|â–ˆâ–ˆâ–ˆâ–ˆâ–ˆâ–ˆâ–ˆâ–ˆâ–ˆâ–ˆ| 2/2 [00:09<00:00,  4.03s/it][A
100%|â–ˆâ–ˆâ–ˆâ–ˆâ–ˆâ–ˆâ–ˆâ–ˆâ–ˆâ–ˆ| 2/2 [00:09<00:00,  4.72s/it]

 25%|â–ˆâ–ˆâ–       | 35/142 [05:53<15:29,  8.69s/it]

  0%|          | 0/1 [00:00<?, ?it/s][A

100%|â–ˆâ–ˆâ–ˆâ–ˆâ–ˆâ–ˆâ–ˆâ–ˆâ–ˆâ–ˆ| 1/1 [00:07<00:00,  7.39s/it][A
100%|â–ˆâ–ˆâ–ˆâ–ˆâ–ˆâ–ˆâ–ˆâ–ˆâ–ˆâ–ˆ| 1/1 [00:07<00:00,  7.53s/it]

 25%|â–ˆâ–ˆâ–Œ       | 36/142 [06:00<14:44,  8.34s/it]

  0%|          | 0/1 [00:00<?, ?it/s][A

100%|â–ˆâ–ˆâ–ˆâ–ˆâ–ˆâ–ˆâ–ˆâ–ˆâ–ˆâ–ˆ| 1/1 [00:08<00:00,  8.19s/it][A
100%|â–ˆâ–ˆâ–ˆâ–ˆâ–ˆâ–ˆâ–ˆâ–ˆâ–ˆâ–ˆ| 1/1 [00:08<00:00,  8.31s/it]

 26%|â–ˆâ–ˆâ–Œ       | 37/142 [06:08<14:35,  8.34s/it]

  0%|          | 0/2 [00:00<?, ?it/s][A

 50%|â–ˆâ–ˆâ–ˆâ–ˆâ–ˆ     | 1/2 [00:08<00:08,  8.35s/it][A

100%|â–ˆâ–ˆâ–ˆâ–ˆâ–ˆâ–ˆâ–ˆâ–ˆâ–ˆâ–ˆ| 2/2 [00:10<00:00,  4.69s/it][A
100%|â–ˆâ–ˆâ–ˆâ–ˆâ–ˆâ–ˆâ–ˆâ–ˆâ–ˆâ–ˆ| 2/2 [00:10<00:00,  5.29s/it]

 27%|â–ˆâ–ˆâ–‹       | 38/142 [06:19<15:37,  9.01s/it]

  0%|          | 0/2 [00:00<?, ?it/s][A

 50%|â–ˆâ–ˆâ–ˆâ–ˆâ–ˆ     | 1/2 [00:07<00:07,  7.81s/it][A

100%|â–ˆâ–ˆâ–ˆâ–ˆâ–ˆâ–ˆâ–ˆâ–ˆâ–ˆâ–ˆ| 2/2 [00:13<00:00,  6.36s/it][A
100%|â–ˆâ–ˆâ–ˆâ–ˆâ–ˆâ–ˆâ–ˆâ–ˆâ–ˆâ–ˆ| 2/2 [00:13<00:00,  6.64s/it]

 27%|â–ˆâ–ˆâ–‹       | 39/142 [06:32<17:40, 10.30s/it]

  0%|          | 0/2 [00:00<?, ?it/s][A

 50%|â–ˆâ–ˆâ–ˆâ–ˆâ–ˆ     | 1/2 [00:08<00:08,  8.81s/it][A

100%|â–ˆâ–ˆâ–ˆâ–ˆâ–ˆâ–ˆâ–ˆâ–ˆâ–ˆâ–ˆ| 2/2 [00:12<00:00,  5.79s/it][A
100%|â–ˆâ–ˆâ–ˆâ–ˆâ–ˆâ–ˆâ–ˆâ–ˆâ–ˆâ–ˆ| 2/2 [00:12<00:00,  6.31s/it]

 28%|â–ˆâ–ˆâ–Š       | 40/142 [06:45<18:41, 11.00s/it]

  0%|          | 0/2 [00:00<?, ?it/s][A/home/graduate2024/miniconda3/lib/python3.12/site-packages/PIL/TiffImagePlugin.py:900: UserWarning: Truncated File Read
  warnings.warn(str(msg))


 50%|â–ˆâ–ˆâ–ˆâ–ˆâ–ˆ     | 1/2 [00:08<00:08,  8.67s/it][A

100%|â–ˆâ–ˆâ–ˆâ–ˆâ–ˆâ–ˆâ–ˆâ–ˆâ–ˆâ–ˆ| 2/2 [00:09<00:00,  4.26s/it][A
100%|â–ˆâ–ˆâ–ˆâ–ˆâ–ˆâ–ˆâ–ˆâ–ˆâ–ˆâ–ˆ| 2/2 [00:09<00:00,  4.98s/it]

 29%|â–ˆâ–ˆâ–‰       | 41/142 [06:55<17:59, 10.69s/it]

  0%|          | 0/2 [00:00<?, ?it/s][A

 50%|â–ˆâ–ˆâ–ˆâ–ˆâ–ˆ     | 1/2 [00:08<00:08,  8.88s/it][A

100%|â–ˆâ–ˆâ–ˆâ–ˆâ–ˆâ–ˆâ–ˆâ–ˆâ–ˆâ–ˆ| 2/2 [00:09<00:00,  4.31s/it][A
100%|â–ˆâ–ˆâ–ˆâ–ˆâ–ˆâ–ˆâ–ˆâ–ˆâ–ˆâ–ˆ| 2/2 [00:10<00:00,  5.06s/it]

 30%|â–ˆâ–ˆâ–‰       | 42/142 [07:05<17:32, 10.53s/it]

  0%|          | 0/1 [00:00<?, ?it/s][A

100%|â–ˆâ–ˆâ–ˆâ–ˆâ–ˆâ–ˆâ–ˆâ–ˆâ–ˆâ–ˆ| 1/1 [00:04<00:00,  4.75s/it][A
100%|â–ˆâ–ˆâ–ˆâ–ˆâ–ˆâ–ˆâ–ˆâ–ˆâ–ˆâ–ˆ| 1/1 [00:04<00:00,  4.81s/it]

 30%|â–ˆâ–ˆâ–ˆ       | 43/142 [07:10<14:32,  8.82s/it]

  0%|          | 0/2 [00:00<?, ?it/s][A

 50%|â–ˆâ–ˆâ–ˆâ–ˆâ–ˆ     | 1/2 [00:08<00:08,  8.56s/it][A

100%|â–ˆâ–ˆâ–ˆâ–ˆâ–ˆâ–ˆâ–ˆâ–ˆâ–ˆâ–ˆ| 2/2 [00:12<00:00,  5.76s/it][A
100%|â–ˆâ–ˆâ–ˆâ–ˆâ–ˆâ–ˆâ–ˆâ–ˆâ–ˆâ–ˆ| 2/2 [00:12<00:00,  6.23s/it]

 31%|â–ˆâ–ˆâ–ˆ       | 44/142 [07:22<16:11,  9.91s/it]

  0%|          | 0/2 [00:00<?, ?it/s][A

 50%|â–ˆâ–ˆâ–ˆâ–ˆâ–ˆ     | 1/2 [00:09<00:09,  9.02s/it][A

100%|â–ˆâ–ˆâ–ˆâ–ˆâ–ˆâ–ˆâ–ˆâ–ˆâ–ˆâ–ˆ| 2/2 [00:12<00:00,  5.60s/it][A
100%|â–ˆâ–ˆâ–ˆâ–ˆâ–ˆâ–ˆâ–ˆâ–ˆâ–ˆâ–ˆ| 2/2 [00:12<00:00,  6.19s/it]

 32%|â–ˆâ–ˆâ–ˆâ–      | 45/142 [07:35<17:13, 10.66s/it]

  0%|          | 0/2 [00:00<?, ?it/s][A

 50%|â–ˆâ–ˆâ–ˆâ–ˆâ–ˆ     | 1/2 [00:09<00:09,  9.31s/it][A

100%|â–ˆâ–ˆâ–ˆâ–ˆâ–ˆâ–ˆâ–ˆâ–ˆâ–ˆâ–ˆ| 2/2 [00:12<00:00,  5.58s/it][A
100%|â–ˆâ–ˆâ–ˆâ–ˆâ–ˆâ–ˆâ–ˆâ–ˆâ–ˆâ–ˆ| 2/2 [00:12<00:00,  6.21s/it]

 32%|â–ˆâ–ˆâ–ˆâ–      | 46/142 [07:47<17:54, 11.19s/it]

  0%|          | 0/2 [00:00<?, ?it/s][A

 50%|â–ˆâ–ˆâ–ˆâ–ˆâ–ˆ     | 1/2 [00:09<00:09,  9.20s/it][A

100%|â–ˆâ–ˆâ–ˆâ–ˆâ–ˆâ–ˆâ–ˆâ–ˆâ–ˆâ–ˆ| 2/2 [00:12<00:00,  5.80s/it][A
100%|â–ˆâ–ˆâ–ˆâ–ˆâ–ˆâ–ˆâ–ˆâ–ˆâ–ˆâ–ˆ| 2/2 [00:12<00:00,  6.38s/it]

 33%|â–ˆâ–ˆâ–ˆâ–Ž      | 47/142 [08:00<18:28, 11.67s/it]

  0%|          | 0/1 [00:00<?, ?it/s][A

100%|â–ˆâ–ˆâ–ˆâ–ˆâ–ˆâ–ˆâ–ˆâ–ˆâ–ˆâ–ˆ| 1/1 [00:02<00:00,  2.58s/it][A
100%|â–ˆâ–ˆâ–ˆâ–ˆâ–ˆâ–ˆâ–ˆâ–ˆâ–ˆâ–ˆ| 1/1 [00:02<00:00,  2.63s/it]

 34%|â–ˆâ–ˆâ–ˆâ–      | 48/142 [08:03<14:02,  8.96s/it]

  0%|          | 0/1 [00:00<?, ?it/s][A

100%|â–ˆâ–ˆâ–ˆâ–ˆâ–ˆâ–ˆâ–ˆâ–ˆâ–ˆâ–ˆ| 1/1 [00:04<00:00,  4.22s/it][A
100%|â–ˆâ–ˆâ–ˆâ–ˆâ–ˆâ–ˆâ–ˆâ–ˆâ–ˆâ–ˆ| 1/1 [00:04<00:00,  4.30s/it]

 35%|â–ˆâ–ˆâ–ˆâ–      | 49/142 [08:07<11:43,  7.57s/it]

  0%|          | 0/1 [00:00<?, ?it/s][A

100%|â–ˆâ–ˆâ–ˆâ–ˆâ–ˆâ–ˆâ–ˆâ–ˆâ–ˆâ–ˆ| 1/1 [00:09<00:00,  9.98s/it][A
100%|â–ˆâ–ˆâ–ˆâ–ˆâ–ˆâ–ˆâ–ˆâ–ˆâ–ˆâ–ˆ| 1/1 [00:10<00:00, 10.08s/it]

 35%|â–ˆâ–ˆâ–ˆâ–Œ      | 50/142 [08:17<12:45,  8.33s/it]

  0%|          | 0/1 [00:00<?, ?it/s][A

100%|â–ˆâ–ˆâ–ˆâ–ˆâ–ˆâ–ˆâ–ˆâ–ˆâ–ˆâ–ˆ| 1/1 [00:04<00:00,  4.05s/it][A
100%|â–ˆâ–ˆâ–ˆâ–ˆâ–ˆâ–ˆâ–ˆâ–ˆâ–ˆâ–ˆ| 1/1 [00:04<00:00,  4.13s/it]

 36%|â–ˆâ–ˆâ–ˆâ–Œ      | 51/142 [08:21<10:43,  7.07s/it]

  0%|          | 0/2 [00:00<?, ?it/s][A/home/graduate2024/miniconda3/lib/python3.12/site-packages/PIL/TiffImagePlugin.py:900: UserWarning: Truncated File Read
  warnings.warn(str(msg))


 50%|â–ˆâ–ˆâ–ˆâ–ˆâ–ˆ     | 1/2 [00:08<00:08,  8.26s/it][A

100%|â–ˆâ–ˆâ–ˆâ–ˆâ–ˆâ–ˆâ–ˆâ–ˆâ–ˆâ–ˆ| 2/2 [00:08<00:00,  3.66s/it][A
100%|â–ˆâ–ˆâ–ˆâ–ˆâ–ˆâ–ˆâ–ˆâ–ˆâ–ˆâ–ˆ| 2/2 [00:08<00:00,  4.42s/it]

 37%|â–ˆâ–ˆâ–ˆâ–‹      | 52/142 [08:30<11:24,  7.60s/it]

  0%|          | 0/2 [00:00<?, ?it/s][A

 50%|â–ˆâ–ˆâ–ˆâ–ˆâ–ˆ     | 1/2 [00:08<00:08,  8.91s/it][A

100%|â–ˆâ–ˆâ–ˆâ–ˆâ–ˆâ–ˆâ–ˆâ–ˆâ–ˆâ–ˆ| 2/2 [00:09<00:00,  3.84s/it][A
100%|â–ˆâ–ˆâ–ˆâ–ˆâ–ˆâ–ˆâ–ˆâ–ˆâ–ˆâ–ˆ| 2/2 [00:09<00:00,  4.67s/it]

 37%|â–ˆâ–ˆâ–ˆâ–‹      | 53/142 [08:39<12:03,  8.13s/it]

  0%|          | 0/1 [00:00<?, ?it/s][A

100%|â–ˆâ–ˆâ–ˆâ–ˆâ–ˆâ–ˆâ–ˆâ–ˆâ–ˆâ–ˆ| 1/1 [00:06<00:00,  6.94s/it][A
100%|â–ˆâ–ˆâ–ˆâ–ˆâ–ˆâ–ˆâ–ˆâ–ˆâ–ˆâ–ˆ| 1/1 [00:07<00:00,  7.03s/it]

 38%|â–ˆâ–ˆâ–ˆâ–Š      | 54/142 [08:46<11:26,  7.80s/it]

  0%|          | 0/2 [00:00<?, ?it/s][A

 50%|â–ˆâ–ˆâ–ˆâ–ˆâ–ˆ     | 1/2 [00:09<00:09,  9.26s/it][A

100%|â–ˆâ–ˆâ–ˆâ–ˆâ–ˆâ–ˆâ–ˆâ–ˆâ–ˆâ–ˆ| 2/2 [00:10<00:00,  4.79s/it][A
100%|â–ˆâ–ˆâ–ˆâ–ˆâ–ˆâ–ˆâ–ˆâ–ˆâ–ˆâ–ˆ| 2/2 [00:11<00:00,  5.50s/it]

 39%|â–ˆâ–ˆâ–ˆâ–Š      | 55/142 [08:57<12:43,  8.77s/it]

  0%|          | 0/2 [00:00<?, ?it/s][A

 50%|â–ˆâ–ˆâ–ˆâ–ˆâ–ˆ     | 1/2 [00:08<00:08,  8.67s/it][A

100%|â–ˆâ–ˆâ–ˆâ–ˆâ–ˆâ–ˆâ–ˆâ–ˆâ–ˆâ–ˆ| 2/2 [00:10<00:00,  4.92s/it][A
100%|â–ˆâ–ˆâ–ˆâ–ˆâ–ˆâ–ˆâ–ˆâ–ˆâ–ˆâ–ˆ| 2/2 [00:11<00:00,  5.54s/it]

 39%|â–ˆâ–ˆâ–ˆâ–‰      | 56/142 [09:09<13:34,  9.47s/it]

  0%|          | 0/2 [00:00<?, ?it/s][A

 50%|â–ˆâ–ˆâ–ˆâ–ˆâ–ˆ     | 1/2 [00:08<00:08,  8.63s/it][A

100%|â–ˆâ–ˆâ–ˆâ–ˆâ–ˆâ–ˆâ–ˆâ–ˆâ–ˆâ–ˆ| 2/2 [00:11<00:00,  5.27s/it][A
100%|â–ˆâ–ˆâ–ˆâ–ˆâ–ˆâ–ˆâ–ˆâ–ˆâ–ˆâ–ˆ| 2/2 [00:11<00:00,  5.81s/it]

 40%|â–ˆâ–ˆâ–ˆâ–ˆ      | 57/142 [09:20<14:20, 10.12s/it]

  0%|          | 0/3 [00:00<?, ?it/s][A/home/graduate2024/miniconda3/lib/python3.12/site-packages/PIL/TiffImagePlugin.py:900: UserWarning: Truncated File Read
  warnings.warn(str(msg))


 33%|â–ˆâ–ˆâ–ˆâ–Ž      | 1/3 [00:08<00:17,  8.85s/it][A

 67%|â–ˆâ–ˆâ–ˆâ–ˆâ–ˆâ–ˆâ–‹   | 2/3 [00:14<00:07,  7.17s/it][A

100%|â–ˆâ–ˆâ–ˆâ–ˆâ–ˆâ–ˆâ–ˆâ–ˆâ–ˆâ–ˆ| 3/3 [00:18<00:00,  5.66s/it][A
100%|â–ˆâ–ˆâ–ˆâ–ˆâ–ˆâ–ˆâ–ˆâ–ˆâ–ˆâ–ˆ| 3/3 [00:18<00:00,  6.29s/it]

 41%|â–ˆâ–ˆâ–ˆâ–ˆ      | 58/142 [09:39<17:50, 12.75s/it]

  0%|          | 0/2 [00:00<?, ?it/s][A

 50%|â–ˆâ–ˆâ–ˆâ–ˆâ–ˆ     | 1/2 [00:08<00:08,  8.80s/it][A

100%|â–ˆâ–ˆâ–ˆâ–ˆâ–ˆâ–ˆâ–ˆâ–ˆâ–ˆâ–ˆ| 2/2 [00:16<00:00,  7.98s/it][A
100%|â–ˆâ–ˆâ–ˆâ–ˆâ–ˆâ–ˆâ–ˆâ–ˆâ–ˆâ–ˆ| 2/2 [00:16<00:00,  8.17s/it]

 42%|â–ˆâ–ˆâ–ˆâ–ˆâ–     | 59/142 [09:55<19:07, 13.83s/it]

  0%|          | 0/2 [00:00<?, ?it/s][A

 50%|â–ˆâ–ˆâ–ˆâ–ˆâ–ˆ     | 1/2 [00:09<00:09,  9.37s/it][A

100%|â–ˆâ–ˆâ–ˆâ–ˆâ–ˆâ–ˆâ–ˆâ–ˆâ–ˆâ–ˆ| 2/2 [00:10<00:00,  4.70s/it][A
100%|â–ˆâ–ˆâ–ˆâ–ˆâ–ˆâ–ˆâ–ˆâ–ˆâ–ˆâ–ˆ| 2/2 [00:10<00:00,  5.46s/it]

 42%|â–ˆâ–ˆâ–ˆâ–ˆâ–     | 60/142 [10:06<17:43, 12.96s/it]

  0%|          | 0/3 [00:00<?, ?it/s][A

 33%|â–ˆâ–ˆâ–ˆâ–Ž      | 1/3 [00:09<00:18,  9.05s/it][A

 67%|â–ˆâ–ˆâ–ˆâ–ˆâ–ˆâ–ˆâ–‹   | 2/3 [00:16<00:07,  7.85s/it][A

100%|â–ˆâ–ˆâ–ˆâ–ˆâ–ˆâ–ˆâ–ˆâ–ˆâ–ˆâ–ˆ| 3/3 [00:16<00:00,  4.49s/it][A
100%|â–ˆâ–ˆâ–ˆâ–ˆâ–ˆâ–ˆâ–ˆâ–ˆâ–ˆâ–ˆ| 3/3 [00:16<00:00,  5.54s/it]

 43%|â–ˆâ–ˆâ–ˆâ–ˆâ–Ž     | 61/142 [10:23<18:59, 14.07s/it]

  0%|          | 0/1 [00:00<?, ?it/s][A

100%|â–ˆâ–ˆâ–ˆâ–ˆâ–ˆâ–ˆâ–ˆâ–ˆâ–ˆâ–ˆ| 1/1 [00:02<00:00,  2.94s/it][A
100%|â–ˆâ–ˆâ–ˆâ–ˆâ–ˆâ–ˆâ–ˆâ–ˆâ–ˆâ–ˆ| 1/1 [00:03<00:00,  3.01s/it]

 44%|â–ˆâ–ˆâ–ˆâ–ˆâ–Ž     | 62/142 [10:26<14:20, 10.75s/it]

  0%|          | 0/1 [00:00<?, ?it/s][A

100%|â–ˆâ–ˆâ–ˆâ–ˆâ–ˆâ–ˆâ–ˆâ–ˆâ–ˆâ–ˆ| 1/1 [00:07<00:00,  7.69s/it][A
100%|â–ˆâ–ˆâ–ˆâ–ˆâ–ˆâ–ˆâ–ˆâ–ˆâ–ˆâ–ˆ| 1/1 [00:07<00:00,  7.80s/it]

 44%|â–ˆâ–ˆâ–ˆâ–ˆâ–     | 63/142 [10:34<12:59,  9.87s/it]

  0%|          | 0/2 [00:00<?, ?it/s][A

 50%|â–ˆâ–ˆâ–ˆâ–ˆâ–ˆ     | 1/2 [00:08<00:08,  8.75s/it][A

100%|â–ˆâ–ˆâ–ˆâ–ˆâ–ˆâ–ˆâ–ˆâ–ˆâ–ˆâ–ˆ| 2/2 [00:09<00:00,  4.27s/it][A
100%|â–ˆâ–ˆâ–ˆâ–ˆâ–ˆâ–ˆâ–ˆâ–ˆâ–ˆâ–ˆ| 2/2 [00:09<00:00,  4.98s/it]

 45%|â–ˆâ–ˆâ–ˆâ–ˆâ–Œ     | 64/142 [10:44<12:52,  9.90s/it]

  0%|          | 0/2 [00:00<?, ?it/s][A/home/graduate2024/miniconda3/lib/python3.12/site-packages/PIL/TiffImagePlugin.py:900: UserWarning: Truncated File Read
  warnings.warn(str(msg))


 50%|â–ˆâ–ˆâ–ˆâ–ˆâ–ˆ     | 1/2 [00:09<00:09,  9.29s/it][A

100%|â–ˆâ–ˆâ–ˆâ–ˆâ–ˆâ–ˆâ–ˆâ–ˆâ–ˆâ–ˆ| 2/2 [00:13<00:00,  6.23s/it][A
100%|â–ˆâ–ˆâ–ˆâ–ˆâ–ˆâ–ˆâ–ˆâ–ˆâ–ˆâ–ˆ| 2/2 [00:13<00:00,  6.75s/it]

 46%|â–ˆâ–ˆâ–ˆâ–ˆâ–Œ     | 65/142 [10:57<14:06, 10.99s/it]

  0%|          | 0/2 [00:00<?, ?it/s][A

 50%|â–ˆâ–ˆâ–ˆâ–ˆâ–ˆ     | 1/2 [00:09<00:09,  9.53s/it][A

100%|â–ˆâ–ˆâ–ˆâ–ˆâ–ˆâ–ˆâ–ˆâ–ˆâ–ˆâ–ˆ| 2/2 [00:13<00:00,  6.50s/it][A
100%|â–ˆâ–ˆâ–ˆâ–ˆâ–ˆâ–ˆâ–ˆâ–ˆâ–ˆâ–ˆ| 2/2 [00:14<00:00,  7.02s/it]

 46%|â–ˆâ–ˆâ–ˆâ–ˆâ–‹     | 66/142 [11:11<15:05, 11.91s/it]

  0%|          | 0/2 [00:00<?, ?it/s][A

 50%|â–ˆâ–ˆâ–ˆâ–ˆâ–ˆ     | 1/2 [00:09<00:09,  9.47s/it][A

100%|â–ˆâ–ˆâ–ˆâ–ˆâ–ˆâ–ˆâ–ˆâ–ˆâ–ˆâ–ˆ| 2/2 [00:11<00:00,  5.17s/it][A
100%|â–ˆâ–ˆâ–ˆâ–ˆâ–ˆâ–ˆâ–ˆâ–ˆâ–ˆâ–ˆ| 2/2 [00:11<00:00,  5.87s/it]

 47%|â–ˆâ–ˆâ–ˆâ–ˆâ–‹     | 67/142 [11:23<14:50, 11.87s/it]

  0%|          | 0/1 [00:00<?, ?it/s][A

100%|â–ˆâ–ˆâ–ˆâ–ˆâ–ˆâ–ˆâ–ˆâ–ˆâ–ˆâ–ˆ| 1/1 [00:01<00:00,  1.88s/it][A
100%|â–ˆâ–ˆâ–ˆâ–ˆâ–ˆâ–ˆâ–ˆâ–ˆâ–ˆâ–ˆ| 1/1 [00:01<00:00,  1.94s/it]

 48%|â–ˆâ–ˆâ–ˆâ–ˆâ–Š     | 68/142 [11:25<10:57,  8.89s/it]

  0%|          | 0/2 [00:00<?, ?it/s][A

 50%|â–ˆâ–ˆâ–ˆâ–ˆâ–ˆ     | 1/2 [00:08<00:08,  8.71s/it][A

100%|â–ˆâ–ˆâ–ˆâ–ˆâ–ˆâ–ˆâ–ˆâ–ˆâ–ˆâ–ˆ| 2/2 [00:13<00:00,  6.36s/it][A
100%|â–ˆâ–ˆâ–ˆâ–ˆâ–ˆâ–ˆâ–ˆâ–ˆâ–ˆâ–ˆ| 2/2 [00:13<00:00,  6.77s/it]

 49%|â–ˆâ–ˆâ–ˆâ–ˆâ–Š     | 69/142 [11:39<12:31, 10.29s/it]

  0%|          | 0/2 [00:00<?, ?it/s][A

 50%|â–ˆâ–ˆâ–ˆâ–ˆâ–ˆ     | 1/2 [00:09<00:09,  9.05s/it][A

100%|â–ˆâ–ˆâ–ˆâ–ˆâ–ˆâ–ˆâ–ˆâ–ˆâ–ˆâ–ˆ| 2/2 [00:09<00:00,  4.06s/it][A
100%|â–ˆâ–ˆâ–ˆâ–ˆâ–ˆâ–ˆâ–ˆâ–ˆâ–ˆâ–ˆ| 2/2 [00:09<00:00,  4.87s/it]

 49%|â–ˆâ–ˆâ–ˆâ–ˆâ–‰     | 70/142 [11:48<12:09, 10.13s/it]

  0%|          | 0/3 [00:00<?, ?it/s][A

 33%|â–ˆâ–ˆâ–ˆâ–Ž      | 1/3 [00:09<00:19,  9.56s/it][A

 67%|â–ˆâ–ˆâ–ˆâ–ˆâ–ˆâ–ˆâ–‹   | 2/3 [00:15<00:07,  7.58s/it][A

100%|â–ˆâ–ˆâ–ˆâ–ˆâ–ˆâ–ˆâ–ˆâ–ˆâ–ˆâ–ˆ| 3/3 [00:25<00:00,  8.57s/it][A
100%|â–ˆâ–ˆâ–ˆâ–ˆâ–ˆâ–ˆâ–ˆâ–ˆâ–ˆâ–ˆ| 3/3 [00:25<00:00,  8.54s/it]

 50%|â–ˆâ–ˆâ–ˆâ–ˆâ–ˆ     | 71/142 [12:14<17:29, 14.78s/it]

  0%|          | 0/1 [00:00<?, ?it/s][A

100%|â–ˆâ–ˆâ–ˆâ–ˆâ–ˆâ–ˆâ–ˆâ–ˆâ–ˆâ–ˆ| 1/1 [00:04<00:00,  4.78s/it][A
100%|â–ˆâ–ˆâ–ˆâ–ˆâ–ˆâ–ˆâ–ˆâ–ˆâ–ˆâ–ˆ| 1/1 [00:04<00:00,  4.85s/it]

 51%|â–ˆâ–ˆâ–ˆâ–ˆâ–ˆ     | 72/142 [12:19<13:46, 11.80s/it]

  0%|          | 0/1 [00:00<?, ?it/s][A

100%|â–ˆâ–ˆâ–ˆâ–ˆâ–ˆâ–ˆâ–ˆâ–ˆâ–ˆâ–ˆ| 1/1 [00:02<00:00,  2.28s/it][A
100%|â–ˆâ–ˆâ–ˆâ–ˆâ–ˆâ–ˆâ–ˆâ–ˆâ–ˆâ–ˆ| 1/1 [00:02<00:00,  2.39s/it]

 51%|â–ˆâ–ˆâ–ˆâ–ˆâ–ˆâ–    | 73/142 [12:21<10:19,  8.98s/it]

  0%|          | 0/1 [00:00<?, ?it/s][A

100%|â–ˆâ–ˆâ–ˆâ–ˆâ–ˆâ–ˆâ–ˆâ–ˆâ–ˆâ–ˆ| 1/1 [00:08<00:00,  8.46s/it][A
100%|â–ˆâ–ˆâ–ˆâ–ˆâ–ˆâ–ˆâ–ˆâ–ˆâ–ˆâ–ˆ| 1/1 [00:08<00:00,  8.57s/it]

 52%|â–ˆâ–ˆâ–ˆâ–ˆâ–ˆâ–    | 74/142 [12:30<10:02,  8.86s/it]

  0%|          | 0/1 [00:00<?, ?it/s][A

100%|â–ˆâ–ˆâ–ˆâ–ˆâ–ˆâ–ˆâ–ˆâ–ˆâ–ˆâ–ˆ| 1/1 [00:05<00:00,  5.20s/it][A
100%|â–ˆâ–ˆâ–ˆâ–ˆâ–ˆâ–ˆâ–ˆâ–ˆâ–ˆâ–ˆ| 1/1 [00:05<00:00,  5.27s/it]

 53%|â–ˆâ–ˆâ–ˆâ–ˆâ–ˆâ–Ž    | 75/142 [12:35<08:41,  7.79s/it]

  0%|          | 0/2 [00:00<?, ?it/s][A

 50%|â–ˆâ–ˆâ–ˆâ–ˆâ–ˆ     | 1/2 [00:08<00:08,  8.52s/it][A

100%|â–ˆâ–ˆâ–ˆâ–ˆâ–ˆâ–ˆâ–ˆâ–ˆâ–ˆâ–ˆ| 2/2 [00:08<00:00,  3.60s/it][A
100%|â–ˆâ–ˆâ–ˆâ–ˆâ–ˆâ–ˆâ–ˆâ–ˆâ–ˆâ–ˆ| 2/2 [00:08<00:00,  4.40s/it]

 54%|â–ˆâ–ˆâ–ˆâ–ˆâ–ˆâ–Ž    | 76/142 [12:44<08:54,  8.10s/it]

  0%|          | 0/2 [00:00<?, ?it/s][A

 50%|â–ˆâ–ˆâ–ˆâ–ˆâ–ˆ     | 1/2 [00:08<00:08,  8.41s/it][A

100%|â–ˆâ–ˆâ–ˆâ–ˆâ–ˆâ–ˆâ–ˆâ–ˆâ–ˆâ–ˆ| 2/2 [00:12<00:00,  6.16s/it][A
100%|â–ˆâ–ˆâ–ˆâ–ˆâ–ˆâ–ˆâ–ˆâ–ˆâ–ˆâ–ˆ| 2/2 [00:13<00:00,  6.56s/it]

 54%|â–ˆâ–ˆâ–ˆâ–ˆâ–ˆâ–    | 77/142 [12:57<10:24,  9.61s/it]

  0%|          | 0/1 [00:00<?, ?it/s][A

100%|â–ˆâ–ˆâ–ˆâ–ˆâ–ˆâ–ˆâ–ˆâ–ˆâ–ˆâ–ˆ| 1/1 [00:05<00:00,  5.21s/it][A
100%|â–ˆâ–ˆâ–ˆâ–ˆâ–ˆâ–ˆâ–ˆâ–ˆâ–ˆâ–ˆ| 1/1 [00:05<00:00,  5.31s/it]

 55%|â–ˆâ–ˆâ–ˆâ–ˆâ–ˆâ–    | 78/142 [13:02<08:52,  8.32s/it]

  0%|          | 0/2 [00:00<?, ?it/s][A/home/graduate2024/miniconda3/lib/python3.12/site-packages/PIL/TiffImagePlugin.py:900: UserWarning: Truncated File Read
  warnings.warn(str(msg))


 50%|â–ˆâ–ˆâ–ˆâ–ˆâ–ˆ     | 1/2 [00:08<00:08,  8.80s/it][A

100%|â–ˆâ–ˆâ–ˆâ–ˆâ–ˆâ–ˆâ–ˆâ–ˆâ–ˆâ–ˆ| 2/2 [00:11<00:00,  5.40s/it][A
100%|â–ˆâ–ˆâ–ˆâ–ˆâ–ˆâ–ˆâ–ˆâ–ˆâ–ˆâ–ˆ| 2/2 [00:11<00:00,  5.98s/it]

 56%|â–ˆâ–ˆâ–ˆâ–ˆâ–ˆâ–Œ    | 79/142 [13:14<09:53,  9.42s/it]

  0%|          | 0/1 [00:00<?, ?it/s][A

100%|â–ˆâ–ˆâ–ˆâ–ˆâ–ˆâ–ˆâ–ˆâ–ˆâ–ˆâ–ˆ| 1/1 [00:08<00:00,  8.43s/it][A
100%|â–ˆâ–ˆâ–ˆâ–ˆâ–ˆâ–ˆâ–ˆâ–ˆâ–ˆâ–ˆ| 1/1 [00:08<00:00,  8.57s/it]

 56%|â–ˆâ–ˆâ–ˆâ–ˆâ–ˆâ–‹    | 80/142 [13:23<09:28,  9.16s/it]

  0%|          | 0/2 [00:00<?, ?it/s][A

 50%|â–ˆâ–ˆâ–ˆâ–ˆâ–ˆ     | 1/2 [00:10<00:10, 10.12s/it][A

100%|â–ˆâ–ˆâ–ˆâ–ˆâ–ˆâ–ˆâ–ˆâ–ˆâ–ˆâ–ˆ| 2/2 [00:12<00:00,  5.47s/it][A
100%|â–ˆâ–ˆâ–ˆâ–ˆâ–ˆâ–ˆâ–ˆâ–ˆâ–ˆâ–ˆ| 2/2 [00:12<00:00,  6.24s/it]

 57%|â–ˆâ–ˆâ–ˆâ–ˆâ–ˆâ–‹    | 81/142 [13:35<10:19, 10.16s/it]

  0%|          | 0/2 [00:00<?, ?it/s][A

 50%|â–ˆâ–ˆâ–ˆâ–ˆâ–ˆ     | 1/2 [00:08<00:08,  8.59s/it][A

100%|â–ˆâ–ˆâ–ˆâ–ˆâ–ˆâ–ˆâ–ˆâ–ˆâ–ˆâ–ˆ| 2/2 [00:08<00:00,  3.62s/it][A
100%|â–ˆâ–ˆâ–ˆâ–ˆâ–ˆâ–ˆâ–ˆâ–ˆâ–ˆâ–ˆ| 2/2 [00:08<00:00,  4.43s/it]

 58%|â–ˆâ–ˆâ–ˆâ–ˆâ–ˆâ–Š    | 82/142 [13:44<09:46,  9.78s/it]

  0%|          | 0/2 [00:00<?, ?it/s][A

 50%|â–ˆâ–ˆâ–ˆâ–ˆâ–ˆ     | 1/2 [00:08<00:08,  8.83s/it][A

100%|â–ˆâ–ˆâ–ˆâ–ˆâ–ˆâ–ˆâ–ˆâ–ˆâ–ˆâ–ˆ| 2/2 [00:11<00:00,  5.41s/it][A
100%|â–ˆâ–ˆâ–ˆâ–ˆâ–ˆâ–ˆâ–ˆâ–ˆâ–ˆâ–ˆ| 2/2 [00:11<00:00,  5.97s/it]

 58%|â–ˆâ–ˆâ–ˆâ–ˆâ–ˆâ–Š    | 83/142 [13:56<10:15, 10.43s/it]

  0%|          | 0/2 [00:00<?, ?it/s][A

 50%|â–ˆâ–ˆâ–ˆâ–ˆâ–ˆ     | 1/2 [00:08<00:08,  8.46s/it][A

100%|â–ˆâ–ˆâ–ˆâ–ˆâ–ˆâ–ˆâ–ˆâ–ˆâ–ˆâ–ˆ| 2/2 [00:08<00:00,  3.60s/it][A
100%|â–ˆâ–ˆâ–ˆâ–ˆâ–ˆâ–ˆâ–ˆâ–ˆâ–ˆâ–ˆ| 2/2 [00:08<00:00,  4.38s/it]

 59%|â–ˆâ–ˆâ–ˆâ–ˆâ–ˆâ–‰    | 84/142 [14:05<09:36,  9.93s/it]

  0%|          | 0/2 [00:00<?, ?it/s][A/home/graduate2024/miniconda3/lib/python3.12/site-packages/PIL/TiffImagePlugin.py:900: UserWarning: Truncated File Read
  warnings.warn(str(msg))


 50%|â–ˆâ–ˆâ–ˆâ–ˆâ–ˆ     | 1/2 [00:08<00:08,  8.51s/it][A

100%|â–ˆâ–ˆâ–ˆâ–ˆâ–ˆâ–ˆâ–ˆâ–ˆâ–ˆâ–ˆ| 2/2 [00:14<00:00,  7.16s/it][A
100%|â–ˆâ–ˆâ–ˆâ–ˆâ–ˆâ–ˆâ–ˆâ–ˆâ–ˆâ–ˆ| 2/2 [00:14<00:00,  7.42s/it]

 60%|â–ˆâ–ˆâ–ˆâ–ˆâ–ˆâ–‰    | 85/142 [14:20<10:50, 11.41s/it]

  0%|          | 0/2 [00:00<?, ?it/s][A

 50%|â–ˆâ–ˆâ–ˆâ–ˆâ–ˆ     | 1/2 [00:08<00:08,  8.55s/it][A

100%|â–ˆâ–ˆâ–ˆâ–ˆâ–ˆâ–ˆâ–ˆâ–ˆâ–ˆâ–ˆ| 2/2 [00:11<00:00,  5.34s/it][A
100%|â–ˆâ–ˆâ–ˆâ–ˆâ–ˆâ–ˆâ–ˆâ–ˆâ–ˆâ–ˆ| 2/2 [00:11<00:00,  5.88s/it]

 61%|â–ˆâ–ˆâ–ˆâ–ˆâ–ˆâ–ˆ    | 86/142 [14:32<10:45, 11.52s/it]

  0%|          | 0/1 [00:00<?, ?it/s][A

100%|â–ˆâ–ˆâ–ˆâ–ˆâ–ˆâ–ˆâ–ˆâ–ˆâ–ˆâ–ˆ| 1/1 [00:01<00:00,  1.09s/it][A
100%|â–ˆâ–ˆâ–ˆâ–ˆâ–ˆâ–ˆâ–ˆâ–ˆâ–ˆâ–ˆ| 1/1 [00:01<00:00,  1.15s/it]

 61%|â–ˆâ–ˆâ–ˆâ–ˆâ–ˆâ–ˆâ–   | 87/142 [14:33<07:42,  8.41s/it]

  0%|          | 0/2 [00:00<?, ?it/s][A

 50%|â–ˆâ–ˆâ–ˆâ–ˆâ–ˆ     | 1/2 [00:08<00:08,  8.59s/it][A

100%|â–ˆâ–ˆâ–ˆâ–ˆâ–ˆâ–ˆâ–ˆâ–ˆâ–ˆâ–ˆ| 2/2 [00:11<00:00,  5.25s/it][A
100%|â–ˆâ–ˆâ–ˆâ–ˆâ–ˆâ–ˆâ–ˆâ–ˆâ–ˆâ–ˆ| 2/2 [00:11<00:00,  5.82s/it]

 62%|â–ˆâ–ˆâ–ˆâ–ˆâ–ˆâ–ˆâ–   | 88/142 [14:45<08:26,  9.39s/it]

  0%|          | 0/2 [00:00<?, ?it/s][A

 50%|â–ˆâ–ˆâ–ˆâ–ˆâ–ˆ     | 1/2 [00:08<00:08,  8.96s/it][A

100%|â–ˆâ–ˆâ–ˆâ–ˆâ–ˆâ–ˆâ–ˆâ–ˆâ–ˆâ–ˆ| 2/2 [00:12<00:00,  5.66s/it][A
100%|â–ˆâ–ˆâ–ˆâ–ˆâ–ˆâ–ˆâ–ˆâ–ˆâ–ˆâ–ˆ| 2/2 [00:12<00:00,  6.22s/it]

 63%|â–ˆâ–ˆâ–ˆâ–ˆâ–ˆâ–ˆâ–Ž   | 89/142 [14:57<09:06, 10.31s/it]

  0%|          | 0/2 [00:00<?, ?it/s][A

 50%|â–ˆâ–ˆâ–ˆâ–ˆâ–ˆ     | 1/2 [00:08<00:08,  8.70s/it][A

100%|â–ˆâ–ˆâ–ˆâ–ˆâ–ˆâ–ˆâ–ˆâ–ˆâ–ˆâ–ˆ| 2/2 [00:14<00:00,  7.22s/it][A
100%|â–ˆâ–ˆâ–ˆâ–ˆâ–ˆâ–ˆâ–ˆâ–ˆâ–ˆâ–ˆ| 2/2 [00:15<00:00,  7.51s/it]

 63%|â–ˆâ–ˆâ–ˆâ–ˆâ–ˆâ–ˆâ–Ž   | 90/142 [15:12<10:09, 11.73s/it]

  0%|          | 0/2 [00:00<?, ?it/s][A

 50%|â–ˆâ–ˆâ–ˆâ–ˆâ–ˆ     | 1/2 [00:09<00:09,  9.20s/it][A

100%|â–ˆâ–ˆâ–ˆâ–ˆâ–ˆâ–ˆâ–ˆâ–ˆâ–ˆâ–ˆ| 2/2 [00:17<00:00,  8.51s/it][A
100%|â–ˆâ–ˆâ–ˆâ–ˆâ–ˆâ–ˆâ–ˆâ–ˆâ–ˆâ–ˆ| 2/2 [00:17<00:00,  8.69s/it]

 64%|â–ˆâ–ˆâ–ˆâ–ˆâ–ˆâ–ˆâ–   | 91/142 [15:29<11:24, 13.43s/it]

  0%|          | 0/1 [00:00<?, ?it/s][A

100%|â–ˆâ–ˆâ–ˆâ–ˆâ–ˆâ–ˆâ–ˆâ–ˆâ–ˆâ–ˆ| 1/1 [00:12<00:00, 12.09s/it][A
100%|â–ˆâ–ˆâ–ˆâ–ˆâ–ˆâ–ˆâ–ˆâ–ˆâ–ˆâ–ˆ| 1/1 [00:12<00:00, 12.22s/it]

 65%|â–ˆâ–ˆâ–ˆâ–ˆâ–ˆâ–ˆâ–   | 92/142 [15:42<10:53, 13.07s/it]

  0%|          | 0/1 [00:00<?, ?it/s][A

100%|â–ˆâ–ˆâ–ˆâ–ˆâ–ˆâ–ˆâ–ˆâ–ˆâ–ˆâ–ˆ| 1/1 [00:05<00:00,  5.02s/it][A
100%|â–ˆâ–ˆâ–ˆâ–ˆâ–ˆâ–ˆâ–ˆâ–ˆâ–ˆâ–ˆ| 1/1 [00:05<00:00,  5.17s/it]

 65%|â–ˆâ–ˆâ–ˆâ–ˆâ–ˆâ–ˆâ–Œ   | 93/142 [15:47<08:44, 10.71s/it]

  0%|          | 0/2 [00:00<?, ?it/s][A

 50%|â–ˆâ–ˆâ–ˆâ–ˆâ–ˆ     | 1/2 [00:08<00:08,  8.89s/it][A

100%|â–ˆâ–ˆâ–ˆâ–ˆâ–ˆâ–ˆâ–ˆâ–ˆâ–ˆâ–ˆ| 2/2 [00:11<00:00,  5.34s/it][A
100%|â–ˆâ–ˆâ–ˆâ–ˆâ–ˆâ–ˆâ–ˆâ–ˆâ–ˆâ–ˆ| 2/2 [00:11<00:00,  5.92s/it]

 66%|â–ˆâ–ˆâ–ˆâ–ˆâ–ˆâ–ˆâ–Œ   | 94/142 [15:59<08:50, 11.05s/it]

  0%|          | 0/2 [00:00<?, ?it/s][A

 50%|â–ˆâ–ˆâ–ˆâ–ˆâ–ˆ     | 1/2 [00:07<00:07,  7.97s/it][A

100%|â–ˆâ–ˆâ–ˆâ–ˆâ–ˆâ–ˆâ–ˆâ–ˆâ–ˆâ–ˆ| 2/2 [00:13<00:00,  6.44s/it][A
100%|â–ˆâ–ˆâ–ˆâ–ˆâ–ˆâ–ˆâ–ˆâ–ˆâ–ˆâ–ˆ| 2/2 [00:13<00:00,  6.73s/it]

 67%|â–ˆâ–ˆâ–ˆâ–ˆâ–ˆâ–ˆâ–‹   | 95/142 [16:12<09:13, 11.78s/it]

  0%|          | 0/1 [00:00<?, ?it/s][A

100%|â–ˆâ–ˆâ–ˆâ–ˆâ–ˆâ–ˆâ–ˆâ–ˆâ–ˆâ–ˆ| 1/1 [00:10<00:00, 10.29s/it][A
100%|â–ˆâ–ˆâ–ˆâ–ˆâ–ˆâ–ˆâ–ˆâ–ˆâ–ˆâ–ˆ| 1/1 [00:10<00:00, 10.43s/it]

 68%|â–ˆâ–ˆâ–ˆâ–ˆâ–ˆâ–ˆâ–Š   | 96/142 [16:23<08:43, 11.38s/it]

  0%|          | 0/1 [00:00<?, ?it/s][A

100%|â–ˆâ–ˆâ–ˆâ–ˆâ–ˆâ–ˆâ–ˆâ–ˆâ–ˆâ–ˆ| 1/1 [00:01<00:00,  1.17s/it][A
100%|â–ˆâ–ˆâ–ˆâ–ˆâ–ˆâ–ˆâ–ˆâ–ˆâ–ˆâ–ˆ| 1/1 [00:01<00:00,  1.24s/it]

 68%|â–ˆâ–ˆâ–ˆâ–ˆâ–ˆâ–ˆâ–Š   | 97/142 [16:24<06:15,  8.34s/it]

  0%|          | 0/1 [00:00<?, ?it/s][A

100%|â–ˆâ–ˆâ–ˆâ–ˆâ–ˆâ–ˆâ–ˆâ–ˆâ–ˆâ–ˆ| 1/1 [00:09<00:00,  9.76s/it][A
100%|â–ˆâ–ˆâ–ˆâ–ˆâ–ˆâ–ˆâ–ˆâ–ˆâ–ˆâ–ˆ| 1/1 [00:09<00:00,  9.88s/it]

 69%|â–ˆâ–ˆâ–ˆâ–ˆâ–ˆâ–ˆâ–‰   | 98/142 [16:34<06:27,  8.81s/it]

  0%|          | 0/1 [00:00<?, ?it/s][A

100%|â–ˆâ–ˆâ–ˆâ–ˆâ–ˆâ–ˆâ–ˆâ–ˆâ–ˆâ–ˆ| 1/1 [00:07<00:00,  7.89s/it][A
100%|â–ˆâ–ˆâ–ˆâ–ˆâ–ˆâ–ˆâ–ˆâ–ˆâ–ˆâ–ˆ| 1/1 [00:07<00:00,  7.99s/it]

 70%|â–ˆâ–ˆâ–ˆâ–ˆâ–ˆâ–ˆâ–‰   | 99/142 [16:42<06:08,  8.57s/it]

  0%|          | 0/3 [00:00<?, ?it/s][A

 33%|â–ˆâ–ˆâ–ˆâ–Ž      | 1/3 [00:09<00:19,  9.59s/it][A

 67%|â–ˆâ–ˆâ–ˆâ–ˆâ–ˆâ–ˆâ–‹   | 2/3 [00:14<00:06,  6.74s/it][A

100%|â–ˆâ–ˆâ–ˆâ–ˆâ–ˆâ–ˆâ–ˆâ–ˆâ–ˆâ–ˆ| 3/3 [00:16<00:00,  4.67s/it][A
100%|â–ˆâ–ˆâ–ˆâ–ˆâ–ˆâ–ˆâ–ˆâ–ˆâ–ˆâ–ˆ| 3/3 [00:16<00:00,  5.56s/it]

 70%|â–ˆâ–ˆâ–ˆâ–ˆâ–ˆâ–ˆâ–ˆ   | 100/142 [16:58<07:42, 11.01s/it]

  0%|          | 0/2 [00:00<?, ?it/s][A

 50%|â–ˆâ–ˆâ–ˆâ–ˆâ–ˆ     | 1/2 [00:08<00:08,  8.44s/it][A

100%|â–ˆâ–ˆâ–ˆâ–ˆâ–ˆâ–ˆâ–ˆâ–ˆâ–ˆâ–ˆ| 2/2 [00:09<00:00,  4.30s/it][A
100%|â–ˆâ–ˆâ–ˆâ–ˆâ–ˆâ–ˆâ–ˆâ–ˆâ–ˆâ–ˆ| 2/2 [00:09<00:00,  4.99s/it]

 71%|â–ˆâ–ˆâ–ˆâ–ˆâ–ˆâ–ˆâ–ˆ   | 101/142 [17:08<07:18, 10.70s/it]

  0%|          | 0/2 [00:00<?, ?it/s][A

 50%|â–ˆâ–ˆâ–ˆâ–ˆâ–ˆ     | 1/2 [00:09<00:09,  9.29s/it][A

100%|â–ˆâ–ˆâ–ˆâ–ˆâ–ˆâ–ˆâ–ˆâ–ˆâ–ˆâ–ˆ| 2/2 [00:12<00:00,  5.82s/it][A
100%|â–ˆâ–ˆâ–ˆâ–ˆâ–ˆâ–ˆâ–ˆâ–ˆâ–ˆâ–ˆ| 2/2 [00:12<00:00,  6.41s/it]

 72%|â–ˆâ–ˆâ–ˆâ–ˆâ–ˆâ–ˆâ–ˆâ–  | 102/142 [17:21<07:33, 11.34s/it]

  0%|          | 0/1 [00:00<?, ?it/s][A

100%|â–ˆâ–ˆâ–ˆâ–ˆâ–ˆâ–ˆâ–ˆâ–ˆâ–ˆâ–ˆ| 1/1 [00:10<00:00, 10.09s/it][A
100%|â–ˆâ–ˆâ–ˆâ–ˆâ–ˆâ–ˆâ–ˆâ–ˆâ–ˆâ–ˆ| 1/1 [00:10<00:00, 10.27s/it]

 73%|â–ˆâ–ˆâ–ˆâ–ˆâ–ˆâ–ˆâ–ˆâ–Ž  | 103/142 [17:32<07:09, 11.02s/it]

  0%|          | 0/2 [00:00<?, ?it/s][A

 50%|â–ˆâ–ˆâ–ˆâ–ˆâ–ˆ     | 1/2 [00:08<00:08,  8.28s/it][A

100%|â–ˆâ–ˆâ–ˆâ–ˆâ–ˆâ–ˆâ–ˆâ–ˆâ–ˆâ–ˆ| 2/2 [00:12<00:00,  6.12s/it][A
100%|â–ˆâ–ˆâ–ˆâ–ˆâ–ˆâ–ˆâ–ˆâ–ˆâ–ˆâ–ˆ| 2/2 [00:13<00:00,  6.53s/it]

 73%|â–ˆâ–ˆâ–ˆâ–ˆâ–ˆâ–ˆâ–ˆâ–Ž  | 104/142 [17:45<07:22, 11.64s/it]

  0%|          | 0/1 [00:00<?, ?it/s][A

100%|â–ˆâ–ˆâ–ˆâ–ˆâ–ˆâ–ˆâ–ˆâ–ˆâ–ˆâ–ˆ| 1/1 [00:05<00:00,  5.96s/it][A
100%|â–ˆâ–ˆâ–ˆâ–ˆâ–ˆâ–ˆâ–ˆâ–ˆâ–ˆâ–ˆ| 1/1 [00:06<00:00,  6.04s/it]

 74%|â–ˆâ–ˆâ–ˆâ–ˆâ–ˆâ–ˆâ–ˆâ–  | 105/142 [17:51<06:08,  9.96s/it]

  0%|          | 0/2 [00:00<?, ?it/s][A

 50%|â–ˆâ–ˆâ–ˆâ–ˆâ–ˆ     | 1/2 [00:07<00:07,  7.92s/it][A

100%|â–ˆâ–ˆâ–ˆâ–ˆâ–ˆâ–ˆâ–ˆâ–ˆâ–ˆâ–ˆ| 2/2 [00:10<00:00,  4.70s/it][A
100%|â–ˆâ–ˆâ–ˆâ–ˆâ–ˆâ–ˆâ–ˆâ–ˆâ–ˆâ–ˆ| 2/2 [00:10<00:00,  5.25s/it]

 75%|â–ˆâ–ˆâ–ˆâ–ˆâ–ˆâ–ˆâ–ˆâ–  | 106/142 [18:01<06:04, 10.12s/it]

  0%|          | 0/1 [00:00<?, ?it/s][A

100%|â–ˆâ–ˆâ–ˆâ–ˆâ–ˆâ–ˆâ–ˆâ–ˆâ–ˆâ–ˆ| 1/1 [00:08<00:00,  8.16s/it][A
100%|â–ˆâ–ˆâ–ˆâ–ˆâ–ˆâ–ˆâ–ˆâ–ˆâ–ˆâ–ˆ| 1/1 [00:08<00:00,  8.27s/it]

 75%|â–ˆâ–ˆâ–ˆâ–ˆâ–ˆâ–ˆâ–ˆâ–Œ  | 107/142 [18:10<05:34,  9.57s/it]

  0%|          | 0/1 [00:00<?, ?it/s][A

100%|â–ˆâ–ˆâ–ˆâ–ˆâ–ˆâ–ˆâ–ˆâ–ˆâ–ˆâ–ˆ| 1/1 [00:11<00:00, 11.88s/it][A
100%|â–ˆâ–ˆâ–ˆâ–ˆâ–ˆâ–ˆâ–ˆâ–ˆâ–ˆâ–ˆ| 1/1 [00:12<00:00, 12.05s/it]

 76%|â–ˆâ–ˆâ–ˆâ–ˆâ–ˆâ–ˆâ–ˆâ–Œ  | 108/142 [18:22<05:50, 10.32s/it]

  0%|          | 0/2 [00:00<?, ?it/s][A

 50%|â–ˆâ–ˆâ–ˆâ–ˆâ–ˆ     | 1/2 [00:08<00:08,  8.98s/it][A

100%|â–ˆâ–ˆâ–ˆâ–ˆâ–ˆâ–ˆâ–ˆâ–ˆâ–ˆâ–ˆ| 2/2 [00:09<00:00,  3.77s/it][A
100%|â–ˆâ–ˆâ–ˆâ–ˆâ–ˆâ–ˆâ–ˆâ–ˆâ–ˆâ–ˆ| 2/2 [00:09<00:00,  4.62s/it]

 77%|â–ˆâ–ˆâ–ˆâ–ˆâ–ˆâ–ˆâ–ˆâ–‹  | 109/142 [18:31<05:29, 10.00s/it]

  0%|          | 0/1 [00:00<?, ?it/s][A

100%|â–ˆâ–ˆâ–ˆâ–ˆâ–ˆâ–ˆâ–ˆâ–ˆâ–ˆâ–ˆ| 1/1 [00:08<00:00,  8.89s/it][A
100%|â–ˆâ–ˆâ–ˆâ–ˆâ–ˆâ–ˆâ–ˆâ–ˆâ–ˆâ–ˆ| 1/1 [00:09<00:00,  9.06s/it]

 77%|â–ˆâ–ˆâ–ˆâ–ˆâ–ˆâ–ˆâ–ˆâ–‹  | 110/142 [18:40<05:11,  9.72s/it]

  0%|          | 0/2 [00:00<?, ?it/s][A

 50%|â–ˆâ–ˆâ–ˆâ–ˆâ–ˆ     | 1/2 [00:09<00:09,  9.77s/it][A

100%|â–ˆâ–ˆâ–ˆâ–ˆâ–ˆâ–ˆâ–ˆâ–ˆâ–ˆâ–ˆ| 2/2 [00:13<00:00,  6.21s/it][A
100%|â–ˆâ–ˆâ–ˆâ–ˆâ–ˆâ–ˆâ–ˆâ–ˆâ–ˆâ–ˆ| 2/2 [00:13<00:00,  6.81s/it]

 78%|â–ˆâ–ˆâ–ˆâ–ˆâ–ˆâ–ˆâ–ˆâ–Š  | 111/142 [18:54<05:37, 10.90s/it]

  0%|          | 0/1 [00:00<?, ?it/s][A

100%|â–ˆâ–ˆâ–ˆâ–ˆâ–ˆâ–ˆâ–ˆâ–ˆâ–ˆâ–ˆ| 1/1 [00:09<00:00,  9.12s/it][A
100%|â–ˆâ–ˆâ–ˆâ–ˆâ–ˆâ–ˆâ–ˆâ–ˆâ–ˆâ–ˆ| 1/1 [00:09<00:00,  9.20s/it]

 79%|â–ˆâ–ˆâ–ˆâ–ˆâ–ˆâ–ˆâ–ˆâ–‰  | 112/142 [19:03<05:11, 10.39s/it]

  0%|          | 0/2 [00:00<?, ?it/s][A

 50%|â–ˆâ–ˆâ–ˆâ–ˆâ–ˆ     | 1/2 [00:08<00:08,  8.53s/it][A

100%|â–ˆâ–ˆâ–ˆâ–ˆâ–ˆâ–ˆâ–ˆâ–ˆâ–ˆâ–ˆ| 2/2 [00:11<00:00,  5.25s/it][A
100%|â–ˆâ–ˆâ–ˆâ–ˆâ–ˆâ–ˆâ–ˆâ–ˆâ–ˆâ–ˆ| 2/2 [00:11<00:00,  5.80s/it]

 80%|â–ˆâ–ˆâ–ˆâ–ˆâ–ˆâ–ˆâ–ˆâ–‰  | 113/142 [19:14<05:12, 10.76s/it]

  0%|          | 0/1 [00:00<?, ?it/s][A

100%|â–ˆâ–ˆâ–ˆâ–ˆâ–ˆâ–ˆâ–ˆâ–ˆâ–ˆâ–ˆ| 1/1 [00:09<00:00,  9.32s/it][A
100%|â–ˆâ–ˆâ–ˆâ–ˆâ–ˆâ–ˆâ–ˆâ–ˆâ–ˆâ–ˆ| 1/1 [00:09<00:00,  9.41s/it]

 80%|â–ˆâ–ˆâ–ˆâ–ˆâ–ˆâ–ˆâ–ˆâ–ˆ  | 114/142 [19:24<04:50, 10.36s/it]

  0%|          | 0/1 [00:00<?, ?it/s][A

100%|â–ˆâ–ˆâ–ˆâ–ˆâ–ˆâ–ˆâ–ˆâ–ˆâ–ˆâ–ˆ| 1/1 [00:07<00:00,  7.22s/it][A
100%|â–ˆâ–ˆâ–ˆâ–ˆâ–ˆâ–ˆâ–ˆâ–ˆâ–ˆâ–ˆ| 1/1 [00:07<00:00,  7.32s/it]

 81%|â–ˆâ–ˆâ–ˆâ–ˆâ–ˆâ–ˆâ–ˆâ–ˆ  | 115/142 [19:31<04:15,  9.45s/it]

  0%|          | 0/2 [00:00<?, ?it/s][A

 50%|â–ˆâ–ˆâ–ˆâ–ˆâ–ˆ     | 1/2 [00:09<00:09,  9.51s/it][A

100%|â–ˆâ–ˆâ–ˆâ–ˆâ–ˆâ–ˆâ–ˆâ–ˆâ–ˆâ–ˆ| 2/2 [00:16<00:00,  8.15s/it][A
100%|â–ˆâ–ˆâ–ˆâ–ˆâ–ˆâ–ˆâ–ˆâ–ˆâ–ˆâ–ˆ| 2/2 [00:16<00:00,  8.48s/it]

 82%|â–ˆâ–ˆâ–ˆâ–ˆâ–ˆâ–ˆâ–ˆâ–ˆâ– | 116/142 [19:48<05:04, 11.71s/it]

  0%|          | 0/2 [00:00<?, ?it/s][A

 50%|â–ˆâ–ˆâ–ˆâ–ˆâ–ˆ     | 1/2 [00:09<00:09,  9.19s/it][A

100%|â–ˆâ–ˆâ–ˆâ–ˆâ–ˆâ–ˆâ–ˆâ–ˆâ–ˆâ–ˆ| 2/2 [00:12<00:00,  5.89s/it][A
100%|â–ˆâ–ˆâ–ˆâ–ˆâ–ˆâ–ˆâ–ˆâ–ˆâ–ˆâ–ˆ| 2/2 [00:12<00:00,  6.44s/it]

 82%|â–ˆâ–ˆâ–ˆâ–ˆâ–ˆâ–ˆâ–ˆâ–ˆâ– | 117/142 [20:01<05:01, 12.07s/it]

  0%|          | 0/2 [00:00<?, ?it/s][A

 50%|â–ˆâ–ˆâ–ˆâ–ˆâ–ˆ     | 1/2 [00:09<00:09,  9.43s/it][A

100%|â–ˆâ–ˆâ–ˆâ–ˆâ–ˆâ–ˆâ–ˆâ–ˆâ–ˆâ–ˆ| 2/2 [00:13<00:00,  6.00s/it][A
100%|â–ˆâ–ˆâ–ˆâ–ˆâ–ˆâ–ˆâ–ˆâ–ˆâ–ˆâ–ˆ| 2/2 [00:13<00:00,  6.60s/it]

 83%|â–ˆâ–ˆâ–ˆâ–ˆâ–ˆâ–ˆâ–ˆâ–ˆâ–Ž | 118/142 [20:14<04:57, 12.41s/it]

  0%|          | 0/1 [00:00<?, ?it/s][A

100%|â–ˆâ–ˆâ–ˆâ–ˆâ–ˆâ–ˆâ–ˆâ–ˆâ–ˆâ–ˆ| 1/1 [00:02<00:00,  2.30s/it][A
100%|â–ˆâ–ˆâ–ˆâ–ˆâ–ˆâ–ˆâ–ˆâ–ˆâ–ˆâ–ˆ| 1/1 [00:02<00:00,  2.36s/it]

 84%|â–ˆâ–ˆâ–ˆâ–ˆâ–ˆâ–ˆâ–ˆâ–ˆâ– | 119/142 [20:17<03:36,  9.40s/it]

  0%|          | 0/1 [00:00<?, ?it/s][A

100%|â–ˆâ–ˆâ–ˆâ–ˆâ–ˆâ–ˆâ–ˆâ–ˆâ–ˆâ–ˆ| 1/1 [00:06<00:00,  6.06s/it][A
100%|â–ˆâ–ˆâ–ˆâ–ˆâ–ˆâ–ˆâ–ˆâ–ˆâ–ˆâ–ˆ| 1/1 [00:06<00:00,  6.17s/it]

 85%|â–ˆâ–ˆâ–ˆâ–ˆâ–ˆâ–ˆâ–ˆâ–ˆâ– | 120/142 [20:23<03:05,  8.43s/it]

  0%|          | 0/2 [00:00<?, ?it/s][A

 50%|â–ˆâ–ˆâ–ˆâ–ˆâ–ˆ     | 1/2 [00:09<00:09,  9.31s/it][A

100%|â–ˆâ–ˆâ–ˆâ–ˆâ–ˆâ–ˆâ–ˆâ–ˆâ–ˆâ–ˆ| 2/2 [00:09<00:00,  4.23s/it][A
100%|â–ˆâ–ˆâ–ˆâ–ˆâ–ˆâ–ˆâ–ˆâ–ˆâ–ˆâ–ˆ| 2/2 [00:10<00:00,  5.06s/it]

 85%|â–ˆâ–ˆâ–ˆâ–ˆâ–ˆâ–ˆâ–ˆâ–ˆâ–Œ | 121/142 [20:33<03:07,  8.95s/it]

  0%|          | 0/1 [00:00<?, ?it/s][A

100%|â–ˆâ–ˆâ–ˆâ–ˆâ–ˆâ–ˆâ–ˆâ–ˆâ–ˆâ–ˆ| 1/1 [00:08<00:00,  8.28s/it][A
100%|â–ˆâ–ˆâ–ˆâ–ˆâ–ˆâ–ˆâ–ˆâ–ˆâ–ˆâ–ˆ| 1/1 [00:08<00:00,  8.41s/it]

 86%|â–ˆâ–ˆâ–ˆâ–ˆâ–ˆâ–ˆâ–ˆâ–ˆâ–Œ | 122/142 [20:41<02:55,  8.79s/it]

  0%|          | 0/2 [00:00<?, ?it/s][A

 50%|â–ˆâ–ˆâ–ˆâ–ˆâ–ˆ     | 1/2 [00:09<00:09,  9.48s/it][A

100%|â–ˆâ–ˆâ–ˆâ–ˆâ–ˆâ–ˆâ–ˆâ–ˆâ–ˆâ–ˆ| 2/2 [00:15<00:00,  7.24s/it][A
100%|â–ˆâ–ˆâ–ˆâ–ˆâ–ˆâ–ˆâ–ˆâ–ˆâ–ˆâ–ˆ| 2/2 [00:15<00:00,  7.67s/it]

 87%|â–ˆâ–ˆâ–ˆâ–ˆâ–ˆâ–ˆâ–ˆâ–ˆâ–‹ | 123/142 [20:57<03:24, 10.76s/it]

  0%|          | 0/1 [00:00<?, ?it/s][A

100%|â–ˆâ–ˆâ–ˆâ–ˆâ–ˆâ–ˆâ–ˆâ–ˆâ–ˆâ–ˆ| 1/1 [00:03<00:00,  3.74s/it][A
100%|â–ˆâ–ˆâ–ˆâ–ˆâ–ˆâ–ˆâ–ˆâ–ˆâ–ˆâ–ˆ| 1/1 [00:03<00:00,  3.86s/it]

 87%|â–ˆâ–ˆâ–ˆâ–ˆâ–ˆâ–ˆâ–ˆâ–ˆâ–‹ | 124/142 [21:01<02:36,  8.69s/it]

  0%|          | 0/1 [00:00<?, ?it/s][A

100%|â–ˆâ–ˆâ–ˆâ–ˆâ–ˆâ–ˆâ–ˆâ–ˆâ–ˆâ–ˆ| 1/1 [00:06<00:00,  6.08s/it][A
100%|â–ˆâ–ˆâ–ˆâ–ˆâ–ˆâ–ˆâ–ˆâ–ˆâ–ˆâ–ˆ| 1/1 [00:06<00:00,  6.16s/it]

 88%|â–ˆâ–ˆâ–ˆâ–ˆâ–ˆâ–ˆâ–ˆâ–ˆâ–Š | 125/142 [21:07<02:14,  7.94s/it]

  0%|          | 0/1 [00:00<?, ?it/s][A

100%|â–ˆâ–ˆâ–ˆâ–ˆâ–ˆâ–ˆâ–ˆâ–ˆâ–ˆâ–ˆ| 1/1 [00:09<00:00,  9.67s/it][A
100%|â–ˆâ–ˆâ–ˆâ–ˆâ–ˆâ–ˆâ–ˆâ–ˆâ–ˆâ–ˆ| 1/1 [00:09<00:00,  9.81s/it]

 89%|â–ˆâ–ˆâ–ˆâ–ˆâ–ˆâ–ˆâ–ˆâ–ˆâ–Š | 126/142 [21:17<02:16,  8.50s/it]

  0%|          | 0/2 [00:00<?, ?it/s][A

 50%|â–ˆâ–ˆâ–ˆâ–ˆâ–ˆ     | 1/2 [00:08<00:08,  8.72s/it][A

100%|â–ˆâ–ˆâ–ˆâ–ˆâ–ˆâ–ˆâ–ˆâ–ˆâ–ˆâ–ˆ| 2/2 [00:11<00:00,  5.15s/it][A
100%|â–ˆâ–ˆâ–ˆâ–ˆâ–ˆâ–ˆâ–ˆâ–ˆâ–ˆâ–ˆ| 2/2 [00:11<00:00,  5.74s/it]

 89%|â–ˆâ–ˆâ–ˆâ–ˆâ–ˆâ–ˆâ–ˆâ–ˆâ–‰ | 127/142 [21:28<02:21,  9.40s/it]

  0%|          | 0/2 [00:00<?, ?it/s][A

 50%|â–ˆâ–ˆâ–ˆâ–ˆâ–ˆ     | 1/2 [00:08<00:08,  8.30s/it][A

100%|â–ˆâ–ˆâ–ˆâ–ˆâ–ˆâ–ˆâ–ˆâ–ˆâ–ˆâ–ˆ| 2/2 [00:12<00:00,  5.94s/it][A
100%|â–ˆâ–ˆâ–ˆâ–ˆâ–ˆâ–ˆâ–ˆâ–ˆâ–ˆâ–ˆ| 2/2 [00:12<00:00,  6.35s/it]

 90%|â–ˆâ–ˆâ–ˆâ–ˆâ–ˆâ–ˆâ–ˆâ–ˆâ–ˆ | 128/142 [21:41<02:25, 10.40s/it]

  0%|          | 0/2 [00:00<?, ?it/s][A

 50%|â–ˆâ–ˆâ–ˆâ–ˆâ–ˆ     | 1/2 [00:08<00:08,  8.70s/it][A

100%|â–ˆâ–ˆâ–ˆâ–ˆâ–ˆâ–ˆâ–ˆâ–ˆâ–ˆâ–ˆ| 2/2 [00:13<00:00,  6.60s/it][A
100%|â–ˆâ–ˆâ–ˆâ–ˆâ–ˆâ–ˆâ–ˆâ–ˆâ–ˆâ–ˆ| 2/2 [00:13<00:00,  6.98s/it]

 91%|â–ˆâ–ˆâ–ˆâ–ˆâ–ˆâ–ˆâ–ˆâ–ˆâ–ˆ | 129/142 [21:55<02:29, 11.47s/it]

  0%|          | 0/3 [00:00<?, ?it/s][A/home/graduate2024/miniconda3/lib/python3.12/site-packages/PIL/TiffImagePlugin.py:900: UserWarning: Truncated File Read
  warnings.warn(str(msg))
/home/graduate2024/miniconda3/lib/python3.12/site-packages/PIL/TiffImagePlugin.py:900: UserWarning: Corrupt EXIF data.  Expecting to read 12 bytes but only got 2. 
  warnings.warn(str(msg))


 33%|â–ˆâ–ˆâ–ˆâ–Ž      | 1/3 [00:09<00:19,  9.73s/it][A

 67%|â–ˆâ–ˆâ–ˆâ–ˆâ–ˆâ–ˆâ–‹   | 2/3 [00:16<00:07,  7.78s/it][A

100%|â–ˆâ–ˆâ–ˆâ–ˆâ–ˆâ–ˆâ–ˆâ–ˆâ–ˆâ–ˆ| 3/3 [00:17<00:00,  4.79s/it][A
100%|â–ˆâ–ˆâ–ˆâ–ˆâ–ˆâ–ˆâ–ˆâ–ˆâ–ˆâ–ˆ| 3/3 [00:17<00:00,  5.86s/it]

 92%|â–ˆâ–ˆâ–ˆâ–ˆâ–ˆâ–ˆâ–ˆâ–ˆâ–ˆâ–| 130/142 [22:12<02:39, 13.30s/it]

  0%|          | 0/2 [00:00<?, ?it/s][A

 50%|â–ˆâ–ˆâ–ˆâ–ˆâ–ˆ     | 1/2 [00:09<00:09,  9.69s/it][A

100%|â–ˆâ–ˆâ–ˆâ–ˆâ–ˆâ–ˆâ–ˆâ–ˆâ–ˆâ–ˆ| 2/2 [00:09<00:00,  4.07s/it][A
100%|â–ˆâ–ˆâ–ˆâ–ˆâ–ˆâ–ˆâ–ˆâ–ˆâ–ˆâ–ˆ| 2/2 [00:09<00:00,  4.97s/it]

 92%|â–ˆâ–ˆâ–ˆâ–ˆâ–ˆâ–ˆâ–ˆâ–ˆâ–ˆâ–| 131/142 [22:22<02:15, 12.30s/it]

  0%|          | 0/1 [00:00<?, ?it/s][A

100%|â–ˆâ–ˆâ–ˆâ–ˆâ–ˆâ–ˆâ–ˆâ–ˆâ–ˆâ–ˆ| 1/1 [00:03<00:00,  3.88s/it][A
100%|â–ˆâ–ˆâ–ˆâ–ˆâ–ˆâ–ˆâ–ˆâ–ˆâ–ˆâ–ˆ| 1/1 [00:03<00:00,  3.96s/it]

 93%|â–ˆâ–ˆâ–ˆâ–ˆâ–ˆâ–ˆâ–ˆâ–ˆâ–ˆâ–Ž| 132/142 [22:26<01:38,  9.80s/it]

  0%|          | 0/1 [00:00<?, ?it/s][A

100%|â–ˆâ–ˆâ–ˆâ–ˆâ–ˆâ–ˆâ–ˆâ–ˆâ–ˆâ–ˆ| 1/1 [00:03<00:00,  3.93s/it][A
100%|â–ˆâ–ˆâ–ˆâ–ˆâ–ˆâ–ˆâ–ˆâ–ˆâ–ˆâ–ˆ| 1/1 [00:04<00:00,  4.01s/it]

 94%|â–ˆâ–ˆâ–ˆâ–ˆâ–ˆâ–ˆâ–ˆâ–ˆâ–ˆâ–Ž| 133/142 [22:30<01:12,  8.07s/it]

  0%|          | 0/2 [00:00<?, ?it/s][A

 50%|â–ˆâ–ˆâ–ˆâ–ˆâ–ˆ     | 1/2 [00:08<00:08,  8.74s/it][A

100%|â–ˆâ–ˆâ–ˆâ–ˆâ–ˆâ–ˆâ–ˆâ–ˆâ–ˆâ–ˆ| 2/2 [00:13<00:00,  6.20s/it][A
100%|â–ˆâ–ˆâ–ˆâ–ˆâ–ˆâ–ˆâ–ˆâ–ˆâ–ˆâ–ˆ| 2/2 [00:13<00:00,  6.64s/it]

 94%|â–ˆâ–ˆâ–ˆâ–ˆâ–ˆâ–ˆâ–ˆâ–ˆâ–ˆâ–| 134/142 [22:44<01:17,  9.64s/it]

  0%|          | 0/2 [00:00<?, ?it/s][A

 50%|â–ˆâ–ˆâ–ˆâ–ˆâ–ˆ     | 1/2 [00:09<00:09,  9.23s/it][A

100%|â–ˆâ–ˆâ–ˆâ–ˆâ–ˆâ–ˆâ–ˆâ–ˆâ–ˆâ–ˆ| 2/2 [00:14<00:00,  6.98s/it][A
100%|â–ˆâ–ˆâ–ˆâ–ˆâ–ˆâ–ˆâ–ˆâ–ˆâ–ˆâ–ˆ| 2/2 [00:14<00:00,  7.38s/it]

 95%|â–ˆâ–ˆâ–ˆâ–ˆâ–ˆâ–ˆâ–ˆâ–ˆâ–ˆâ–Œ| 135/142 [22:58<01:18, 11.18s/it]

  0%|          | 0/1 [00:00<?, ?it/s][A

100%|â–ˆâ–ˆâ–ˆâ–ˆâ–ˆâ–ˆâ–ˆâ–ˆâ–ˆâ–ˆ| 1/1 [00:03<00:00,  3.39s/it][A
100%|â–ˆâ–ˆâ–ˆâ–ˆâ–ˆâ–ˆâ–ˆâ–ˆâ–ˆâ–ˆ| 1/1 [00:03<00:00,  3.45s/it]

 96%|â–ˆâ–ˆâ–ˆâ–ˆâ–ˆâ–ˆâ–ˆâ–ˆâ–ˆâ–Œ| 136/142 [23:02<00:53,  8.86s/it]

  0%|          | 0/2 [00:00<?, ?it/s][A

 50%|â–ˆâ–ˆâ–ˆâ–ˆâ–ˆ     | 1/2 [00:09<00:09,  9.20s/it][A

100%|â–ˆâ–ˆâ–ˆâ–ˆâ–ˆâ–ˆâ–ˆâ–ˆâ–ˆâ–ˆ| 2/2 [00:15<00:00,  7.41s/it][A
100%|â–ˆâ–ˆâ–ˆâ–ˆâ–ˆâ–ˆâ–ˆâ–ˆâ–ˆâ–ˆ| 2/2 [00:15<00:00,  7.72s/it]

 96%|â–ˆâ–ˆâ–ˆâ–ˆâ–ˆâ–ˆâ–ˆâ–ˆâ–ˆâ–‹| 137/142 [23:17<00:54, 10.84s/it]

  0%|          | 0/1 [00:00<?, ?it/s][A

100%|â–ˆâ–ˆâ–ˆâ–ˆâ–ˆâ–ˆâ–ˆâ–ˆâ–ˆâ–ˆ| 1/1 [00:05<00:00,  5.75s/it][A
100%|â–ˆâ–ˆâ–ˆâ–ˆâ–ˆâ–ˆâ–ˆâ–ˆâ–ˆâ–ˆ| 1/1 [00:05<00:00,  5.82s/it]

 97%|â–ˆâ–ˆâ–ˆâ–ˆâ–ˆâ–ˆâ–ˆâ–ˆâ–ˆâ–‹| 138/142 [23:23<00:37,  9.34s/it]

  0%|          | 0/2 [00:00<?, ?it/s][A

 50%|â–ˆâ–ˆâ–ˆâ–ˆâ–ˆ     | 1/2 [00:08<00:08,  8.38s/it][A

100%|â–ˆâ–ˆâ–ˆâ–ˆâ–ˆâ–ˆâ–ˆâ–ˆâ–ˆâ–ˆ| 2/2 [00:13<00:00,  6.28s/it][A
100%|â–ˆâ–ˆâ–ˆâ–ˆâ–ˆâ–ˆâ–ˆâ–ˆâ–ˆâ–ˆ| 2/2 [00:13<00:00,  6.66s/it]

 98%|â–ˆâ–ˆâ–ˆâ–ˆâ–ˆâ–ˆâ–ˆâ–ˆâ–ˆâ–Š| 139/142 [23:36<00:31, 10.54s/it]

  0%|          | 0/1 [00:00<?, ?it/s][A

100%|â–ˆâ–ˆâ–ˆâ–ˆâ–ˆâ–ˆâ–ˆâ–ˆâ–ˆâ–ˆ| 1/1 [00:01<00:00,  1.42s/it][A
100%|â–ˆâ–ˆâ–ˆâ–ˆâ–ˆâ–ˆâ–ˆâ–ˆâ–ˆâ–ˆ| 1/1 [00:01<00:00,  1.49s/it]

 99%|â–ˆâ–ˆâ–ˆâ–ˆâ–ˆâ–ˆâ–ˆâ–ˆâ–ˆâ–Š| 140/142 [23:38<00:15,  7.83s/it]

  0%|          | 0/2 [00:00<?, ?it/s][A

 50%|â–ˆâ–ˆâ–ˆâ–ˆâ–ˆ     | 1/2 [00:09<00:09,  9.15s/it][A

100%|â–ˆâ–ˆâ–ˆâ–ˆâ–ˆâ–ˆâ–ˆâ–ˆâ–ˆâ–ˆ| 2/2 [00:14<00:00,  6.89s/it][A
100%|â–ˆâ–ˆâ–ˆâ–ˆâ–ˆâ–ˆâ–ˆâ–ˆâ–ˆâ–ˆ| 2/2 [00:14<00:00,  7.28s/it]

 99%|â–ˆâ–ˆâ–ˆâ–ˆâ–ˆâ–ˆâ–ˆâ–ˆâ–ˆâ–‰| 141/142 [23:53<00:09,  9.85s/it]

  0%|          | 0/1 [00:00<?, ?it/s][A

100%|â–ˆâ–ˆâ–ˆâ–ˆâ–ˆâ–ˆâ–ˆâ–ˆâ–ˆâ–ˆ| 1/1 [00:05<00:00,  5.94s/it][A
100%|â–ˆâ–ˆâ–ˆâ–ˆâ–ˆâ–ˆâ–ˆâ–ˆâ–ˆâ–ˆ| 1/1 [00:06<00:00,  6.02s/it]

100%|â–ˆâ–ˆâ–ˆâ–ˆâ–ˆâ–ˆâ–ˆâ–ˆâ–ˆâ–ˆ| 142/142 [23:59<00:00,  8.71s/it]
100%|â–ˆâ–ˆâ–ˆâ–ˆâ–ˆâ–ˆâ–ˆâ–ˆâ–ˆâ–ˆ| 142/142 [23:59<00:00, 10.13s/it]
