/home/graduate2024/miniconda3/lib/python3.12/site-packages/timm/models/layers/__init__.py:48: FutureWarning: Importing from timm.models.layers is deprecated, please import via timm.layers
  warnings.warn(f"Importing from {__name__} is deprecated, please import via timm.layers", FutureWarning)
/home/graduate2024/data/CONCH-main/conch/open_clip_custom/factory.py:18: FutureWarning: You are using `torch.load` with `weights_only=False` (the current default value), which uses the default pickle module implicitly. It is possible to construct malicious pickle data which will execute arbitrary code during unpickling (See https://github.com/pytorch/pytorch/blob/main/SECURITY.md#untrusted-models for more details). In a future release, the default value for `weights_only` will be flipped to `True`. This limits the functions that could be executed during unpickling. Arbitrary objects will no longer be allowed to be loaded via this mode unless they are explicitly allowlisted by the user via `torch.serialization.add_safe_globals`. We recommend you start setting `weights_only=True` for any use case where you don't have full control of the loaded file. Please open an issue on GitHub for any issues related to this experimental feature.
  checkpoint = torch.load(checkpoint_path, map_location=map_location)

  0%|          | 0/116 [00:00<?, ?it/s]

  0%|          | 0/2 [00:00<?, ?it/s][A

 50%|â–ˆâ–ˆâ–ˆâ–ˆâ–ˆ     | 1/2 [00:10<00:10, 10.84s/it][A

100%|â–ˆâ–ˆâ–ˆâ–ˆâ–ˆâ–ˆâ–ˆâ–ˆâ–ˆâ–ˆ| 2/2 [00:17<00:00,  8.59s/it][A
100%|â–ˆâ–ˆâ–ˆâ–ˆâ–ˆâ–ˆâ–ˆâ–ˆâ–ˆâ–ˆ| 2/2 [00:17<00:00,  8.97s/it]

  3%|â–Ž         | 3/116 [00:18<11:18,  6.00s/it]

  0%|          | 0/2 [00:00<?, ?it/s][A

 50%|â–ˆâ–ˆâ–ˆâ–ˆâ–ˆ     | 1/2 [00:08<00:08,  8.19s/it][A

100%|â–ˆâ–ˆâ–ˆâ–ˆâ–ˆâ–ˆâ–ˆâ–ˆâ–ˆâ–ˆ| 2/2 [00:14<00:00,  7.32s/it][A
100%|â–ˆâ–ˆâ–ˆâ–ˆâ–ˆâ–ˆâ–ˆâ–ˆâ–ˆâ–ˆ| 2/2 [00:15<00:00,  7.52s/it]

  3%|â–Ž         | 4/116 [00:33<16:39,  8.92s/it]

  0%|          | 0/2 [00:00<?, ?it/s][A

 50%|â–ˆâ–ˆâ–ˆâ–ˆâ–ˆ     | 1/2 [00:08<00:08,  8.55s/it][A

100%|â–ˆâ–ˆâ–ˆâ–ˆâ–ˆâ–ˆâ–ˆâ–ˆâ–ˆâ–ˆ| 2/2 [00:10<00:00,  4.75s/it][A
100%|â–ˆâ–ˆâ–ˆâ–ˆâ–ˆâ–ˆâ–ˆâ–ˆâ–ˆâ–ˆ| 2/2 [00:10<00:00,  5.38s/it]

  4%|â–         | 5/116 [00:43<17:34,  9.50s/it]

  0%|          | 0/1 [00:00<?, ?it/s][A

100%|â–ˆâ–ˆâ–ˆâ–ˆâ–ˆâ–ˆâ–ˆâ–ˆâ–ˆâ–ˆ| 1/1 [00:09<00:00,  9.63s/it][A
100%|â–ˆâ–ˆâ–ˆâ–ˆâ–ˆâ–ˆâ–ˆâ–ˆâ–ˆâ–ˆ| 1/1 [00:09<00:00,  9.72s/it]

  5%|â–Œ         | 6/116 [00:53<17:33,  9.57s/it]

  0%|          | 0/2 [00:00<?, ?it/s][A

 50%|â–ˆâ–ˆâ–ˆâ–ˆâ–ˆ     | 1/2 [00:08<00:08,  8.69s/it][A

100%|â–ˆâ–ˆâ–ˆâ–ˆâ–ˆâ–ˆâ–ˆâ–ˆâ–ˆâ–ˆ| 2/2 [00:08<00:00,  3.67s/it][A
100%|â–ˆâ–ˆâ–ˆâ–ˆâ–ˆâ–ˆâ–ˆâ–ˆâ–ˆâ–ˆ| 2/2 [00:08<00:00,  4.48s/it]

  6%|â–Œ         | 7/116 [01:02<17:03,  9.39s/it]

  0%|          | 0/1 [00:00<?, ?it/s][A

100%|â–ˆâ–ˆâ–ˆâ–ˆâ–ˆâ–ˆâ–ˆâ–ˆâ–ˆâ–ˆ| 1/1 [00:04<00:00,  4.18s/it][A
100%|â–ˆâ–ˆâ–ˆâ–ˆâ–ˆâ–ˆâ–ˆâ–ˆâ–ˆâ–ˆ| 1/1 [00:04<00:00,  4.32s/it]

  7%|â–‹         | 8/116 [01:06<14:07,  7.85s/it]

  0%|          | 0/1 [00:00<?, ?it/s][A

100%|â–ˆâ–ˆâ–ˆâ–ˆâ–ˆâ–ˆâ–ˆâ–ˆâ–ˆâ–ˆ| 1/1 [00:02<00:00,  2.29s/it][A
100%|â–ˆâ–ˆâ–ˆâ–ˆâ–ˆâ–ˆâ–ˆâ–ˆâ–ˆâ–ˆ| 1/1 [00:02<00:00,  2.36s/it]

  8%|â–Š         | 9/116 [01:09<11:01,  6.19s/it]

  0%|          | 0/3 [00:00<?, ?it/s][A

 33%|â–ˆâ–ˆâ–ˆâ–Ž      | 1/3 [00:09<00:18,  9.45s/it][A

 67%|â–ˆâ–ˆâ–ˆâ–ˆâ–ˆâ–ˆâ–‹   | 2/3 [00:14<00:06,  6.74s/it][A

100%|â–ˆâ–ˆâ–ˆâ–ˆâ–ˆâ–ˆâ–ˆâ–ˆâ–ˆâ–ˆ| 3/3 [00:19<00:00,  6.03s/it][A
100%|â–ˆâ–ˆâ–ˆâ–ˆâ–ˆâ–ˆâ–ˆâ–ˆâ–ˆâ–ˆ| 3/3 [00:19<00:00,  6.54s/it]

  9%|â–Š         | 10/116 [01:28<18:06, 10.25s/it]

  0%|          | 0/2 [00:00<?, ?it/s][A

 50%|â–ˆâ–ˆâ–ˆâ–ˆâ–ˆ     | 1/2 [00:09<00:09,  9.27s/it][A

100%|â–ˆâ–ˆâ–ˆâ–ˆâ–ˆâ–ˆâ–ˆâ–ˆâ–ˆâ–ˆ| 2/2 [00:10<00:00,  4.82s/it][A
100%|â–ˆâ–ˆâ–ˆâ–ˆâ–ˆâ–ˆâ–ˆâ–ˆâ–ˆâ–ˆ| 2/2 [00:11<00:00,  5.55s/it]

  9%|â–‰         | 11/116 [01:39<18:24, 10.52s/it]

  0%|          | 0/1 [00:00<?, ?it/s][A

100%|â–ˆâ–ˆâ–ˆâ–ˆâ–ˆâ–ˆâ–ˆâ–ˆâ–ˆâ–ˆ| 1/1 [00:08<00:00,  8.80s/it][A
100%|â–ˆâ–ˆâ–ˆâ–ˆâ–ˆâ–ˆâ–ˆâ–ˆâ–ˆâ–ˆ| 1/1 [00:08<00:00,  8.99s/it]

 10%|â–ˆ         | 12/116 [01:48<17:26, 10.06s/it]

  0%|          | 0/1 [00:00<?, ?it/s][A

100%|â–ˆâ–ˆâ–ˆâ–ˆâ–ˆâ–ˆâ–ˆâ–ˆâ–ˆâ–ˆ| 1/1 [00:08<00:00,  8.36s/it][A
100%|â–ˆâ–ˆâ–ˆâ–ˆâ–ˆâ–ˆâ–ˆâ–ˆâ–ˆâ–ˆ| 1/1 [00:08<00:00,  8.48s/it]

 11%|â–ˆ         | 13/116 [01:57<16:27,  9.59s/it]

  0%|          | 0/1 [00:00<?, ?it/s][A

100%|â–ˆâ–ˆâ–ˆâ–ˆâ–ˆâ–ˆâ–ˆâ–ˆâ–ˆâ–ˆ| 1/1 [00:03<00:00,  3.33s/it][A
100%|â–ˆâ–ˆâ–ˆâ–ˆâ–ˆâ–ˆâ–ˆâ–ˆâ–ˆâ–ˆ| 1/1 [00:03<00:00,  3.44s/it]

 12%|â–ˆâ–        | 14/116 [02:00<13:09,  7.74s/it]

  0%|          | 0/1 [00:00<?, ?it/s][A

100%|â–ˆâ–ˆâ–ˆâ–ˆâ–ˆâ–ˆâ–ˆâ–ˆâ–ˆâ–ˆ| 1/1 [00:06<00:00,  6.34s/it][A
100%|â–ˆâ–ˆâ–ˆâ–ˆâ–ˆâ–ˆâ–ˆâ–ˆâ–ˆâ–ˆ| 1/1 [00:06<00:00,  6.44s/it]

 13%|â–ˆâ–Ž        | 15/116 [02:07<12:23,  7.36s/it]

  0%|          | 0/2 [00:00<?, ?it/s][A

 50%|â–ˆâ–ˆâ–ˆâ–ˆâ–ˆ     | 1/2 [00:07<00:07,  7.90s/it][A

100%|â–ˆâ–ˆâ–ˆâ–ˆâ–ˆâ–ˆâ–ˆâ–ˆâ–ˆâ–ˆ| 2/2 [00:09<00:00,  4.02s/it][A
100%|â–ˆâ–ˆâ–ˆâ–ˆâ–ˆâ–ˆâ–ˆâ–ˆâ–ˆâ–ˆ| 2/2 [00:09<00:00,  4.65s/it]

 14%|â–ˆâ–        | 16/116 [02:16<13:14,  7.95s/it]

  0%|          | 0/2 [00:00<?, ?it/s][A

 50%|â–ˆâ–ˆâ–ˆâ–ˆâ–ˆ     | 1/2 [00:08<00:08,  8.05s/it][A

100%|â–ˆâ–ˆâ–ˆâ–ˆâ–ˆâ–ˆâ–ˆâ–ˆâ–ˆâ–ˆ| 2/2 [00:09<00:00,  4.39s/it][A
100%|â–ˆâ–ˆâ–ˆâ–ˆâ–ˆâ–ˆâ–ˆâ–ˆâ–ˆâ–ˆ| 2/2 [00:10<00:00,  5.01s/it]

 15%|â–ˆâ–        | 17/116 [02:26<14:09,  8.58s/it]

  0%|          | 0/2 [00:00<?, ?it/s][A

 50%|â–ˆâ–ˆâ–ˆâ–ˆâ–ˆ     | 1/2 [00:08<00:08,  8.82s/it][A

100%|â–ˆâ–ˆâ–ˆâ–ˆâ–ˆâ–ˆâ–ˆâ–ˆâ–ˆâ–ˆ| 2/2 [00:15<00:00,  7.39s/it][A
100%|â–ˆâ–ˆâ–ˆâ–ˆâ–ˆâ–ˆâ–ˆâ–ˆâ–ˆâ–ˆ| 2/2 [00:15<00:00,  7.68s/it]

 16%|â–ˆâ–Œ        | 18/116 [02:42<17:20, 10.62s/it]

  0%|          | 0/2 [00:00<?, ?it/s][A/home/graduate2024/miniconda3/lib/python3.12/site-packages/PIL/TiffImagePlugin.py:900: UserWarning: Truncated File Read
  warnings.warn(str(msg))


 50%|â–ˆâ–ˆâ–ˆâ–ˆâ–ˆ     | 1/2 [00:08<00:08,  8.17s/it][A

100%|â–ˆâ–ˆâ–ˆâ–ˆâ–ˆâ–ˆâ–ˆâ–ˆâ–ˆâ–ˆ| 2/2 [00:09<00:00,  4.29s/it][A
100%|â–ˆâ–ˆâ–ˆâ–ˆâ–ˆâ–ˆâ–ˆâ–ˆâ–ˆâ–ˆ| 2/2 [00:09<00:00,  4.93s/it]

 16%|â–ˆâ–‹        | 19/116 [02:52<16:48, 10.39s/it]

  0%|          | 0/2 [00:00<?, ?it/s][A

 50%|â–ˆâ–ˆâ–ˆâ–ˆâ–ˆ     | 1/2 [00:08<00:08,  8.27s/it][A

100%|â–ˆâ–ˆâ–ˆâ–ˆâ–ˆâ–ˆâ–ˆâ–ˆâ–ˆâ–ˆ| 2/2 [00:08<00:00,  3.57s/it][A
100%|â–ˆâ–ˆâ–ˆâ–ˆâ–ˆâ–ˆâ–ˆâ–ˆâ–ˆâ–ˆ| 2/2 [00:08<00:00,  4.34s/it]

 17%|â–ˆâ–‹        | 20/116 [03:00<15:48,  9.88s/it]

  0%|          | 0/2 [00:00<?, ?it/s][A

 50%|â–ˆâ–ˆâ–ˆâ–ˆâ–ˆ     | 1/2 [00:09<00:09,  9.08s/it][A

100%|â–ˆâ–ˆâ–ˆâ–ˆâ–ˆâ–ˆâ–ˆâ–ˆâ–ˆâ–ˆ| 2/2 [00:12<00:00,  6.02s/it][A
100%|â–ˆâ–ˆâ–ˆâ–ˆâ–ˆâ–ˆâ–ˆâ–ˆâ–ˆâ–ˆ| 2/2 [00:13<00:00,  6.54s/it]

 18%|â–ˆâ–Š        | 21/116 [03:13<17:10, 10.84s/it]

  0%|          | 0/1 [00:00<?, ?it/s][A

100%|â–ˆâ–ˆâ–ˆâ–ˆâ–ˆâ–ˆâ–ˆâ–ˆâ–ˆâ–ˆ| 1/1 [00:03<00:00,  3.89s/it][A
100%|â–ˆâ–ˆâ–ˆâ–ˆâ–ˆâ–ˆâ–ˆâ–ˆâ–ˆâ–ˆ| 1/1 [00:03<00:00,  3.98s/it]

 19%|â–ˆâ–‰        | 22/116 [03:17<13:46,  8.79s/it]

  0%|          | 0/1 [00:00<?, ?it/s][A

100%|â–ˆâ–ˆâ–ˆâ–ˆâ–ˆâ–ˆâ–ˆâ–ˆâ–ˆâ–ˆ| 1/1 [00:05<00:00,  5.97s/it][A
100%|â–ˆâ–ˆâ–ˆâ–ˆâ–ˆâ–ˆâ–ˆâ–ˆâ–ˆâ–ˆ| 1/1 [00:06<00:00,  6.05s/it]

 20%|â–ˆâ–‰        | 23/116 [03:23<12:21,  7.97s/it]

  0%|          | 0/1 [00:00<?, ?it/s][A

100%|â–ˆâ–ˆâ–ˆâ–ˆâ–ˆâ–ˆâ–ˆâ–ˆâ–ˆâ–ˆ| 1/1 [00:05<00:00,  5.16s/it][A
100%|â–ˆâ–ˆâ–ˆâ–ˆâ–ˆâ–ˆâ–ˆâ–ˆâ–ˆâ–ˆ| 1/1 [00:05<00:00,  5.26s/it]

 21%|â–ˆâ–ˆ        | 24/116 [03:29<10:58,  7.16s/it]

  0%|          | 0/2 [00:00<?, ?it/s][A

 50%|â–ˆâ–ˆâ–ˆâ–ˆâ–ˆ     | 1/2 [00:08<00:08,  8.80s/it][A

100%|â–ˆâ–ˆâ–ˆâ–ˆâ–ˆâ–ˆâ–ˆâ–ˆâ–ˆâ–ˆ| 2/2 [00:15<00:00,  7.60s/it][A
100%|â–ˆâ–ˆâ–ˆâ–ˆâ–ˆâ–ˆâ–ˆâ–ˆâ–ˆâ–ˆ| 2/2 [00:15<00:00,  7.92s/it]

 22%|â–ˆâ–ˆâ–       | 25/116 [03:44<14:48,  9.77s/it]

  0%|          | 0/2 [00:00<?, ?it/s][A/home/graduate2024/miniconda3/lib/python3.12/site-packages/PIL/TiffImagePlugin.py:900: UserWarning: Truncated File Read
  warnings.warn(str(msg))


 50%|â–ˆâ–ˆâ–ˆâ–ˆâ–ˆ     | 1/2 [00:10<00:10, 10.31s/it][A

100%|â–ˆâ–ˆâ–ˆâ–ˆâ–ˆâ–ˆâ–ˆâ–ˆâ–ˆâ–ˆ| 2/2 [00:11<00:00,  4.77s/it][A
100%|â–ˆâ–ˆâ–ˆâ–ˆâ–ˆâ–ˆâ–ˆâ–ˆâ–ˆâ–ˆ| 2/2 [00:11<00:00,  5.66s/it]

 22%|â–ˆâ–ˆâ–       | 26/116 [03:56<15:21, 10.24s/it]

  0%|          | 0/1 [00:00<?, ?it/s][A

100%|â–ˆâ–ˆâ–ˆâ–ˆâ–ˆâ–ˆâ–ˆâ–ˆâ–ˆâ–ˆ| 1/1 [00:09<00:00,  9.71s/it][A
100%|â–ˆâ–ˆâ–ˆâ–ˆâ–ˆâ–ˆâ–ˆâ–ˆâ–ˆâ–ˆ| 1/1 [00:09<00:00,  9.81s/it]

 23%|â–ˆâ–ˆâ–Ž       | 27/116 [04:06<15:00, 10.11s/it]

  0%|          | 0/1 [00:00<?, ?it/s][A

100%|â–ˆâ–ˆâ–ˆâ–ˆâ–ˆâ–ˆâ–ˆâ–ˆâ–ˆâ–ˆ| 1/1 [00:06<00:00,  6.48s/it][A
100%|â–ˆâ–ˆâ–ˆâ–ˆâ–ˆâ–ˆâ–ˆâ–ˆâ–ˆâ–ˆ| 1/1 [00:06<00:00,  6.57s/it]

 24%|â–ˆâ–ˆâ–       | 28/116 [04:12<13:16,  9.05s/it]

  0%|          | 0/1 [00:00<?, ?it/s][A

100%|â–ˆâ–ˆâ–ˆâ–ˆâ–ˆâ–ˆâ–ˆâ–ˆâ–ˆâ–ˆ| 1/1 [00:03<00:00,  3.66s/it][A
100%|â–ˆâ–ˆâ–ˆâ–ˆâ–ˆâ–ˆâ–ˆâ–ˆâ–ˆâ–ˆ| 1/1 [00:03<00:00,  3.74s/it]

 25%|â–ˆâ–ˆâ–Œ       | 29/116 [04:16<10:49,  7.46s/it]

  0%|          | 0/1 [00:00<?, ?it/s][A

100%|â–ˆâ–ˆâ–ˆâ–ˆâ–ˆâ–ˆâ–ˆâ–ˆâ–ˆâ–ˆ| 1/1 [00:04<00:00,  4.71s/it][A
100%|â–ˆâ–ˆâ–ˆâ–ˆâ–ˆâ–ˆâ–ˆâ–ˆâ–ˆâ–ˆ| 1/1 [00:04<00:00,  4.84s/it]

 26%|â–ˆâ–ˆâ–Œ       | 30/116 [04:21<09:34,  6.68s/it]

  0%|          | 0/2 [00:00<?, ?it/s][A

 50%|â–ˆâ–ˆâ–ˆâ–ˆâ–ˆ     | 1/2 [00:08<00:08,  8.27s/it][A

100%|â–ˆâ–ˆâ–ˆâ–ˆâ–ˆâ–ˆâ–ˆâ–ˆâ–ˆâ–ˆ| 2/2 [00:08<00:00,  3.56s/it][A
100%|â–ˆâ–ˆâ–ˆâ–ˆâ–ˆâ–ˆâ–ˆâ–ˆâ–ˆâ–ˆ| 2/2 [00:08<00:00,  4.33s/it]

 27%|â–ˆâ–ˆâ–‹       | 31/116 [04:29<10:18,  7.28s/it]

  0%|          | 0/1 [00:00<?, ?it/s][A

100%|â–ˆâ–ˆâ–ˆâ–ˆâ–ˆâ–ˆâ–ˆâ–ˆâ–ˆâ–ˆ| 1/1 [00:09<00:00,  9.18s/it][A
100%|â–ˆâ–ˆâ–ˆâ–ˆâ–ˆâ–ˆâ–ˆâ–ˆâ–ˆâ–ˆ| 1/1 [00:09<00:00,  9.29s/it]

 28%|â–ˆâ–ˆâ–Š       | 32/116 [04:39<11:02,  7.88s/it]

  0%|          | 0/2 [00:00<?, ?it/s][A

 50%|â–ˆâ–ˆâ–ˆâ–ˆâ–ˆ     | 1/2 [00:08<00:08,  8.87s/it][A

100%|â–ˆâ–ˆâ–ˆâ–ˆâ–ˆâ–ˆâ–ˆâ–ˆâ–ˆâ–ˆ| 2/2 [00:08<00:00,  3.72s/it][A
100%|â–ˆâ–ˆâ–ˆâ–ˆâ–ˆâ–ˆâ–ˆâ–ˆâ–ˆâ–ˆ| 2/2 [00:09<00:00,  4.54s/it]

 28%|â–ˆâ–ˆâ–Š       | 33/116 [04:48<11:24,  8.25s/it]

  0%|          | 0/2 [00:00<?, ?it/s][A

 50%|â–ˆâ–ˆâ–ˆâ–ˆâ–ˆ     | 1/2 [00:08<00:08,  8.46s/it][A

100%|â–ˆâ–ˆâ–ˆâ–ˆâ–ˆâ–ˆâ–ˆâ–ˆâ–ˆâ–ˆ| 2/2 [00:09<00:00,  4.05s/it][A
100%|â–ˆâ–ˆâ–ˆâ–ˆâ–ˆâ–ˆâ–ˆâ–ˆâ–ˆâ–ˆ| 2/2 [00:09<00:00,  4.78s/it]

 29%|â–ˆâ–ˆâ–‰       | 34/116 [04:57<11:48,  8.64s/it]

  0%|          | 0/2 [00:00<?, ?it/s][A

 50%|â–ˆâ–ˆâ–ˆâ–ˆâ–ˆ     | 1/2 [00:09<00:09,  9.16s/it][A

100%|â–ˆâ–ˆâ–ˆâ–ˆâ–ˆâ–ˆâ–ˆâ–ˆâ–ˆâ–ˆ| 2/2 [00:12<00:00,  5.70s/it][A
100%|â–ˆâ–ˆâ–ˆâ–ˆâ–ˆâ–ˆâ–ˆâ–ˆâ–ˆâ–ˆ| 2/2 [00:12<00:00,  6.29s/it]

 30%|â–ˆâ–ˆâ–ˆ       | 35/116 [05:10<13:16,  9.83s/it]

  0%|          | 0/2 [00:00<?, ?it/s][A

 50%|â–ˆâ–ˆâ–ˆâ–ˆâ–ˆ     | 1/2 [00:08<00:08,  8.31s/it][A

100%|â–ˆâ–ˆâ–ˆâ–ˆâ–ˆâ–ˆâ–ˆâ–ˆâ–ˆâ–ˆ| 2/2 [00:09<00:00,  4.26s/it][A
100%|â–ˆâ–ˆâ–ˆâ–ˆâ–ˆâ–ˆâ–ˆâ–ˆâ–ˆâ–ˆ| 2/2 [00:09<00:00,  4.92s/it]

 31%|â–ˆâ–ˆâ–ˆ       | 36/116 [05:20<13:07,  9.84s/it]

  0%|          | 0/1 [00:00<?, ?it/s][A

100%|â–ˆâ–ˆâ–ˆâ–ˆâ–ˆâ–ˆâ–ˆâ–ˆâ–ˆâ–ˆ| 1/1 [00:05<00:00,  5.35s/it][A
100%|â–ˆâ–ˆâ–ˆâ–ˆâ–ˆâ–ˆâ–ˆâ–ˆâ–ˆâ–ˆ| 1/1 [00:05<00:00,  5.46s/it]

 32%|â–ˆâ–ˆâ–ˆâ–      | 37/116 [05:25<11:13,  8.53s/it]

  0%|          | 0/1 [00:00<?, ?it/s][A

100%|â–ˆâ–ˆâ–ˆâ–ˆâ–ˆâ–ˆâ–ˆâ–ˆâ–ˆâ–ˆ| 1/1 [00:00<00:00,  1.33it/s][A
100%|â–ˆâ–ˆâ–ˆâ–ˆâ–ˆâ–ˆâ–ˆâ–ˆâ–ˆâ–ˆ| 1/1 [00:00<00:00,  1.21it/s]

 33%|â–ˆâ–ˆâ–ˆâ–Ž      | 38/116 [05:26<08:05,  6.22s/it]

  0%|          | 0/1 [00:00<?, ?it/s][A

100%|â–ˆâ–ˆâ–ˆâ–ˆâ–ˆâ–ˆâ–ˆâ–ˆâ–ˆâ–ˆ| 1/1 [00:08<00:00,  8.94s/it][A
100%|â–ˆâ–ˆâ–ˆâ–ˆâ–ˆâ–ˆâ–ˆâ–ˆâ–ˆâ–ˆ| 1/1 [00:09<00:00,  9.05s/it]

 34%|â–ˆâ–ˆâ–ˆâ–Ž      | 39/116 [05:35<09:04,  7.07s/it]

  0%|          | 0/1 [00:00<?, ?it/s][A

100%|â–ˆâ–ˆâ–ˆâ–ˆâ–ˆâ–ˆâ–ˆâ–ˆâ–ˆâ–ˆ| 1/1 [00:09<00:00,  9.44s/it][A
100%|â–ˆâ–ˆâ–ˆâ–ˆâ–ˆâ–ˆâ–ˆâ–ˆâ–ˆâ–ˆ| 1/1 [00:09<00:00,  9.54s/it]

 34%|â–ˆâ–ˆâ–ˆâ–      | 40/116 [05:45<09:54,  7.82s/it]

  0%|          | 0/2 [00:00<?, ?it/s][A

 50%|â–ˆâ–ˆâ–ˆâ–ˆâ–ˆ     | 1/2 [00:08<00:08,  8.27s/it][A

100%|â–ˆâ–ˆâ–ˆâ–ˆâ–ˆâ–ˆâ–ˆâ–ˆâ–ˆâ–ˆ| 2/2 [00:09<00:00,  4.07s/it][A
100%|â–ˆâ–ˆâ–ˆâ–ˆâ–ˆâ–ˆâ–ˆâ–ˆâ–ˆâ–ˆ| 2/2 [00:09<00:00,  4.76s/it]

 35%|â–ˆâ–ˆâ–ˆâ–Œ      | 41/116 [05:54<10:24,  8.33s/it]

  0%|          | 0/2 [00:00<?, ?it/s][A

 50%|â–ˆâ–ˆâ–ˆâ–ˆâ–ˆ     | 1/2 [00:08<00:08,  8.39s/it][A

100%|â–ˆâ–ˆâ–ˆâ–ˆâ–ˆâ–ˆâ–ˆâ–ˆâ–ˆâ–ˆ| 2/2 [00:15<00:00,  7.54s/it][A
100%|â–ˆâ–ˆâ–ˆâ–ˆâ–ˆâ–ˆâ–ˆâ–ˆâ–ˆâ–ˆ| 2/2 [00:15<00:00,  7.72s/it]

 36%|â–ˆâ–ˆâ–ˆâ–Œ      | 42/116 [06:10<12:54, 10.47s/it]

  0%|          | 0/2 [00:00<?, ?it/s][A

 50%|â–ˆâ–ˆâ–ˆâ–ˆâ–ˆ     | 1/2 [00:08<00:08,  8.56s/it][A

100%|â–ˆâ–ˆâ–ˆâ–ˆâ–ˆâ–ˆâ–ˆâ–ˆâ–ˆâ–ˆ| 2/2 [00:10<00:00,  4.54s/it][A
100%|â–ˆâ–ˆâ–ˆâ–ˆâ–ˆâ–ˆâ–ˆâ–ˆâ–ˆâ–ˆ| 2/2 [00:10<00:00,  5.22s/it]

 37%|â–ˆâ–ˆâ–ˆâ–‹      | 43/116 [06:20<12:44, 10.47s/it]

  0%|          | 0/2 [00:00<?, ?it/s][A

 50%|â–ˆâ–ˆâ–ˆâ–ˆâ–ˆ     | 1/2 [00:09<00:09,  9.54s/it][A

100%|â–ˆâ–ˆâ–ˆâ–ˆâ–ˆâ–ˆâ–ˆâ–ˆâ–ˆâ–ˆ| 2/2 [00:15<00:00,  7.52s/it][A
100%|â–ˆâ–ˆâ–ˆâ–ˆâ–ˆâ–ˆâ–ˆâ–ˆâ–ˆâ–ˆ| 2/2 [00:15<00:00,  7.91s/it]

 38%|â–ˆâ–ˆâ–ˆâ–Š      | 44/116 [06:36<14:29, 12.08s/it]

  0%|          | 0/2 [00:00<?, ?it/s][A

 50%|â–ˆâ–ˆâ–ˆâ–ˆâ–ˆ     | 1/2 [00:09<00:09,  9.20s/it][A

100%|â–ˆâ–ˆâ–ˆâ–ˆâ–ˆâ–ˆâ–ˆâ–ˆâ–ˆâ–ˆ| 2/2 [00:11<00:00,  5.31s/it][A
100%|â–ˆâ–ˆâ–ˆâ–ˆâ–ˆâ–ˆâ–ˆâ–ˆâ–ˆâ–ˆ| 2/2 [00:11<00:00,  5.95s/it]

 39%|â–ˆâ–ˆâ–ˆâ–‰      | 45/116 [06:48<14:14, 12.03s/it]

  0%|          | 0/1 [00:00<?, ?it/s][A

100%|â–ˆâ–ˆâ–ˆâ–ˆâ–ˆâ–ˆâ–ˆâ–ˆâ–ˆâ–ˆ| 1/1 [00:06<00:00,  6.69s/it][A
100%|â–ˆâ–ˆâ–ˆâ–ˆâ–ˆâ–ˆâ–ˆâ–ˆâ–ˆâ–ˆ| 1/1 [00:06<00:00,  6.83s/it]

 40%|â–ˆâ–ˆâ–ˆâ–‰      | 46/116 [06:55<12:13, 10.47s/it]

  0%|          | 0/2 [00:00<?, ?it/s][A

 50%|â–ˆâ–ˆâ–ˆâ–ˆâ–ˆ     | 1/2 [00:09<00:09,  9.03s/it][A

100%|â–ˆâ–ˆâ–ˆâ–ˆâ–ˆâ–ˆâ–ˆâ–ˆâ–ˆâ–ˆ| 2/2 [00:09<00:00,  4.14s/it][A
100%|â–ˆâ–ˆâ–ˆâ–ˆâ–ˆâ–ˆâ–ˆâ–ˆâ–ˆâ–ˆ| 2/2 [00:09<00:00,  4.94s/it]

 41%|â–ˆâ–ˆâ–ˆâ–ˆ      | 47/116 [07:05<11:50, 10.30s/it]

  0%|          | 0/2 [00:00<?, ?it/s][A

 50%|â–ˆâ–ˆâ–ˆâ–ˆâ–ˆ     | 1/2 [00:09<00:09,  9.25s/it][A

100%|â–ˆâ–ˆâ–ˆâ–ˆâ–ˆâ–ˆâ–ˆâ–ˆâ–ˆâ–ˆ| 2/2 [00:10<00:00,  4.57s/it][A
100%|â–ˆâ–ˆâ–ˆâ–ˆâ–ˆâ–ˆâ–ˆâ–ˆâ–ˆâ–ˆ| 2/2 [00:10<00:00,  5.35s/it]

 41%|â–ˆâ–ˆâ–ˆâ–ˆâ–     | 48/116 [07:15<11:48, 10.42s/it]

  0%|          | 0/1 [00:00<?, ?it/s][A

100%|â–ˆâ–ˆâ–ˆâ–ˆâ–ˆâ–ˆâ–ˆâ–ˆâ–ˆâ–ˆ| 1/1 [00:09<00:00,  9.25s/it][A
100%|â–ˆâ–ˆâ–ˆâ–ˆâ–ˆâ–ˆâ–ˆâ–ˆâ–ˆâ–ˆ| 1/1 [00:09<00:00,  9.39s/it]

 42%|â–ˆâ–ˆâ–ˆâ–ˆâ–     | 49/116 [07:25<11:18, 10.12s/it]

  0%|          | 0/1 [00:00<?, ?it/s][A

100%|â–ˆâ–ˆâ–ˆâ–ˆâ–ˆâ–ˆâ–ˆâ–ˆâ–ˆâ–ˆ| 1/1 [00:01<00:00,  1.09s/it][A
100%|â–ˆâ–ˆâ–ˆâ–ˆâ–ˆâ–ˆâ–ˆâ–ˆâ–ˆâ–ˆ| 1/1 [00:01<00:00,  1.17s/it]

 43%|â–ˆâ–ˆâ–ˆâ–ˆâ–Ž     | 50/116 [07:26<08:11,  7.44s/it]

  0%|          | 0/1 [00:00<?, ?it/s][A

100%|â–ˆâ–ˆâ–ˆâ–ˆâ–ˆâ–ˆâ–ˆâ–ˆâ–ˆâ–ˆ| 1/1 [00:10<00:00, 10.42s/it][A
100%|â–ˆâ–ˆâ–ˆâ–ˆâ–ˆâ–ˆâ–ˆâ–ˆâ–ˆâ–ˆ| 1/1 [00:10<00:00, 10.54s/it]

 44%|â–ˆâ–ˆâ–ˆâ–ˆâ–     | 51/116 [07:37<09:04,  8.38s/it]

  0%|          | 0/1 [00:00<?, ?it/s][A

100%|â–ˆâ–ˆâ–ˆâ–ˆâ–ˆâ–ˆâ–ˆâ–ˆâ–ˆâ–ˆ| 1/1 [00:03<00:00,  3.51s/it][A
100%|â–ˆâ–ˆâ–ˆâ–ˆâ–ˆâ–ˆâ–ˆâ–ˆâ–ˆâ–ˆ| 1/1 [00:03<00:00,  3.60s/it]

 45%|â–ˆâ–ˆâ–ˆâ–ˆâ–     | 52/116 [07:40<07:24,  6.95s/it]

  0%|          | 0/1 [00:00<?, ?it/s][A

100%|â–ˆâ–ˆâ–ˆâ–ˆâ–ˆâ–ˆâ–ˆâ–ˆâ–ˆâ–ˆ| 1/1 [00:04<00:00,  4.29s/it][A
100%|â–ˆâ–ˆâ–ˆâ–ˆâ–ˆâ–ˆâ–ˆâ–ˆâ–ˆâ–ˆ| 1/1 [00:04<00:00,  4.34s/it]

 46%|â–ˆâ–ˆâ–ˆâ–ˆâ–Œ     | 53/116 [07:45<06:28,  6.17s/it]

  0%|          | 0/1 [00:00<?, ?it/s][A

100%|â–ˆâ–ˆâ–ˆâ–ˆâ–ˆâ–ˆâ–ˆâ–ˆâ–ˆâ–ˆ| 1/1 [00:08<00:00,  8.44s/it][A
100%|â–ˆâ–ˆâ–ˆâ–ˆâ–ˆâ–ˆâ–ˆâ–ˆâ–ˆâ–ˆ| 1/1 [00:08<00:00,  8.56s/it]

 47%|â–ˆâ–ˆâ–ˆâ–ˆâ–‹     | 54/116 [07:53<07:07,  6.89s/it]

  0%|          | 0/1 [00:00<?, ?it/s][A

100%|â–ˆâ–ˆâ–ˆâ–ˆâ–ˆâ–ˆâ–ˆâ–ˆâ–ˆâ–ˆ| 1/1 [00:09<00:00,  9.41s/it][A
100%|â–ˆâ–ˆâ–ˆâ–ˆâ–ˆâ–ˆâ–ˆâ–ˆâ–ˆâ–ˆ| 1/1 [00:09<00:00,  9.52s/it]

 47%|â–ˆâ–ˆâ–ˆâ–ˆâ–‹     | 55/116 [08:03<07:48,  7.68s/it]

  0%|          | 0/1 [00:00<?, ?it/s][A

100%|â–ˆâ–ˆâ–ˆâ–ˆâ–ˆâ–ˆâ–ˆâ–ˆâ–ˆâ–ˆ| 1/1 [00:08<00:00,  8.95s/it][A
100%|â–ˆâ–ˆâ–ˆâ–ˆâ–ˆâ–ˆâ–ˆâ–ˆâ–ˆâ–ˆ| 1/1 [00:09<00:00,  9.07s/it]

 48%|â–ˆâ–ˆâ–ˆâ–ˆâ–Š     | 56/116 [08:12<08:06,  8.10s/it]

  0%|          | 0/1 [00:00<?, ?it/s][A

100%|â–ˆâ–ˆâ–ˆâ–ˆâ–ˆâ–ˆâ–ˆâ–ˆâ–ˆâ–ˆ| 1/1 [00:07<00:00,  7.53s/it][A
100%|â–ˆâ–ˆâ–ˆâ–ˆâ–ˆâ–ˆâ–ˆâ–ˆâ–ˆâ–ˆ| 1/1 [00:07<00:00,  7.65s/it]

 49%|â–ˆâ–ˆâ–ˆâ–ˆâ–‰     | 57/116 [08:19<07:50,  7.97s/it]

  0%|          | 0/2 [00:00<?, ?it/s][A

 50%|â–ˆâ–ˆâ–ˆâ–ˆâ–ˆ     | 1/2 [00:10<00:10, 10.43s/it][A

100%|â–ˆâ–ˆâ–ˆâ–ˆâ–ˆâ–ˆâ–ˆâ–ˆâ–ˆâ–ˆ| 2/2 [00:17<00:00,  8.30s/it][A
100%|â–ˆâ–ˆâ–ˆâ–ˆâ–ˆâ–ˆâ–ˆâ–ˆâ–ˆâ–ˆ| 2/2 [00:17<00:00,  8.71s/it]

 50%|â–ˆâ–ˆâ–ˆâ–ˆâ–ˆ     | 58/116 [08:37<10:26, 10.81s/it]

  0%|          | 0/2 [00:00<?, ?it/s][A

 50%|â–ˆâ–ˆâ–ˆâ–ˆâ–ˆ     | 1/2 [00:08<00:08,  8.52s/it][A

100%|â–ˆâ–ˆâ–ˆâ–ˆâ–ˆâ–ˆâ–ˆâ–ˆâ–ˆâ–ˆ| 2/2 [00:08<00:00,  3.63s/it][A
100%|â–ˆâ–ˆâ–ˆâ–ˆâ–ˆâ–ˆâ–ˆâ–ˆâ–ˆâ–ˆ| 2/2 [00:08<00:00,  4.42s/it]

 51%|â–ˆâ–ˆâ–ˆâ–ˆâ–ˆ     | 59/116 [08:46<09:42, 10.22s/it]

  0%|          | 0/1 [00:00<?, ?it/s][A

100%|â–ˆâ–ˆâ–ˆâ–ˆâ–ˆâ–ˆâ–ˆâ–ˆâ–ˆâ–ˆ| 1/1 [00:10<00:00, 10.17s/it][A
100%|â–ˆâ–ˆâ–ˆâ–ˆâ–ˆâ–ˆâ–ˆâ–ˆâ–ˆâ–ˆ| 1/1 [00:10<00:00, 10.31s/it]

 52%|â–ˆâ–ˆâ–ˆâ–ˆâ–ˆâ–    | 60/116 [08:56<09:34, 10.25s/it]

  0%|          | 0/2 [00:00<?, ?it/s][A

 50%|â–ˆâ–ˆâ–ˆâ–ˆâ–ˆ     | 1/2 [00:08<00:08,  8.71s/it][A

100%|â–ˆâ–ˆâ–ˆâ–ˆâ–ˆâ–ˆâ–ˆâ–ˆâ–ˆâ–ˆ| 2/2 [00:11<00:00,  5.12s/it][A
100%|â–ˆâ–ˆâ–ˆâ–ˆâ–ˆâ–ˆâ–ˆâ–ˆâ–ˆâ–ˆ| 2/2 [00:11<00:00,  5.73s/it]

 53%|â–ˆâ–ˆâ–ˆâ–ˆâ–ˆâ–Ž    | 61/116 [09:08<09:43, 10.62s/it]

  0%|          | 0/1 [00:00<?, ?it/s][A

100%|â–ˆâ–ˆâ–ˆâ–ˆâ–ˆâ–ˆâ–ˆâ–ˆâ–ˆâ–ˆ| 1/1 [00:05<00:00,  5.53s/it][A
100%|â–ˆâ–ˆâ–ˆâ–ˆâ–ˆâ–ˆâ–ˆâ–ˆâ–ˆâ–ˆ| 1/1 [00:05<00:00,  5.63s/it]

 53%|â–ˆâ–ˆâ–ˆâ–ˆâ–ˆâ–Ž    | 62/116 [09:13<08:12,  9.12s/it]

  0%|          | 0/1 [00:00<?, ?it/s][A

100%|â–ˆâ–ˆâ–ˆâ–ˆâ–ˆâ–ˆâ–ˆâ–ˆâ–ˆâ–ˆ| 1/1 [00:06<00:00,  6.93s/it][A
100%|â–ˆâ–ˆâ–ˆâ–ˆâ–ˆâ–ˆâ–ˆâ–ˆâ–ˆâ–ˆ| 1/1 [00:07<00:00,  7.06s/it]

 54%|â–ˆâ–ˆâ–ˆâ–ˆâ–ˆâ–    | 63/116 [09:20<07:31,  8.51s/it]

  0%|          | 0/1 [00:00<?, ?it/s][A

100%|â–ˆâ–ˆâ–ˆâ–ˆâ–ˆâ–ˆâ–ˆâ–ˆâ–ˆâ–ˆ| 1/1 [00:09<00:00,  9.63s/it][A
100%|â–ˆâ–ˆâ–ˆâ–ˆâ–ˆâ–ˆâ–ˆâ–ˆâ–ˆâ–ˆ| 1/1 [00:09<00:00,  9.77s/it]

 55%|â–ˆâ–ˆâ–ˆâ–ˆâ–ˆâ–Œ    | 64/116 [09:30<07:42,  8.89s/it]

  0%|          | 0/1 [00:00<?, ?it/s][A

100%|â–ˆâ–ˆâ–ˆâ–ˆâ–ˆâ–ˆâ–ˆâ–ˆâ–ˆâ–ˆ| 1/1 [00:04<00:00,  4.06s/it][A
100%|â–ˆâ–ˆâ–ˆâ–ˆâ–ˆâ–ˆâ–ˆâ–ˆâ–ˆâ–ˆ| 1/1 [00:04<00:00,  4.12s/it]

 56%|â–ˆâ–ˆâ–ˆâ–ˆâ–ˆâ–Œ    | 65/116 [09:34<06:20,  7.46s/it]

  0%|          | 0/1 [00:00<?, ?it/s][A

100%|â–ˆâ–ˆâ–ˆâ–ˆâ–ˆâ–ˆâ–ˆâ–ˆâ–ˆâ–ˆ| 1/1 [00:05<00:00,  5.72s/it][A
100%|â–ˆâ–ˆâ–ˆâ–ˆâ–ˆâ–ˆâ–ˆâ–ˆâ–ˆâ–ˆ| 1/1 [00:05<00:00,  5.81s/it]

 57%|â–ˆâ–ˆâ–ˆâ–ˆâ–ˆâ–‹    | 66/116 [09:40<05:48,  6.97s/it]

  0%|          | 0/1 [00:00<?, ?it/s][A

100%|â–ˆâ–ˆâ–ˆâ–ˆâ–ˆâ–ˆâ–ˆâ–ˆâ–ˆâ–ˆ| 1/1 [00:07<00:00,  7.25s/it][A
100%|â–ˆâ–ˆâ–ˆâ–ˆâ–ˆâ–ˆâ–ˆâ–ˆâ–ˆâ–ˆ| 1/1 [00:07<00:00,  7.35s/it]

 58%|â–ˆâ–ˆâ–ˆâ–ˆâ–ˆâ–Š    | 67/116 [09:47<05:47,  7.09s/it]

  0%|          | 0/2 [00:00<?, ?it/s][A

 50%|â–ˆâ–ˆâ–ˆâ–ˆâ–ˆ     | 1/2 [00:08<00:08,  8.08s/it][A

100%|â–ˆâ–ˆâ–ˆâ–ˆâ–ˆâ–ˆâ–ˆâ–ˆâ–ˆâ–ˆ| 2/2 [00:12<00:00,  5.73s/it][A
100%|â–ˆâ–ˆâ–ˆâ–ˆâ–ˆâ–ˆâ–ˆâ–ˆâ–ˆâ–ˆ| 2/2 [00:12<00:00,  6.15s/it]

 59%|â–ˆâ–ˆâ–ˆâ–ˆâ–ˆâ–Š    | 68/116 [10:00<06:55,  8.66s/it]

  0%|          | 0/3 [00:00<?, ?it/s][A

 33%|â–ˆâ–ˆâ–ˆâ–Ž      | 1/3 [00:08<00:17,  8.81s/it][A

 67%|â–ˆâ–ˆâ–ˆâ–ˆâ–ˆâ–ˆâ–‹   | 2/3 [00:14<00:06,  6.75s/it][A
100%|â–ˆâ–ˆâ–ˆâ–ˆâ–ˆâ–ˆâ–ˆâ–ˆâ–ˆâ–ˆ| 3/3 [00:14<00:00,  4.76s/it]

 59%|â–ˆâ–ˆâ–ˆâ–ˆâ–ˆâ–‰    | 69/116 [10:14<08:06, 10.35s/it]

  0%|          | 0/1 [00:00<?, ?it/s][A

100%|â–ˆâ–ˆâ–ˆâ–ˆâ–ˆâ–ˆâ–ˆâ–ˆâ–ˆâ–ˆ| 1/1 [00:09<00:00,  9.64s/it][A
100%|â–ˆâ–ˆâ–ˆâ–ˆâ–ˆâ–ˆâ–ˆâ–ˆâ–ˆâ–ˆ| 1/1 [00:09<00:00,  9.76s/it]

 60%|â–ˆâ–ˆâ–ˆâ–ˆâ–ˆâ–ˆ    | 70/116 [10:24<07:48, 10.18s/it]

  0%|          | 0/2 [00:00<?, ?it/s][A

 50%|â–ˆâ–ˆâ–ˆâ–ˆâ–ˆ     | 1/2 [00:08<00:08,  8.40s/it][A

100%|â–ˆâ–ˆâ–ˆâ–ˆâ–ˆâ–ˆâ–ˆâ–ˆâ–ˆâ–ˆ| 2/2 [00:09<00:00,  4.03s/it][A
100%|â–ˆâ–ˆâ–ˆâ–ˆâ–ˆâ–ˆâ–ˆâ–ˆâ–ˆâ–ˆ| 2/2 [00:09<00:00,  4.75s/it]

 61%|â–ˆâ–ˆâ–ˆâ–ˆâ–ˆâ–ˆ    | 71/116 [10:33<07:29,  9.98s/it]

  0%|          | 0/2 [00:00<?, ?it/s][A/home/graduate2024/miniconda3/lib/python3.12/site-packages/PIL/TiffImagePlugin.py:900: UserWarning: Truncated File Read
  warnings.warn(str(msg))


 50%|â–ˆâ–ˆâ–ˆâ–ˆâ–ˆ     | 1/2 [00:09<00:09,  9.73s/it][A

100%|â–ˆâ–ˆâ–ˆâ–ˆâ–ˆâ–ˆâ–ˆâ–ˆâ–ˆâ–ˆ| 2/2 [00:15<00:00,  7.56s/it][A
100%|â–ˆâ–ˆâ–ˆâ–ˆâ–ˆâ–ˆâ–ˆâ–ˆâ–ˆâ–ˆ| 2/2 [00:15<00:00,  7.97s/it]

 62%|â–ˆâ–ˆâ–ˆâ–ˆâ–ˆâ–ˆâ–   | 72/116 [10:49<08:37, 11.77s/it]

  0%|          | 0/2 [00:00<?, ?it/s][A

 50%|â–ˆâ–ˆâ–ˆâ–ˆâ–ˆ     | 1/2 [00:08<00:08,  8.68s/it][A

100%|â–ˆâ–ˆâ–ˆâ–ˆâ–ˆâ–ˆâ–ˆâ–ˆâ–ˆâ–ˆ| 2/2 [00:13<00:00,  6.38s/it][A
100%|â–ˆâ–ˆâ–ˆâ–ˆâ–ˆâ–ˆâ–ˆâ–ˆâ–ˆâ–ˆ| 2/2 [00:13<00:00,  6.78s/it]

 63%|â–ˆâ–ˆâ–ˆâ–ˆâ–ˆâ–ˆâ–Ž   | 73/116 [11:03<08:49, 12.31s/it]

  0%|          | 0/2 [00:00<?, ?it/s][A

 50%|â–ˆâ–ˆâ–ˆâ–ˆâ–ˆ     | 1/2 [00:08<00:08,  8.59s/it][A

100%|â–ˆâ–ˆâ–ˆâ–ˆâ–ˆâ–ˆâ–ˆâ–ˆâ–ˆâ–ˆ| 2/2 [00:14<00:00,  6.84s/it][A
100%|â–ˆâ–ˆâ–ˆâ–ˆâ–ˆâ–ˆâ–ˆâ–ˆâ–ˆâ–ˆ| 2/2 [00:14<00:00,  7.17s/it]

 64%|â–ˆâ–ˆâ–ˆâ–ˆâ–ˆâ–ˆâ–   | 74/116 [11:17<09:02, 12.93s/it]

  0%|          | 0/2 [00:00<?, ?it/s][A

 50%|â–ˆâ–ˆâ–ˆâ–ˆâ–ˆ     | 1/2 [00:09<00:09,  9.02s/it][A

100%|â–ˆâ–ˆâ–ˆâ–ˆâ–ˆâ–ˆâ–ˆâ–ˆâ–ˆâ–ˆ| 2/2 [00:12<00:00,  5.49s/it][A
100%|â–ˆâ–ˆâ–ˆâ–ˆâ–ˆâ–ˆâ–ˆâ–ˆâ–ˆâ–ˆ| 2/2 [00:12<00:00,  6.08s/it]

 65%|â–ˆâ–ˆâ–ˆâ–ˆâ–ˆâ–ˆâ–   | 75/116 [11:29<08:40, 12.70s/it]

  0%|          | 0/2 [00:00<?, ?it/s][A

 50%|â–ˆâ–ˆâ–ˆâ–ˆâ–ˆ     | 1/2 [00:08<00:08,  8.87s/it][A

100%|â–ˆâ–ˆâ–ˆâ–ˆâ–ˆâ–ˆâ–ˆâ–ˆâ–ˆâ–ˆ| 2/2 [00:14<00:00,  7.07s/it][A
100%|â–ˆâ–ˆâ–ˆâ–ˆâ–ˆâ–ˆâ–ˆâ–ˆâ–ˆâ–ˆ| 2/2 [00:14<00:00,  7.39s/it]

 66%|â–ˆâ–ˆâ–ˆâ–ˆâ–ˆâ–ˆâ–Œ   | 76/116 [11:44<08:53, 13.33s/it]

  0%|          | 0/2 [00:00<?, ?it/s][A

 50%|â–ˆâ–ˆâ–ˆâ–ˆâ–ˆ     | 1/2 [00:08<00:08,  8.09s/it][A

100%|â–ˆâ–ˆâ–ˆâ–ˆâ–ˆâ–ˆâ–ˆâ–ˆâ–ˆâ–ˆ| 2/2 [00:10<00:00,  5.03s/it][A
100%|â–ˆâ–ˆâ–ˆâ–ˆâ–ˆâ–ˆâ–ˆâ–ˆâ–ˆâ–ˆ| 2/2 [00:11<00:00,  5.56s/it]

 66%|â–ˆâ–ˆâ–ˆâ–ˆâ–ˆâ–ˆâ–‹   | 77/116 [11:55<08:14, 12.67s/it]

  0%|          | 0/1 [00:00<?, ?it/s][A

100%|â–ˆâ–ˆâ–ˆâ–ˆâ–ˆâ–ˆâ–ˆâ–ˆâ–ˆâ–ˆ| 1/1 [00:02<00:00,  2.59s/it][A
100%|â–ˆâ–ˆâ–ˆâ–ˆâ–ˆâ–ˆâ–ˆâ–ˆâ–ˆâ–ˆ| 1/1 [00:02<00:00,  2.66s/it]

 67%|â–ˆâ–ˆâ–ˆâ–ˆâ–ˆâ–ˆâ–‹   | 78/116 [11:58<06:07,  9.67s/it]

  0%|          | 0/1 [00:00<?, ?it/s][A

100%|â–ˆâ–ˆâ–ˆâ–ˆâ–ˆâ–ˆâ–ˆâ–ˆâ–ˆâ–ˆ| 1/1 [00:10<00:00, 10.20s/it][A
100%|â–ˆâ–ˆâ–ˆâ–ˆâ–ˆâ–ˆâ–ˆâ–ˆâ–ˆâ–ˆ| 1/1 [00:10<00:00, 10.34s/it]

 68%|â–ˆâ–ˆâ–ˆâ–ˆâ–ˆâ–ˆâ–Š   | 79/116 [12:08<06:05,  9.88s/it]

  0%|          | 0/1 [00:00<?, ?it/s][A

100%|â–ˆâ–ˆâ–ˆâ–ˆâ–ˆâ–ˆâ–ˆâ–ˆâ–ˆâ–ˆ| 1/1 [00:02<00:00,  2.88s/it][A
100%|â–ˆâ–ˆâ–ˆâ–ˆâ–ˆâ–ˆâ–ˆâ–ˆâ–ˆâ–ˆ| 1/1 [00:02<00:00,  2.93s/it]

 69%|â–ˆâ–ˆâ–ˆâ–ˆâ–ˆâ–ˆâ–‰   | 80/116 [12:11<04:40,  7.80s/it]

  0%|          | 0/1 [00:00<?, ?it/s][A

100%|â–ˆâ–ˆâ–ˆâ–ˆâ–ˆâ–ˆâ–ˆâ–ˆâ–ˆâ–ˆ| 1/1 [00:03<00:00,  3.93s/it][A
100%|â–ˆâ–ˆâ–ˆâ–ˆâ–ˆâ–ˆâ–ˆâ–ˆâ–ˆâ–ˆ| 1/1 [00:04<00:00,  4.05s/it]

 70%|â–ˆâ–ˆâ–ˆâ–ˆâ–ˆâ–ˆâ–‰   | 81/116 [12:15<03:53,  6.68s/it]

  0%|          | 0/1 [00:00<?, ?it/s][A

100%|â–ˆâ–ˆâ–ˆâ–ˆâ–ˆâ–ˆâ–ˆâ–ˆâ–ˆâ–ˆ| 1/1 [00:07<00:00,  7.05s/it][A
100%|â–ˆâ–ˆâ–ˆâ–ˆâ–ˆâ–ˆâ–ˆâ–ˆâ–ˆâ–ˆ| 1/1 [00:07<00:00,  7.14s/it]

 71%|â–ˆâ–ˆâ–ˆâ–ˆâ–ˆâ–ˆâ–ˆ   | 82/116 [12:22<03:51,  6.82s/it]

  0%|          | 0/1 [00:00<?, ?it/s][A

100%|â–ˆâ–ˆâ–ˆâ–ˆâ–ˆâ–ˆâ–ˆâ–ˆâ–ˆâ–ˆ| 1/1 [00:09<00:00,  9.06s/it][A
100%|â–ˆâ–ˆâ–ˆâ–ˆâ–ˆâ–ˆâ–ˆâ–ˆâ–ˆâ–ˆ| 1/1 [00:09<00:00,  9.20s/it]

 72%|â–ˆâ–ˆâ–ˆâ–ˆâ–ˆâ–ˆâ–ˆâ–  | 83/116 [12:32<04:08,  7.54s/it]

  0%|          | 0/2 [00:00<?, ?it/s][A

 50%|â–ˆâ–ˆâ–ˆâ–ˆâ–ˆ     | 1/2 [00:08<00:08,  8.46s/it][A

100%|â–ˆâ–ˆâ–ˆâ–ˆâ–ˆâ–ˆâ–ˆâ–ˆâ–ˆâ–ˆ| 2/2 [00:13<00:00,  6.41s/it][A
100%|â–ˆâ–ˆâ–ˆâ–ˆâ–ˆâ–ˆâ–ˆâ–ˆâ–ˆâ–ˆ| 2/2 [00:13<00:00,  6.81s/it]

 72%|â–ˆâ–ˆâ–ˆâ–ˆâ–ˆâ–ˆâ–ˆâ–  | 84/116 [12:45<04:59,  9.37s/it]

  0%|          | 0/2 [00:00<?, ?it/s][A

 50%|â–ˆâ–ˆâ–ˆâ–ˆâ–ˆ     | 1/2 [00:11<00:11, 11.09s/it][A

100%|â–ˆâ–ˆâ–ˆâ–ˆâ–ˆâ–ˆâ–ˆâ–ˆâ–ˆâ–ˆ| 2/2 [00:17<00:00,  8.28s/it][A
100%|â–ˆâ–ˆâ–ˆâ–ˆâ–ˆâ–ˆâ–ˆâ–ˆâ–ˆâ–ˆ| 2/2 [00:17<00:00,  8.78s/it]

 73%|â–ˆâ–ˆâ–ˆâ–ˆâ–ˆâ–ˆâ–ˆâ–Ž  | 85/116 [13:03<06:06, 11.83s/it]

  0%|          | 0/2 [00:00<?, ?it/s][A

 50%|â–ˆâ–ˆâ–ˆâ–ˆâ–ˆ     | 1/2 [00:09<00:09,  9.70s/it][A

100%|â–ˆâ–ˆâ–ˆâ–ˆâ–ˆâ–ˆâ–ˆâ–ˆâ–ˆâ–ˆ| 2/2 [00:12<00:00,  5.77s/it][A
100%|â–ˆâ–ˆâ–ˆâ–ˆâ–ˆâ–ˆâ–ˆâ–ˆâ–ˆâ–ˆ| 2/2 [00:12<00:00,  6.43s/it]

 74%|â–ˆâ–ˆâ–ˆâ–ˆâ–ˆâ–ˆâ–ˆâ–  | 86/116 [13:16<06:04, 12.14s/it]

  0%|          | 0/2 [00:00<?, ?it/s][A

 50%|â–ˆâ–ˆâ–ˆâ–ˆâ–ˆ     | 1/2 [00:09<00:09,  9.00s/it][A

100%|â–ˆâ–ˆâ–ˆâ–ˆâ–ˆâ–ˆâ–ˆâ–ˆâ–ˆâ–ˆ| 2/2 [00:09<00:00,  3.97s/it][A
100%|â–ˆâ–ˆâ–ˆâ–ˆâ–ˆâ–ˆâ–ˆâ–ˆâ–ˆâ–ˆ| 2/2 [00:09<00:00,  4.79s/it]

 75%|â–ˆâ–ˆâ–ˆâ–ˆâ–ˆâ–ˆâ–ˆâ–Œ  | 87/116 [13:25<05:30, 11.38s/it]

  0%|          | 0/2 [00:00<?, ?it/s][A

 50%|â–ˆâ–ˆâ–ˆâ–ˆâ–ˆ     | 1/2 [00:09<00:09,  9.01s/it][A

100%|â–ˆâ–ˆâ–ˆâ–ˆâ–ˆâ–ˆâ–ˆâ–ˆâ–ˆâ–ˆ| 2/2 [00:10<00:00,  4.51s/it][A
100%|â–ˆâ–ˆâ–ˆâ–ˆâ–ˆâ–ˆâ–ˆâ–ˆâ–ˆâ–ˆ| 2/2 [00:10<00:00,  5.23s/it]

 76%|â–ˆâ–ˆâ–ˆâ–ˆâ–ˆâ–ˆâ–ˆâ–Œ  | 88/116 [13:36<05:11, 11.11s/it]

  0%|          | 0/2 [00:00<?, ?it/s][A

 50%|â–ˆâ–ˆâ–ˆâ–ˆâ–ˆ     | 1/2 [00:08<00:08,  8.03s/it][A

100%|â–ˆâ–ˆâ–ˆâ–ˆâ–ˆâ–ˆâ–ˆâ–ˆâ–ˆâ–ˆ| 2/2 [00:11<00:00,  5.61s/it][A
100%|â–ˆâ–ˆâ–ˆâ–ˆâ–ˆâ–ˆâ–ˆâ–ˆâ–ˆâ–ˆ| 2/2 [00:12<00:00,  6.03s/it]

 77%|â–ˆâ–ˆâ–ˆâ–ˆâ–ˆâ–ˆâ–ˆâ–‹  | 89/116 [13:48<05:07, 11.40s/it]

  0%|          | 0/2 [00:00<?, ?it/s][A/home/graduate2024/miniconda3/lib/python3.12/site-packages/PIL/TiffImagePlugin.py:900: UserWarning: Truncated File Read
  warnings.warn(str(msg))


 50%|â–ˆâ–ˆâ–ˆâ–ˆâ–ˆ     | 1/2 [00:08<00:08,  8.30s/it][A

100%|â–ˆâ–ˆâ–ˆâ–ˆâ–ˆâ–ˆâ–ˆâ–ˆâ–ˆâ–ˆ| 2/2 [00:12<00:00,  5.98s/it][A
100%|â–ˆâ–ˆâ–ˆâ–ˆâ–ˆâ–ˆâ–ˆâ–ˆâ–ˆâ–ˆ| 2/2 [00:12<00:00,  6.40s/it]

 78%|â–ˆâ–ˆâ–ˆâ–ˆâ–ˆâ–ˆâ–ˆâ–Š  | 90/116 [14:01<05:07, 11.82s/it]

  0%|          | 0/1 [00:00<?, ?it/s][A

100%|â–ˆâ–ˆâ–ˆâ–ˆâ–ˆâ–ˆâ–ˆâ–ˆâ–ˆâ–ˆ| 1/1 [00:11<00:00, 11.03s/it][A
100%|â–ˆâ–ˆâ–ˆâ–ˆâ–ˆâ–ˆâ–ˆâ–ˆâ–ˆâ–ˆ| 1/1 [00:11<00:00, 11.16s/it]

 78%|â–ˆâ–ˆâ–ˆâ–ˆâ–ˆâ–ˆâ–ˆâ–Š  | 91/116 [14:12<04:50, 11.63s/it]

  0%|          | 0/1 [00:00<?, ?it/s][A

100%|â–ˆâ–ˆâ–ˆâ–ˆâ–ˆâ–ˆâ–ˆâ–ˆâ–ˆâ–ˆ| 1/1 [00:07<00:00,  7.86s/it][A
100%|â–ˆâ–ˆâ–ˆâ–ˆâ–ˆâ–ˆâ–ˆâ–ˆâ–ˆâ–ˆ| 1/1 [00:07<00:00,  7.96s/it]

 79%|â–ˆâ–ˆâ–ˆâ–ˆâ–ˆâ–ˆâ–ˆâ–‰  | 92/116 [14:20<04:12, 10.53s/it]

  0%|          | 0/1 [00:00<?, ?it/s][A

100%|â–ˆâ–ˆâ–ˆâ–ˆâ–ˆâ–ˆâ–ˆâ–ˆâ–ˆâ–ˆ| 1/1 [00:08<00:00,  8.39s/it][A
100%|â–ˆâ–ˆâ–ˆâ–ˆâ–ˆâ–ˆâ–ˆâ–ˆâ–ˆâ–ˆ| 1/1 [00:08<00:00,  8.50s/it]

 80%|â–ˆâ–ˆâ–ˆâ–ˆâ–ˆâ–ˆâ–ˆâ–ˆ  | 93/116 [14:28<03:48,  9.93s/it]

  0%|          | 0/2 [00:00<?, ?it/s][A

 50%|â–ˆâ–ˆâ–ˆâ–ˆâ–ˆ     | 1/2 [00:08<00:08,  8.65s/it][A

100%|â–ˆâ–ˆâ–ˆâ–ˆâ–ˆâ–ˆâ–ˆâ–ˆâ–ˆâ–ˆ| 2/2 [00:15<00:00,  7.60s/it][A
100%|â–ˆâ–ˆâ–ˆâ–ˆâ–ˆâ–ˆâ–ˆâ–ˆâ–ˆâ–ˆ| 2/2 [00:15<00:00,  7.82s/it]

 81%|â–ˆâ–ˆâ–ˆâ–ˆâ–ˆâ–ˆâ–ˆâ–ˆ  | 94/116 [14:44<04:16, 11.64s/it]

  0%|          | 0/2 [00:00<?, ?it/s][A

 50%|â–ˆâ–ˆâ–ˆâ–ˆâ–ˆ     | 1/2 [00:07<00:07,  7.95s/it][A

100%|â–ˆâ–ˆâ–ˆâ–ˆâ–ˆâ–ˆâ–ˆâ–ˆâ–ˆâ–ˆ| 2/2 [00:13<00:00,  6.37s/it][A
100%|â–ˆâ–ˆâ–ˆâ–ˆâ–ˆâ–ˆâ–ˆâ–ˆâ–ˆâ–ˆ| 2/2 [00:13<00:00,  6.68s/it]

 82%|â–ˆâ–ˆâ–ˆâ–ˆâ–ˆâ–ˆâ–ˆâ–ˆâ– | 95/116 [14:57<04:15, 12.16s/it]

  0%|          | 0/3 [00:00<?, ?it/s][A/home/graduate2024/miniconda3/lib/python3.12/site-packages/PIL/TiffImagePlugin.py:900: UserWarning: Corrupt EXIF data.  Expecting to read 12 bytes but only got 10. 
  warnings.warn(str(msg))
/home/graduate2024/miniconda3/lib/python3.12/site-packages/PIL/TiffImagePlugin.py:900: UserWarning: Truncated File Read
  warnings.warn(str(msg))


 33%|â–ˆâ–ˆâ–ˆâ–Ž      | 1/3 [00:09<00:19,  9.58s/it][A

 67%|â–ˆâ–ˆâ–ˆâ–ˆâ–ˆâ–ˆâ–‹   | 2/3 [00:14<00:06,  6.73s/it][A

100%|â–ˆâ–ˆâ–ˆâ–ˆâ–ˆâ–ˆâ–ˆâ–ˆâ–ˆâ–ˆ| 3/3 [00:15<00:00,  4.30s/it][A
100%|â–ˆâ–ˆâ–ˆâ–ˆâ–ˆâ–ˆâ–ˆâ–ˆâ–ˆâ–ˆ| 3/3 [00:15<00:00,  5.28s/it]

 83%|â–ˆâ–ˆâ–ˆâ–ˆâ–ˆâ–ˆâ–ˆâ–ˆâ–Ž | 96/116 [15:13<04:25, 13.27s/it]

  0%|          | 0/2 [00:00<?, ?it/s][A

 50%|â–ˆâ–ˆâ–ˆâ–ˆâ–ˆ     | 1/2 [00:07<00:07,  7.97s/it][A

100%|â–ˆâ–ˆâ–ˆâ–ˆâ–ˆâ–ˆâ–ˆâ–ˆâ–ˆâ–ˆ| 2/2 [00:09<00:00,  4.43s/it][A
100%|â–ˆâ–ˆâ–ˆâ–ˆâ–ˆâ–ˆâ–ˆâ–ˆâ–ˆâ–ˆ| 2/2 [00:10<00:00,  5.00s/it]

 84%|â–ˆâ–ˆâ–ˆâ–ˆâ–ˆâ–ˆâ–ˆâ–ˆâ–Ž | 97/116 [15:23<03:53, 12.30s/it]

  0%|          | 0/2 [00:00<?, ?it/s][A

 50%|â–ˆâ–ˆâ–ˆâ–ˆâ–ˆ     | 1/2 [00:07<00:07,  7.95s/it][A

100%|â–ˆâ–ˆâ–ˆâ–ˆâ–ˆâ–ˆâ–ˆâ–ˆâ–ˆâ–ˆ| 2/2 [00:08<00:00,  3.84s/it][A
100%|â–ˆâ–ˆâ–ˆâ–ˆâ–ˆâ–ˆâ–ˆâ–ˆâ–ˆâ–ˆ| 2/2 [00:09<00:00,  4.50s/it]

 84%|â–ˆâ–ˆâ–ˆâ–ˆâ–ˆâ–ˆâ–ˆâ–ˆâ– | 98/116 [15:32<03:23, 11.31s/it]

  0%|          | 0/2 [00:00<?, ?it/s][A

 50%|â–ˆâ–ˆâ–ˆâ–ˆâ–ˆ     | 1/2 [00:08<00:08,  8.43s/it][A

100%|â–ˆâ–ˆâ–ˆâ–ˆâ–ˆâ–ˆâ–ˆâ–ˆâ–ˆâ–ˆ| 2/2 [00:11<00:00,  5.41s/it][A
100%|â–ˆâ–ˆâ–ˆâ–ˆâ–ˆâ–ˆâ–ˆâ–ˆâ–ˆâ–ˆ| 2/2 [00:11<00:00,  5.90s/it]

 85%|â–ˆâ–ˆâ–ˆâ–ˆâ–ˆâ–ˆâ–ˆâ–ˆâ–Œ | 99/116 [15:44<03:14, 11.47s/it]

  0%|          | 0/2 [00:00<?, ?it/s][A

 50%|â–ˆâ–ˆâ–ˆâ–ˆâ–ˆ     | 1/2 [00:08<00:08,  8.24s/it][A

100%|â–ˆâ–ˆâ–ˆâ–ˆâ–ˆâ–ˆâ–ˆâ–ˆâ–ˆâ–ˆ| 2/2 [00:12<00:00,  6.01s/it][A
100%|â–ˆâ–ˆâ–ˆâ–ˆâ–ˆâ–ˆâ–ˆâ–ˆâ–ˆâ–ˆ| 2/2 [00:12<00:00,  6.40s/it]

 86%|â–ˆâ–ˆâ–ˆâ–ˆâ–ˆâ–ˆâ–ˆâ–ˆâ–Œ | 100/116 [15:57<03:09, 11.87s/it]

  0%|          | 0/2 [00:00<?, ?it/s][A

 50%|â–ˆâ–ˆâ–ˆâ–ˆâ–ˆ     | 1/2 [00:07<00:07,  7.99s/it][A

100%|â–ˆâ–ˆâ–ˆâ–ˆâ–ˆâ–ˆâ–ˆâ–ˆâ–ˆâ–ˆ| 2/2 [00:09<00:00,  4.04s/it][A
100%|â–ˆâ–ˆâ–ˆâ–ˆâ–ˆâ–ˆâ–ˆâ–ˆâ–ˆâ–ˆ| 2/2 [00:09<00:00,  4.67s/it]

 87%|â–ˆâ–ˆâ–ˆâ–ˆâ–ˆâ–ˆâ–ˆâ–ˆâ–‹ | 101/116 [16:06<02:46, 11.12s/it]

  0%|          | 0/1 [00:00<?, ?it/s][A

100%|â–ˆâ–ˆâ–ˆâ–ˆâ–ˆâ–ˆâ–ˆâ–ˆâ–ˆâ–ˆ| 1/1 [00:05<00:00,  5.12s/it][A
100%|â–ˆâ–ˆâ–ˆâ–ˆâ–ˆâ–ˆâ–ˆâ–ˆâ–ˆâ–ˆ| 1/1 [00:05<00:00,  5.20s/it]

 88%|â–ˆâ–ˆâ–ˆâ–ˆâ–ˆâ–ˆâ–ˆâ–ˆâ–Š | 102/116 [16:12<02:10,  9.35s/it]

  0%|          | 0/2 [00:00<?, ?it/s][A

 50%|â–ˆâ–ˆâ–ˆâ–ˆâ–ˆ     | 1/2 [00:08<00:08,  8.56s/it][A

100%|â–ˆâ–ˆâ–ˆâ–ˆâ–ˆâ–ˆâ–ˆâ–ˆâ–ˆâ–ˆ| 2/2 [00:09<00:00,  4.18s/it][A
100%|â–ˆâ–ˆâ–ˆâ–ˆâ–ˆâ–ˆâ–ˆâ–ˆâ–ˆâ–ˆ| 2/2 [00:09<00:00,  4.89s/it]

 89%|â–ˆâ–ˆâ–ˆâ–ˆâ–ˆâ–ˆâ–ˆâ–ˆâ–‰ | 103/116 [16:21<02:03,  9.48s/it]

  0%|          | 0/3 [00:00<?, ?it/s][A/home/graduate2024/miniconda3/lib/python3.12/site-packages/PIL/TiffImagePlugin.py:900: UserWarning: Truncated File Read
  warnings.warn(str(msg))


 33%|â–ˆâ–ˆâ–ˆâ–Ž      | 1/3 [00:08<00:17,  9.00s/it][A

 67%|â–ˆâ–ˆâ–ˆâ–ˆâ–ˆâ–ˆâ–‹   | 2/3 [00:13<00:06,  6.49s/it][A

100%|â–ˆâ–ˆâ–ˆâ–ˆâ–ˆâ–ˆâ–ˆâ–ˆâ–ˆâ–ˆ| 3/3 [00:16<00:00,  4.77s/it][A
100%|â–ˆâ–ˆâ–ˆâ–ˆâ–ˆâ–ˆâ–ˆâ–ˆâ–ˆâ–ˆ| 3/3 [00:16<00:00,  5.52s/it]

 90%|â–ˆâ–ˆâ–ˆâ–ˆâ–ˆâ–ˆâ–ˆâ–ˆâ–‰ | 104/116 [16:38<02:19, 11.61s/it]

  0%|          | 0/3 [00:00<?, ?it/s][A

 33%|â–ˆâ–ˆâ–ˆâ–Ž      | 1/3 [00:08<00:16,  8.49s/it][A

 67%|â–ˆâ–ˆâ–ˆâ–ˆâ–ˆâ–ˆâ–‹   | 2/3 [00:13<00:06,  6.28s/it][A

100%|â–ˆâ–ˆâ–ˆâ–ˆâ–ˆâ–ˆâ–ˆâ–ˆâ–ˆâ–ˆ| 3/3 [00:13<00:00,  3.48s/it][A
100%|â–ˆâ–ˆâ–ˆâ–ˆâ–ˆâ–ˆâ–ˆâ–ˆâ–ˆâ–ˆ| 3/3 [00:13<00:00,  4.49s/it]

 91%|â–ˆâ–ˆâ–ˆâ–ˆâ–ˆâ–ˆâ–ˆâ–ˆâ–ˆ | 105/116 [16:51<02:13, 12.18s/it]

  0%|          | 0/1 [00:00<?, ?it/s][A

100%|â–ˆâ–ˆâ–ˆâ–ˆâ–ˆâ–ˆâ–ˆâ–ˆâ–ˆâ–ˆ| 1/1 [00:06<00:00,  6.43s/it][A
100%|â–ˆâ–ˆâ–ˆâ–ˆâ–ˆâ–ˆâ–ˆâ–ˆâ–ˆâ–ˆ| 1/1 [00:06<00:00,  6.55s/it]

 91%|â–ˆâ–ˆâ–ˆâ–ˆâ–ˆâ–ˆâ–ˆâ–ˆâ–ˆâ–| 106/116 [16:58<01:44, 10.49s/it]

  0%|          | 0/2 [00:00<?, ?it/s][A

 50%|â–ˆâ–ˆâ–ˆâ–ˆâ–ˆ     | 1/2 [00:09<00:09,  9.13s/it][A

100%|â–ˆâ–ˆâ–ˆâ–ˆâ–ˆâ–ˆâ–ˆâ–ˆâ–ˆâ–ˆ| 2/2 [00:10<00:00,  4.84s/it][A
100%|â–ˆâ–ˆâ–ˆâ–ˆâ–ˆâ–ˆâ–ˆâ–ˆâ–ˆâ–ˆ| 2/2 [00:11<00:00,  5.53s/it]

 92%|â–ˆâ–ˆâ–ˆâ–ˆâ–ˆâ–ˆâ–ˆâ–ˆâ–ˆâ–| 107/116 [17:09<01:36, 10.67s/it]

  0%|          | 0/1 [00:00<?, ?it/s][A

100%|â–ˆâ–ˆâ–ˆâ–ˆâ–ˆâ–ˆâ–ˆâ–ˆâ–ˆâ–ˆ| 1/1 [00:01<00:00,  1.89s/it][A
100%|â–ˆâ–ˆâ–ˆâ–ˆâ–ˆâ–ˆâ–ˆâ–ˆâ–ˆâ–ˆ| 1/1 [00:01<00:00,  1.93s/it]

 93%|â–ˆâ–ˆâ–ˆâ–ˆâ–ˆâ–ˆâ–ˆâ–ˆâ–ˆâ–Ž| 108/116 [17:11<01:04,  8.05s/it]

  0%|          | 0/2 [00:00<?, ?it/s][A

 50%|â–ˆâ–ˆâ–ˆâ–ˆâ–ˆ     | 1/2 [00:08<00:08,  8.12s/it][A

100%|â–ˆâ–ˆâ–ˆâ–ˆâ–ˆâ–ˆâ–ˆâ–ˆâ–ˆâ–ˆ| 2/2 [00:09<00:00,  4.08s/it][A
100%|â–ˆâ–ˆâ–ˆâ–ˆâ–ˆâ–ˆâ–ˆâ–ˆâ–ˆâ–ˆ| 2/2 [00:09<00:00,  4.76s/it]

 94%|â–ˆâ–ˆâ–ˆâ–ˆâ–ˆâ–ˆâ–ˆâ–ˆâ–ˆâ–| 109/116 [17:21<00:59,  8.49s/it]

  0%|          | 0/2 [00:00<?, ?it/s][A

 50%|â–ˆâ–ˆâ–ˆâ–ˆâ–ˆ     | 1/2 [00:08<00:08,  8.47s/it][A

100%|â–ˆâ–ˆâ–ˆâ–ˆâ–ˆâ–ˆâ–ˆâ–ˆâ–ˆâ–ˆ| 2/2 [00:15<00:00,  7.54s/it][A
100%|â–ˆâ–ˆâ–ˆâ–ˆâ–ˆâ–ˆâ–ˆâ–ˆâ–ˆâ–ˆ| 2/2 [00:15<00:00,  7.75s/it]

 95%|â–ˆâ–ˆâ–ˆâ–ˆâ–ˆâ–ˆâ–ˆâ–ˆâ–ˆâ–| 110/116 [17:36<01:03, 10.60s/it]

  0%|          | 0/2 [00:00<?, ?it/s][A

 50%|â–ˆâ–ˆâ–ˆâ–ˆâ–ˆ     | 1/2 [00:08<00:08,  8.49s/it][A

100%|â–ˆâ–ˆâ–ˆâ–ˆâ–ˆâ–ˆâ–ˆâ–ˆâ–ˆâ–ˆ| 2/2 [00:11<00:00,  5.38s/it][A
100%|â–ˆâ–ˆâ–ˆâ–ˆâ–ˆâ–ˆâ–ˆâ–ˆâ–ˆâ–ˆ| 2/2 [00:11<00:00,  5.91s/it]

 96%|â–ˆâ–ˆâ–ˆâ–ˆâ–ˆâ–ˆâ–ˆâ–ˆâ–ˆâ–Œ| 111/116 [17:48<00:54, 10.97s/it]

  0%|          | 0/1 [00:00<?, ?it/s][A

100%|â–ˆâ–ˆâ–ˆâ–ˆâ–ˆâ–ˆâ–ˆâ–ˆâ–ˆâ–ˆ| 1/1 [00:09<00:00,  9.97s/it][A
100%|â–ˆâ–ˆâ–ˆâ–ˆâ–ˆâ–ˆâ–ˆâ–ˆâ–ˆâ–ˆ| 1/1 [00:10<00:00, 10.08s/it]

 97%|â–ˆâ–ˆâ–ˆâ–ˆâ–ˆâ–ˆâ–ˆâ–ˆâ–ˆâ–‹| 112/116 [17:58<00:42, 10.70s/it]

  0%|          | 0/3 [00:00<?, ?it/s][A

 33%|â–ˆâ–ˆâ–ˆâ–Ž      | 1/3 [00:08<00:17,  8.93s/it][A

 67%|â–ˆâ–ˆâ–ˆâ–ˆâ–ˆâ–ˆâ–‹   | 2/3 [00:13<00:06,  6.46s/it][A

100%|â–ˆâ–ˆâ–ˆâ–ˆâ–ˆâ–ˆâ–ˆâ–ˆâ–ˆâ–ˆ| 3/3 [00:13<00:00,  3.62s/it][A
100%|â–ˆâ–ˆâ–ˆâ–ˆâ–ˆâ–ˆâ–ˆâ–ˆâ–ˆâ–ˆ| 3/3 [00:14<00:00,  4.67s/it]

 97%|â–ˆâ–ˆâ–ˆâ–ˆâ–ˆâ–ˆâ–ˆâ–ˆâ–ˆâ–‹| 113/116 [18:12<00:35, 11.70s/it]

  0%|          | 0/1 [00:00<?, ?it/s][A

100%|â–ˆâ–ˆâ–ˆâ–ˆâ–ˆâ–ˆâ–ˆâ–ˆâ–ˆâ–ˆ| 1/1 [00:04<00:00,  4.05s/it][A
100%|â–ˆâ–ˆâ–ˆâ–ˆâ–ˆâ–ˆâ–ˆâ–ˆâ–ˆâ–ˆ| 1/1 [00:04<00:00,  4.15s/it]

 98%|â–ˆâ–ˆâ–ˆâ–ˆâ–ˆâ–ˆâ–ˆâ–ˆâ–ˆâ–Š| 114/116 [18:16<00:18,  9.44s/it]

  0%|          | 0/1 [00:00<?, ?it/s][A

100%|â–ˆâ–ˆâ–ˆâ–ˆâ–ˆâ–ˆâ–ˆâ–ˆâ–ˆâ–ˆ| 1/1 [00:09<00:00,  9.04s/it][A
100%|â–ˆâ–ˆâ–ˆâ–ˆâ–ˆâ–ˆâ–ˆâ–ˆâ–ˆâ–ˆ| 1/1 [00:09<00:00,  9.18s/it]

 99%|â–ˆâ–ˆâ–ˆâ–ˆâ–ˆâ–ˆâ–ˆâ–ˆâ–ˆâ–‰| 115/116 [18:25<00:09,  9.36s/it]

  0%|          | 0/2 [00:00<?, ?it/s][A

 50%|â–ˆâ–ˆâ–ˆâ–ˆâ–ˆ     | 1/2 [00:08<00:08,  8.85s/it][A

100%|â–ˆâ–ˆâ–ˆâ–ˆâ–ˆâ–ˆâ–ˆâ–ˆâ–ˆâ–ˆ| 2/2 [00:11<00:00,  5.33s/it][A
100%|â–ˆâ–ˆâ–ˆâ–ˆâ–ˆâ–ˆâ–ˆâ–ˆâ–ˆâ–ˆ| 2/2 [00:11<00:00,  5.90s/it]

100%|â–ˆâ–ˆâ–ˆâ–ˆâ–ˆâ–ˆâ–ˆâ–ˆâ–ˆâ–ˆ| 116/116 [18:37<00:00, 10.10s/it]
100%|â–ˆâ–ˆâ–ˆâ–ˆâ–ˆâ–ˆâ–ˆâ–ˆâ–ˆâ–ˆ| 116/116 [18:37<00:00,  9.63s/it]
