/home/graduate2024/miniconda3/lib/python3.12/site-packages/timm/models/layers/__init__.py:48: FutureWarning: Importing from timm.models.layers is deprecated, please import via timm.layers
  warnings.warn(f"Importing from {__name__} is deprecated, please import via timm.layers", FutureWarning)
/home/graduate2024/data/CONCH-main/conch/open_clip_custom/factory.py:18: FutureWarning: You are using `torch.load` with `weights_only=False` (the current default value), which uses the default pickle module implicitly. It is possible to construct malicious pickle data which will execute arbitrary code during unpickling (See https://github.com/pytorch/pytorch/blob/main/SECURITY.md#untrusted-models for more details). In a future release, the default value for `weights_only` will be flipped to `True`. This limits the functions that could be executed during unpickling. Arbitrary objects will no longer be allowed to be loaded via this mode unless they are explicitly allowlisted by the user via `torch.serialization.add_safe_globals`. We recommend you start setting `weights_only=True` for any use case where you don't have full control of the loaded file. Please open an issue on GitHub for any issues related to this experimental feature.
  checkpoint = torch.load(checkpoint_path, map_location=map_location)

  0%|          | 0/163 [00:00<?, ?it/s]/home/graduate2024/miniconda3/lib/python3.12/site-packages/PIL/Image.py:3368: DecompressionBombWarning: Image size (137545940 pixels) exceeds limit of 89478485 pixels, could be decompression bomb DOS attack.
  warnings.warn(


  0%|          | 0/3 [00:00<?, ?it/s][A
  0%|          | 0/3 [00:00<?, ?it/s]

  2%|â–         | 3/163 [00:00<00:37,  4.26it/s]
Traceback (most recent call last):
  File "/home/graduate2024/code/zxb/CLAM-master/extract_features_fp.py", line 105, in <module>
    output_file_path = compute_w_loader(output_path, loader = loader, model = model, verbose = 1)
                       ^^^^^^^^^^^^^^^^^^^^^^^^^^^^^^^^^^^^^^^^^^^^^^^^^^^^^^^^^^^^^^^^^^^^^^^^^^
  File "/home/graduate2024/code/zxb/CLAM-master/extract_features_fp.py", line 35, in compute_w_loader
    for count, data in enumerate(tqdm(loader)):
  File "/home/graduate2024/miniconda3/lib/python3.12/site-packages/tqdm/std.py", line 1181, in __iter__
    for obj in iterable:
  File "/home/graduate2024/miniconda3/lib/python3.12/site-packages/torch/utils/data/dataloader.py", line 630, in __next__
    data = self._next_data()
           ^^^^^^^^^^^^^^^^^
  File "/home/graduate2024/miniconda3/lib/python3.12/site-packages/torch/utils/data/dataloader.py", line 1344, in _next_data
    return self._process_data(data)
           ^^^^^^^^^^^^^^^^^^^^^^^^
  File "/home/graduate2024/miniconda3/lib/python3.12/site-packages/torch/utils/data/dataloader.py", line 1370, in _process_data
    data.reraise()
  File "/home/graduate2024/miniconda3/lib/python3.12/site-packages/torch/_utils.py", line 706, in reraise
    raise exception
OSError: Caught OSError in DataLoader worker process 0.
Original Traceback (most recent call last):
  File "/home/graduate2024/miniconda3/lib/python3.12/site-packages/torch/utils/data/_utils/worker.py", line 309, in _worker_loop
    data = fetcher.fetch(index)  # type: ignore[possibly-undefined]
           ^^^^^^^^^^^^^^^^^^^^
  File "/home/graduate2024/miniconda3/lib/python3.12/site-packages/torch/utils/data/_utils/fetch.py", line 52, in fetch
    data = [self.dataset[idx] for idx in possibly_batched_index]
            ~~~~~~~~~~~~^^^^^
  File "/home/graduate2024/code/zxb/CLAM-master/dataset_modules/dataset_h5.py", line 86, in __getitem__
    img = self.wsi.read_region(coord, self.patch_level, (self.patch_size, self.patch_size)).convert('RGB')
          ^^^^^^^^^^^^^^^^^^^^^^^^^^^^^^^^^^^^^^^^^^^^^^^^^^^^^^^^^^^^^^^^^^^^^^^^^^^^^^^^^
  File "/home/graduate2024/miniconda3/lib/python3.12/site-packages/openslide/__init__.py", line 484, in read_region
    crop = self._image.crop(crop_box)
           ^^^^^^^^^^^^^^^^^^^^^^^^^^
  File "/home/graduate2024/miniconda3/lib/python3.12/site-packages/PIL/Image.py", line 1301, in crop
    self.load()
  File "/home/graduate2024/miniconda3/lib/python3.12/site-packages/PIL/TiffImagePlugin.py", line 1238, in load
    return super().load()
           ^^^^^^^^^^^^^^
  File "/home/graduate2024/miniconda3/lib/python3.12/site-packages/PIL/ImageFile.py", line 290, in load
    raise OSError(msg)
OSError: image file is truncated (21600 bytes not processed)

