initializing dataset
loading model checkpoint
VisionTransformer(
  (patch_embed): PatchEmbed(
    (proj): Conv2d(3, 1024, kernel_size=(16, 16), stride=(16, 16))
    (norm): Identity()
  )
  (pos_drop): Dropout(p=0.0, inplace=False)
  (patch_drop): Identity()
  (norm_pre): Identity()
  (blocks): Sequential(
    (0): Block(
      (norm1): LayerNorm((1024,), eps=1e-06, elementwise_affine=True)
      (attn): Attention(
        (qkv): Linear(in_features=1024, out_features=3072, bias=True)
        (q_norm): Identity()
        (k_norm): Identity()
        (attn_drop): Dropout(p=0.0, inplace=False)
        (proj): Linear(in_features=1024, out_features=1024, bias=True)
        (proj_drop): Dropout(p=0.0, inplace=False)
      )
      (ls1): LayerScale()
      (drop_path1): Identity()
      (norm2): LayerNorm((1024,), eps=1e-06, elementwise_affine=True)
      (mlp): Mlp(
        (fc1): Linear(in_features=1024, out_features=4096, bias=True)
        (act): GELU(approximate='none')
        (drop1): Dropout(p=0.0, inplace=False)
        (norm): Identity()
        (fc2): Linear(in_features=4096, out_features=1024, bias=True)
        (drop2): Dropout(p=0.0, inplace=False)
      )
      (ls2): LayerScale()
      (drop_path2): Identity()
    )
    (1): Block(
      (norm1): LayerNorm((1024,), eps=1e-06, elementwise_affine=True)
      (attn): Attention(
        (qkv): Linear(in_features=1024, out_features=3072, bias=True)
        (q_norm): Identity()
        (k_norm): Identity()
        (attn_drop): Dropout(p=0.0, inplace=False)
        (proj): Linear(in_features=1024, out_features=1024, bias=True)
        (proj_drop): Dropout(p=0.0, inplace=False)
      )
      (ls1): LayerScale()
      (drop_path1): Identity()
      (norm2): LayerNorm((1024,), eps=1e-06, elementwise_affine=True)
      (mlp): Mlp(
        (fc1): Linear(in_features=1024, out_features=4096, bias=True)
        (act): GELU(approximate='none')
        (drop1): Dropout(p=0.0, inplace=False)
        (norm): Identity()
        (fc2): Linear(in_features=4096, out_features=1024, bias=True)
        (drop2): Dropout(p=0.0, inplace=False)
      )
      (ls2): LayerScale()
      (drop_path2): Identity()
    )
    (2): Block(
      (norm1): LayerNorm((1024,), eps=1e-06, elementwise_affine=True)
      (attn): Attention(
        (qkv): Linear(in_features=1024, out_features=3072, bias=True)
        (q_norm): Identity()
        (k_norm): Identity()
        (attn_drop): Dropout(p=0.0, inplace=False)
        (proj): Linear(in_features=1024, out_features=1024, bias=True)
        (proj_drop): Dropout(p=0.0, inplace=False)
      )
      (ls1): LayerScale()
      (drop_path1): Identity()
      (norm2): LayerNorm((1024,), eps=1e-06, elementwise_affine=True)
      (mlp): Mlp(
        (fc1): Linear(in_features=1024, out_features=4096, bias=True)
        (act): GELU(approximate='none')
        (drop1): Dropout(p=0.0, inplace=False)
        (norm): Identity()
        (fc2): Linear(in_features=4096, out_features=1024, bias=True)
        (drop2): Dropout(p=0.0, inplace=False)
      )
      (ls2): LayerScale()
      (drop_path2): Identity()
    )
    (3): Block(
      (norm1): LayerNorm((1024,), eps=1e-06, elementwise_affine=True)
      (attn): Attention(
        (qkv): Linear(in_features=1024, out_features=3072, bias=True)
        (q_norm): Identity()
        (k_norm): Identity()
        (attn_drop): Dropout(p=0.0, inplace=False)
        (proj): Linear(in_features=1024, out_features=1024, bias=True)
        (proj_drop): Dropout(p=0.0, inplace=False)
      )
      (ls1): LayerScale()
      (drop_path1): Identity()
      (norm2): LayerNorm((1024,), eps=1e-06, elementwise_affine=True)
      (mlp): Mlp(
        (fc1): Linear(in_features=1024, out_features=4096, bias=True)
        (act): GELU(approximate='none')
        (drop1): Dropout(p=0.0, inplace=False)
        (norm): Identity()
        (fc2): Linear(in_features=4096, out_features=1024, bias=True)
        (drop2): Dropout(p=0.0, inplace=False)
      )
      (ls2): LayerScale()
      (drop_path2): Identity()
    )
    (4): Block(
      (norm1): LayerNorm((1024,), eps=1e-06, elementwise_affine=True)
      (attn): Attention(
        (qkv): Linear(in_features=1024, out_features=3072, bias=True)
        (q_norm): Identity()
        (k_norm): Identity()
        (attn_drop): Dropout(p=0.0, inplace=False)
        (proj): Linear(in_features=1024, out_features=1024, bias=True)
        (proj_drop): Dropout(p=0.0, inplace=False)
      )
      (ls1): LayerScale()
      (drop_path1): Identity()
      (norm2): LayerNorm((1024,), eps=1e-06, elementwise_affine=True)
      (mlp): Mlp(
        (fc1): Linear(in_features=1024, out_features=4096, bias=True)
        (act): GELU(approximate='none')
        (drop1): Dropout(p=0.0, inplace=False)
        (norm): Identity()
        (fc2): Linear(in_features=4096, out_features=1024, bias=True)
        (drop2): Dropout(p=0.0, inplace=False)
      )
      (ls2): LayerScale()
      (drop_path2): Identity()
    )
    (5): Block(
      (norm1): LayerNorm((1024,), eps=1e-06, elementwise_affine=True)
      (attn): Attention(
        (qkv): Linear(in_features=1024, out_features=3072, bias=True)
        (q_norm): Identity()
        (k_norm): Identity()
        (attn_drop): Dropout(p=0.0, inplace=False)
        (proj): Linear(in_features=1024, out_features=1024, bias=True)
        (proj_drop): Dropout(p=0.0, inplace=False)
      )
      (ls1): LayerScale()
      (drop_path1): Identity()
      (norm2): LayerNorm((1024,), eps=1e-06, elementwise_affine=True)
      (mlp): Mlp(
        (fc1): Linear(in_features=1024, out_features=4096, bias=True)
        (act): GELU(approximate='none')
        (drop1): Dropout(p=0.0, inplace=False)
        (norm): Identity()
        (fc2): Linear(in_features=4096, out_features=1024, bias=True)
        (drop2): Dropout(p=0.0, inplace=False)
      )
      (ls2): LayerScale()
      (drop_path2): Identity()
    )
    (6): Block(
      (norm1): LayerNorm((1024,), eps=1e-06, elementwise_affine=True)
      (attn): Attention(
        (qkv): Linear(in_features=1024, out_features=3072, bias=True)
        (q_norm): Identity()
        (k_norm): Identity()
        (attn_drop): Dropout(p=0.0, inplace=False)
        (proj): Linear(in_features=1024, out_features=1024, bias=True)
        (proj_drop): Dropout(p=0.0, inplace=False)
      )
      (ls1): LayerScale()
      (drop_path1): Identity()
      (norm2): LayerNorm((1024,), eps=1e-06, elementwise_affine=True)
      (mlp): Mlp(
        (fc1): Linear(in_features=1024, out_features=4096, bias=True)
        (act): GELU(approximate='none')
        (drop1): Dropout(p=0.0, inplace=False)
        (norm): Identity()
        (fc2): Linear(in_features=4096, out_features=1024, bias=True)
        (drop2): Dropout(p=0.0, inplace=False)
      )
      (ls2): LayerScale()
      (drop_path2): Identity()
    )
    (7): Block(
      (norm1): LayerNorm((1024,), eps=1e-06, elementwise_affine=True)
      (attn): Attention(
        (qkv): Linear(in_features=1024, out_features=3072, bias=True)
        (q_norm): Identity()
        (k_norm): Identity()
        (attn_drop): Dropout(p=0.0, inplace=False)
        (proj): Linear(in_features=1024, out_features=1024, bias=True)
        (proj_drop): Dropout(p=0.0, inplace=False)
      )
      (ls1): LayerScale()
      (drop_path1): Identity()
      (norm2): LayerNorm((1024,), eps=1e-06, elementwise_affine=True)
      (mlp): Mlp(
        (fc1): Linear(in_features=1024, out_features=4096, bias=True)
        (act): GELU(approximate='none')
        (drop1): Dropout(p=0.0, inplace=False)
        (norm): Identity()
        (fc2): Linear(in_features=4096, out_features=1024, bias=True)
        (drop2): Dropout(p=0.0, inplace=False)
      )
      (ls2): LayerScale()
      (drop_path2): Identity()
    )
    (8): Block(
      (norm1): LayerNorm((1024,), eps=1e-06, elementwise_affine=True)
      (attn): Attention(
        (qkv): Linear(in_features=1024, out_features=3072, bias=True)
        (q_norm): Identity()
        (k_norm): Identity()
        (attn_drop): Dropout(p=0.0, inplace=False)
        (proj): Linear(in_features=1024, out_features=1024, bias=True)
        (proj_drop): Dropout(p=0.0, inplace=False)
      )
      (ls1): LayerScale()
      (drop_path1): Identity()
      (norm2): LayerNorm((1024,), eps=1e-06, elementwise_affine=True)
      (mlp): Mlp(
        (fc1): Linear(in_features=1024, out_features=4096, bias=True)
        (act): GELU(approximate='none')
        (drop1): Dropout(p=0.0, inplace=False)
        (norm): Identity()
        (fc2): Linear(in_features=4096, out_features=1024, bias=True)
        (drop2): Dropout(p=0.0, inplace=False)
      )
      (ls2): LayerScale()
      (drop_path2): Identity()
    )
    (9): Block(
      (norm1): LayerNorm((1024,), eps=1e-06, elementwise_affine=True)
      (attn): Attention(
        (qkv): Linear(in_features=1024, out_features=3072, bias=True)
        (q_norm): Identity()
        (k_norm): Identity()
        (attn_drop): Dropout(p=0.0, inplace=False)
        (proj): Linear(in_features=1024, out_features=1024, bias=True)
        (proj_drop): Dropout(p=0.0, inplace=False)
      )
      (ls1): LayerScale()
      (drop_path1): Identity()
      (norm2): LayerNorm((1024,), eps=1e-06, elementwise_affine=True)
      (mlp): Mlp(
        (fc1): Linear(in_features=1024, out_features=4096, bias=True)
        (act): GELU(approximate='none')
        (drop1): Dropout(p=0.0, inplace=False)
        (norm): Identity()
        (fc2): Linear(in_features=4096, out_features=1024, bias=True)
        (drop2): Dropout(p=0.0, inplace=False)
      )
      (ls2): LayerScale()
      (drop_path2): Identity()
    )
    (10): Block(
      (norm1): LayerNorm((1024,), eps=1e-06, elementwise_affine=True)
      (attn): Attention(
        (qkv): Linear(in_features=1024, out_features=3072, bias=True)
        (q_norm): Identity()
        (k_norm): Identity()
        (attn_drop): Dropout(p=0.0, inplace=False)
        (proj): Linear(in_features=1024, out_features=1024, bias=True)
        (proj_drop): Dropout(p=0.0, inplace=False)
      )
      (ls1): LayerScale()
      (drop_path1): Identity()
      (norm2): LayerNorm((1024,), eps=1e-06, elementwise_affine=True)
      (mlp): Mlp(
        (fc1): Linear(in_features=1024, out_features=4096, bias=True)
        (act): GELU(approximate='none')
        (drop1): Dropout(p=0.0, inplace=False)
        (norm): Identity()
        (fc2): Linear(in_features=4096, out_features=1024, bias=True)
        (drop2): Dropout(p=0.0, inplace=False)
      )
      (ls2): LayerScale()
      (drop_path2): Identity()
    )
    (11): Block(
      (norm1): LayerNorm((1024,), eps=1e-06, elementwise_affine=True)
      (attn): Attention(
        (qkv): Linear(in_features=1024, out_features=3072, bias=True)
        (q_norm): Identity()
        (k_norm): Identity()
        (attn_drop): Dropout(p=0.0, inplace=False)
        (proj): Linear(in_features=1024, out_features=1024, bias=True)
        (proj_drop): Dropout(p=0.0, inplace=False)
      )
      (ls1): LayerScale()
      (drop_path1): Identity()
      (norm2): LayerNorm((1024,), eps=1e-06, elementwise_affine=True)
      (mlp): Mlp(
        (fc1): Linear(in_features=1024, out_features=4096, bias=True)
        (act): GELU(approximate='none')
        (drop1): Dropout(p=0.0, inplace=False)
        (norm): Identity()
        (fc2): Linear(in_features=4096, out_features=1024, bias=True)
        (drop2): Dropout(p=0.0, inplace=False)
      )
      (ls2): LayerScale()
      (drop_path2): Identity()
    )
    (12): Block(
      (norm1): LayerNorm((1024,), eps=1e-06, elementwise_affine=True)
      (attn): Attention(
        (qkv): Linear(in_features=1024, out_features=3072, bias=True)
        (q_norm): Identity()
        (k_norm): Identity()
        (attn_drop): Dropout(p=0.0, inplace=False)
        (proj): Linear(in_features=1024, out_features=1024, bias=True)
        (proj_drop): Dropout(p=0.0, inplace=False)
      )
      (ls1): LayerScale()
      (drop_path1): Identity()
      (norm2): LayerNorm((1024,), eps=1e-06, elementwise_affine=True)
      (mlp): Mlp(
        (fc1): Linear(in_features=1024, out_features=4096, bias=True)
        (act): GELU(approximate='none')
        (drop1): Dropout(p=0.0, inplace=False)
        (norm): Identity()
        (fc2): Linear(in_features=4096, out_features=1024, bias=True)
        (drop2): Dropout(p=0.0, inplace=False)
      )
      (ls2): LayerScale()
      (drop_path2): Identity()
    )
    (13): Block(
      (norm1): LayerNorm((1024,), eps=1e-06, elementwise_affine=True)
      (attn): Attention(
        (qkv): Linear(in_features=1024, out_features=3072, bias=True)
        (q_norm): Identity()
        (k_norm): Identity()
        (attn_drop): Dropout(p=0.0, inplace=False)
        (proj): Linear(in_features=1024, out_features=1024, bias=True)
        (proj_drop): Dropout(p=0.0, inplace=False)
      )
      (ls1): LayerScale()
      (drop_path1): Identity()
      (norm2): LayerNorm((1024,), eps=1e-06, elementwise_affine=True)
      (mlp): Mlp(
        (fc1): Linear(in_features=1024, out_features=4096, bias=True)
        (act): GELU(approximate='none')
        (drop1): Dropout(p=0.0, inplace=False)
        (norm): Identity()
        (fc2): Linear(in_features=4096, out_features=1024, bias=True)
        (drop2): Dropout(p=0.0, inplace=False)
      )
      (ls2): LayerScale()
      (drop_path2): Identity()
    )
    (14): Block(
      (norm1): LayerNorm((1024,), eps=1e-06, elementwise_affine=True)
      (attn): Attention(
        (qkv): Linear(in_features=1024, out_features=3072, bias=True)
        (q_norm): Identity()
        (k_norm): Identity()
        (attn_drop): Dropout(p=0.0, inplace=False)
        (proj): Linear(in_features=1024, out_features=1024, bias=True)
        (proj_drop): Dropout(p=0.0, inplace=False)
      )
      (ls1): LayerScale()
      (drop_path1): Identity()
      (norm2): LayerNorm((1024,), eps=1e-06, elementwise_affine=True)
      (mlp): Mlp(
        (fc1): Linear(in_features=1024, out_features=4096, bias=True)
        (act): GELU(approximate='none')
        (drop1): Dropout(p=0.0, inplace=False)
        (norm): Identity()
        (fc2): Linear(in_features=4096, out_features=1024, bias=True)
        (drop2): Dropout(p=0.0, inplace=False)
      )
      (ls2): LayerScale()
      (drop_path2): Identity()
    )
    (15): Block(
      (norm1): LayerNorm((1024,), eps=1e-06, elementwise_affine=True)
      (attn): Attention(
        (qkv): Linear(in_features=1024, out_features=3072, bias=True)
        (q_norm): Identity()
        (k_norm): Identity()
        (attn_drop): Dropout(p=0.0, inplace=False)
        (proj): Linear(in_features=1024, out_features=1024, bias=True)
        (proj_drop): Dropout(p=0.0, inplace=False)
      )
      (ls1): LayerScale()
      (drop_path1): Identity()
      (norm2): LayerNorm((1024,), eps=1e-06, elementwise_affine=True)
      (mlp): Mlp(
        (fc1): Linear(in_features=1024, out_features=4096, bias=True)
        (act): GELU(approximate='none')
        (drop1): Dropout(p=0.0, inplace=False)
        (norm): Identity()
        (fc2): Linear(in_features=4096, out_features=1024, bias=True)
        (drop2): Dropout(p=0.0, inplace=False)
      )
      (ls2): LayerScale()
      (drop_path2): Identity()
    )
    (16): Block(
      (norm1): LayerNorm((1024,), eps=1e-06, elementwise_affine=True)
      (attn): Attention(
        (qkv): Linear(in_features=1024, out_features=3072, bias=True)
        (q_norm): Identity()
        (k_norm): Identity()
        (attn_drop): Dropout(p=0.0, inplace=False)
        (proj): Linear(in_features=1024, out_features=1024, bias=True)
        (proj_drop): Dropout(p=0.0, inplace=False)
      )
      (ls1): LayerScale()
      (drop_path1): Identity()
      (norm2): LayerNorm((1024,), eps=1e-06, elementwise_affine=True)
      (mlp): Mlp(
        (fc1): Linear(in_features=1024, out_features=4096, bias=True)
        (act): GELU(approximate='none')
        (drop1): Dropout(p=0.0, inplace=False)
        (norm): Identity()
        (fc2): Linear(in_features=4096, out_features=1024, bias=True)
        (drop2): Dropout(p=0.0, inplace=False)
      )
      (ls2): LayerScale()
      (drop_path2): Identity()
    )
    (17): Block(
      (norm1): LayerNorm((1024,), eps=1e-06, elementwise_affine=True)
      (attn): Attention(
        (qkv): Linear(in_features=1024, out_features=3072, bias=True)
        (q_norm): Identity()
        (k_norm): Identity()
        (attn_drop): Dropout(p=0.0, inplace=False)
        (proj): Linear(in_features=1024, out_features=1024, bias=True)
        (proj_drop): Dropout(p=0.0, inplace=False)
      )
      (ls1): LayerScale()
      (drop_path1): Identity()
      (norm2): LayerNorm((1024,), eps=1e-06, elementwise_affine=True)
      (mlp): Mlp(
        (fc1): Linear(in_features=1024, out_features=4096, bias=True)
        (act): GELU(approximate='none')
        (drop1): Dropout(p=0.0, inplace=False)
        (norm): Identity()
        (fc2): Linear(in_features=4096, out_features=1024, bias=True)
        (drop2): Dropout(p=0.0, inplace=False)
      )
      (ls2): LayerScale()
      (drop_path2): Identity()
    )
    (18): Block(
      (norm1): LayerNorm((1024,), eps=1e-06, elementwise_affine=True)
      (attn): Attention(
        (qkv): Linear(in_features=1024, out_features=3072, bias=True)
        (q_norm): Identity()
        (k_norm): Identity()
        (attn_drop): Dropout(p=0.0, inplace=False)
        (proj): Linear(in_features=1024, out_features=1024, bias=True)
        (proj_drop): Dropout(p=0.0, inplace=False)
      )
      (ls1): LayerScale()
      (drop_path1): Identity()
      (norm2): LayerNorm((1024,), eps=1e-06, elementwise_affine=True)
      (mlp): Mlp(
        (fc1): Linear(in_features=1024, out_features=4096, bias=True)
        (act): GELU(approximate='none')
        (drop1): Dropout(p=0.0, inplace=False)
        (norm): Identity()
        (fc2): Linear(in_features=4096, out_features=1024, bias=True)
        (drop2): Dropout(p=0.0, inplace=False)
      )
      (ls2): LayerScale()
      (drop_path2): Identity()
    )
    (19): Block(
      (norm1): LayerNorm((1024,), eps=1e-06, elementwise_affine=True)
      (attn): Attention(
        (qkv): Linear(in_features=1024, out_features=3072, bias=True)
        (q_norm): Identity()
        (k_norm): Identity()
        (attn_drop): Dropout(p=0.0, inplace=False)
        (proj): Linear(in_features=1024, out_features=1024, bias=True)
        (proj_drop): Dropout(p=0.0, inplace=False)
      )
      (ls1): LayerScale()
      (drop_path1): Identity()
      (norm2): LayerNorm((1024,), eps=1e-06, elementwise_affine=True)
      (mlp): Mlp(
        (fc1): Linear(in_features=1024, out_features=4096, bias=True)
        (act): GELU(approximate='none')
        (drop1): Dropout(p=0.0, inplace=False)
        (norm): Identity()
        (fc2): Linear(in_features=4096, out_features=1024, bias=True)
        (drop2): Dropout(p=0.0, inplace=False)
      )
      (ls2): LayerScale()
      (drop_path2): Identity()
    )
    (20): Block(
      (norm1): LayerNorm((1024,), eps=1e-06, elementwise_affine=True)
      (attn): Attention(
        (qkv): Linear(in_features=1024, out_features=3072, bias=True)
        (q_norm): Identity()
        (k_norm): Identity()
        (attn_drop): Dropout(p=0.0, inplace=False)
        (proj): Linear(in_features=1024, out_features=1024, bias=True)
        (proj_drop): Dropout(p=0.0, inplace=False)
      )
      (ls1): LayerScale()
      (drop_path1): Identity()
      (norm2): LayerNorm((1024,), eps=1e-06, elementwise_affine=True)
      (mlp): Mlp(
        (fc1): Linear(in_features=1024, out_features=4096, bias=True)
        (act): GELU(approximate='none')
        (drop1): Dropout(p=0.0, inplace=False)
        (norm): Identity()
        (fc2): Linear(in_features=4096, out_features=1024, bias=True)
        (drop2): Dropout(p=0.0, inplace=False)
      )
      (ls2): LayerScale()
      (drop_path2): Identity()
    )
    (21): Block(
      (norm1): LayerNorm((1024,), eps=1e-06, elementwise_affine=True)
      (attn): Attention(
        (qkv): Linear(in_features=1024, out_features=3072, bias=True)
        (q_norm): Identity()
        (k_norm): Identity()
        (attn_drop): Dropout(p=0.0, inplace=False)
        (proj): Linear(in_features=1024, out_features=1024, bias=True)
        (proj_drop): Dropout(p=0.0, inplace=False)
      )
      (ls1): LayerScale()
      (drop_path1): Identity()
      (norm2): LayerNorm((1024,), eps=1e-06, elementwise_affine=True)
      (mlp): Mlp(
        (fc1): Linear(in_features=1024, out_features=4096, bias=True)
        (act): GELU(approximate='none')
        (drop1): Dropout(p=0.0, inplace=False)
        (norm): Identity()
        (fc2): Linear(in_features=4096, out_features=1024, bias=True)
        (drop2): Dropout(p=0.0, inplace=False)
      )
      (ls2): LayerScale()
      (drop_path2): Identity()
    )
    (22): Block(
      (norm1): LayerNorm((1024,), eps=1e-06, elementwise_affine=True)
      (attn): Attention(
        (qkv): Linear(in_features=1024, out_features=3072, bias=True)
        (q_norm): Identity()
        (k_norm): Identity()
        (attn_drop): Dropout(p=0.0, inplace=False)
        (proj): Linear(in_features=1024, out_features=1024, bias=True)
        (proj_drop): Dropout(p=0.0, inplace=False)
      )
      (ls1): LayerScale()
      (drop_path1): Identity()
      (norm2): LayerNorm((1024,), eps=1e-06, elementwise_affine=True)
      (mlp): Mlp(
        (fc1): Linear(in_features=1024, out_features=4096, bias=True)
        (act): GELU(approximate='none')
        (drop1): Dropout(p=0.0, inplace=False)
        (norm): Identity()
        (fc2): Linear(in_features=4096, out_features=1024, bias=True)
        (drop2): Dropout(p=0.0, inplace=False)
      )
      (ls2): LayerScale()
      (drop_path2): Identity()
    )
    (23): Block(
      (norm1): LayerNorm((1024,), eps=1e-06, elementwise_affine=True)
      (attn): Attention(
        (qkv): Linear(in_features=1024, out_features=3072, bias=True)
        (q_norm): Identity()
        (k_norm): Identity()
        (attn_drop): Dropout(p=0.0, inplace=False)
        (proj): Linear(in_features=1024, out_features=1024, bias=True)
        (proj_drop): Dropout(p=0.0, inplace=False)
      )
      (ls1): LayerScale()
      (drop_path1): Identity()
      (norm2): LayerNorm((1024,), eps=1e-06, elementwise_affine=True)
      (mlp): Mlp(
        (fc1): Linear(in_features=1024, out_features=4096, bias=True)
        (act): GELU(approximate='none')
        (drop1): Dropout(p=0.0, inplace=False)
        (norm): Identity()
        (fc2): Linear(in_features=4096, out_features=1024, bias=True)
        (drop2): Dropout(p=0.0, inplace=False)
      )
      (ls2): LayerScale()
      (drop_path2): Identity()
    )
  )
  (norm): LayerNorm((1024,), eps=1e-06, elementwise_affine=True)
  (fc_norm): Identity()
  (head_drop): Dropout(p=0.0, inplace=False)
  (head): Identity()
)
model successfully loading!!
---------------l=1049,r=2098--------------

progress: 1049/3148
/home/graduate2024/data_TCGA/TCGA_LUAD/TCGA-05-4415-01A-02-BS2.a7e9ec2e-fda7-4d40-a58c-7d8f49868eca/Medium
processing a total of 6 batches

computing features for /home/graduate2024/data_new/TCGA_LUAD_Feature_d1024/all_features/h5_files/TCGA-05-4415-01A-02-BS2.a7e9ec2e-fda7-4d40-a58c-7d8f49868eca.h5 took 158.97863841056824 s

progress: 1050/3148
/home/graduate2024/data_TCGA/TCGA_LUAD/TCGA-50-6673-01A-01-TS1.155752fd-058d-4445-a361-0c59a4e9151c/Medium
processing a total of 8 batches

computing features for /home/graduate2024/data_new/TCGA_LUAD_Feature_d1024/all_features/h5_files/TCGA-50-6673-01A-01-TS1.155752fd-058d-4445-a361-0c59a4e9151c.h5 took 229.53803706169128 s

progress: 1051/3148
/home/graduate2024/data_TCGA/TCGA_LUAD/TCGA-MP-A4T9-01A-01-TSA.B7A40984-AD7A-4BBD-8BEB-AF66CB6B8382/Medium
processing a total of 6 batches

computing features for /home/graduate2024/data_new/TCGA_LUAD_Feature_d1024/all_features/h5_files/TCGA-MP-A4T9-01A-01-TSA.B7A40984-AD7A-4BBD-8BEB-AF66CB6B8382.h5 took 143.07491207122803 s

progress: 1052/3148
/home/graduate2024/data_TCGA/TCGA_LUAD/TCGA-O2-A52V-01A-03-TSC.BA28F714-8AEE-47B6-8442-E990357446CB/Medium
processing a total of 5 batches

computing features for /home/graduate2024/data_new/TCGA_LUAD_Feature_d1024/all_features/h5_files/TCGA-O2-A52V-01A-03-TSC.BA28F714-8AEE-47B6-8442-E990357446CB.h5 took 143.51120114326477 s

progress: 1053/3148
/home/graduate2024/data_TCGA/TCGA_LUAD/TCGA-73-4658-11A-01-BS1.be9f1c69-b3bf-4562-80b7-f01e1e155219/Medium
processing a total of 6 batches

computing features for /home/graduate2024/data_new/TCGA_LUAD_Feature_d1024/all_features/h5_files/TCGA-73-4658-11A-01-BS1.be9f1c69-b3bf-4562-80b7-f01e1e155219.h5 took 160.07177758216858 s

progress: 1054/3148
/home/graduate2024/data_TCGA/TCGA_LUAD/TCGA-44-6147-11A-02-TS2.8E142081-7AA9-4B36-BBA2-A4616292B45A/Medium
processing a total of 1 batches

computing features for /home/graduate2024/data_new/TCGA_LUAD_Feature_d1024/all_features/h5_files/TCGA-44-6147-11A-02-TS2.8E142081-7AA9-4B36-BBA2-A4616292B45A.h5 took 24.614862203598022 s

progress: 1055/3148
/home/graduate2024/data_TCGA/TCGA_LUAD/TCGA-56-8629-11A-01-TS1.7886338a-ece0-412e-8ed9-60b14c1f1992/Medium
processing a total of 1 batches

computing features for /home/graduate2024/data_new/TCGA_LUAD_Feature_d1024/all_features/h5_files/TCGA-56-8629-11A-01-TS1.7886338a-ece0-412e-8ed9-60b14c1f1992.h5 took 28.187439918518066 s

progress: 1056/3148
/home/graduate2024/data_TCGA/TCGA_LUAD/TCGA-56-7579-01A-01-TS1.64f53d8d-20c1-45ae-b449-06dcf5415b68/Medium
processing a total of 3 batches

computing features for /home/graduate2024/data_new/TCGA_LUAD_Feature_d1024/all_features/h5_files/TCGA-56-7579-01A-01-TS1.64f53d8d-20c1-45ae-b449-06dcf5415b68.h5 took 79.63633322715759 s

progress: 1057/3148
/home/graduate2024/data_TCGA/TCGA_LUAD/TCGA-05-4382-01Z-00-DX1.76b49a4c-dbbb-48b0-b677-6d3037e5ce88/Medium
processing a total of 23 batches

computing features for /home/graduate2024/data_new/TCGA_LUAD_Feature_d1024/all_features/h5_files/TCGA-05-4382-01Z-00-DX1.76b49a4c-dbbb-48b0-b677-6d3037e5ce88.h5 took 686.0252804756165 s

progress: 1058/3148
/home/graduate2024/data_TCGA/TCGA_LUAD/TCGA-85-7950-01A-01-BS1.935598a3-82b5-4c79-b1ad-ef3a2fc639fe/Medium
processing a total of 41 batches

computing features for /home/graduate2024/data_new/TCGA_LUAD_Feature_d1024/all_features/h5_files/TCGA-85-7950-01A-01-BS1.935598a3-82b5-4c79-b1ad-ef3a2fc639fe.h5 took 1216.2455394268036 s

progress: 1059/3148
/home/graduate2024/data_TCGA/TCGA_LUAD/TCGA-78-7145-01A-01-BS1.de42c8f6-2871-4fc8-8697-5ed488970dfb/Medium
processing a total of 4 batches

computing features for /home/graduate2024/data_new/TCGA_LUAD_Feature_d1024/all_features/h5_files/TCGA-78-7145-01A-01-BS1.de42c8f6-2871-4fc8-8697-5ed488970dfb.h5 took 112.48280334472656 s

progress: 1060/3148
/home/graduate2024/data_TCGA/TCGA_LUAD/TCGA-86-6851-01A-01-TS1.17b19b68-834e-46da-9b9b-be5fd84e60b2/Medium
processing a total of 6 batches

computing features for /home/graduate2024/data_new/TCGA_LUAD_Feature_d1024/all_features/h5_files/TCGA-86-6851-01A-01-TS1.17b19b68-834e-46da-9b9b-be5fd84e60b2.h5 took 194.0364761352539 s

progress: 1061/3148
/home/graduate2024/data_TCGA/TCGA_LUAD/TCGA-50-5946-01A-01-TS1.170a5930-074d-41cc-a426-a0bcb9a47054/Medium
processing a total of 15 batches

computing features for /home/graduate2024/data_new/TCGA_LUAD_Feature_d1024/all_features/h5_files/TCGA-50-5946-01A-01-TS1.170a5930-074d-41cc-a426-a0bcb9a47054.h5 took 450.09363317489624 s

progress: 1062/3148
/home/graduate2024/data_TCGA/TCGA_LUAD/TCGA-33-4587-11A-01-BS1.649dc3bb-c188-40ca-a868-8602b8167f5a/Medium
processing a total of 6 batches

computing features for /home/graduate2024/data_new/TCGA_LUAD_Feature_d1024/all_features/h5_files/TCGA-33-4587-11A-01-BS1.649dc3bb-c188-40ca-a868-8602b8167f5a.h5 took 189.7597999572754 s

progress: 1063/3148
/home/graduate2024/data_TCGA/TCGA_LUAD/TCGA-05-4382-01A-01-TS1.8db4f123-fdc3-419c-a59d-fca2ca83a597/Medium
processing a total of 6 batches

computing features for /home/graduate2024/data_new/TCGA_LUAD_Feature_d1024/all_features/h5_files/TCGA-05-4382-01A-01-TS1.8db4f123-fdc3-419c-a59d-fca2ca83a597.h5 took 188.91513681411743 s

progress: 1064/3148
/home/graduate2024/data_TCGA/TCGA_LUAD/TCGA-49-6767-01A-01-TS1.a37e2710-4f87-40d1-8601-19fbeb5a1f03/Medium
processing a total of 7 batches

computing features for /home/graduate2024/data_new/TCGA_LUAD_Feature_d1024/all_features/h5_files/TCGA-49-6767-01A-01-TS1.a37e2710-4f87-40d1-8601-19fbeb5a1f03.h5 took 178.90260672569275 s

progress: 1065/3148
/home/graduate2024/data_TCGA/TCGA_LUAD/TCGA-85-A5B5-01A-02-TSB.0EA8B0D0-478D-4601-AE47-1525A3B4A5AF/Medium
processing a total of 6 batches

computing features for /home/graduate2024/data_new/TCGA_LUAD_Feature_d1024/all_features/h5_files/TCGA-85-A5B5-01A-02-TSB.0EA8B0D0-478D-4601-AE47-1525A3B4A5AF.h5 took 175.8794813156128 s

progress: 1066/3148
/home/graduate2024/data_TCGA/TCGA_LUAD/TCGA-55-1596-01Z-00-DX1.de65522d-92ab-408e-9b7e-24210d386b97/Medium
processing a total of 25 batches

computing features for /home/graduate2024/data_new/TCGA_LUAD_Feature_d1024/all_features/h5_files/TCGA-55-1596-01Z-00-DX1.de65522d-92ab-408e-9b7e-24210d386b97.h5 took 745.830607175827 s

progress: 1067/3148
/home/graduate2024/data_TCGA/TCGA_LUAD/TCGA-66-2758-11A-01-TS1.5e32f97b-cc04-4780-9e0f-19f9fd0b0f9d/Medium
processing a total of 2 batches

computing features for /home/graduate2024/data_new/TCGA_LUAD_Feature_d1024/all_features/h5_files/TCGA-66-2758-11A-01-TS1.5e32f97b-cc04-4780-9e0f-19f9fd0b0f9d.h5 took 53.53322458267212 s

progress: 1068/3148
/home/graduate2024/data_TCGA/TCGA_LUAD/TCGA-33-4547-01Z-00-DX2.a864126e-e46c-4ce4-a3d5-792f35ccaa80/Medium
processing a total of 45 batches

computing features for /home/graduate2024/data_new/TCGA_LUAD_Feature_d1024/all_features/h5_files/TCGA-33-4547-01Z-00-DX2.a864126e-e46c-4ce4-a3d5-792f35ccaa80.h5 took 1331.9308824539185 s

progress: 1069/3148
/home/graduate2024/data_TCGA/TCGA_LUAD/TCGA-97-8171-01Z-00-DX1.a55cbfd1-6674-4206-b3e0-2a4f12a74e5d/Medium
processing a total of 39 batches
